#
# There is insufficient memory for the Java Runtime Environment to continue.
# Native memory allocation (mmap) failed to map 106954752 bytes for committing reserved memory.
# Possible reasons:
#   The system is out of physical RAM or swap space
#   In 32 bit mode, the process size limit was hit
# Possible solutions:
#   Reduce memory load on the system
#   Increase physical memory or swap space
#   Check if swap backing store is full
#   Use 64 bit Java on a 64 bit OS
#   Decrease Java heap size (-Xmx/-Xms)
#   Decrease number of Java threads
#   Decrease Java thread stack sizes (-Xss)
#   Set larger code cache with -XX:ReservedCodeCacheSize=
# This output file may be truncated or incomplete.
#
#  Out of Memory Error (os_linux.cpp:2627), pid=27214, tid=0x00007f050ba6f700
#
# JRE version: Java(TM) SE Runtime Environment (8.0_101-b13) (build 1.8.0_101-b13)
# Java VM: Java HotSpot(TM) 64-Bit Server VM (25.101-b13 mixed mode linux-amd64 compressed oops)
# Failed to write core dump. Core dumps have been disabled. To enable core dumping, try "ulimit -c unlimited" before starting Java again
#

---------------  T H R E A D  ---------------

Current thread (0x00007f0530077800):  VMThread [stack: 0x00007f050b96f000,0x00007f050ba70000] [id=27222]

Stack: [0x00007f050b96f000,0x00007f050ba70000],  sp=0x00007f050ba6e200,  free space=1020k
Native frames: (J=compiled Java code, j=interpreted, Vv=VM code, C=native code)
V  [libjvm.so+0xac3f0a]  VMError::report_and_die()+0x2ba
V  [libjvm.so+0x4fbf9b]  report_vm_out_of_memory(char const*, int, unsigned long, VMErrorType, char const*)+0x8b
V  [libjvm.so+0x9222d3]  os::Linux::commit_memory_impl(char*, unsigned long, bool)+0x103
V  [libjvm.so+0x922829]  os::pd_commit_memory(char*, unsigned long, unsigned long, bool)+0x29
V  [libjvm.so+0x91cb2a]  os::commit_memory(char*, unsigned long, unsigned long, bool)+0x2a
V  [libjvm.so+0x991053]  PSVirtualSpace::expand_by(unsigned long)+0x53
V  [libjvm.so+0x992458]  PSYoungGen::resize_generation(unsigned long, unsigned long)+0xf8
V  [libjvm.so+0x9915b2]  PSYoungGen::resize(unsigned long, unsigned long)+0x22
V  [libjvm.so+0x98e88b]  PSScavenge::invoke_no_policy()+0xf3b
V  [libjvm.so+0x989b35]  PSParallelCompact::invoke(bool)+0x85
V  [libjvm.so+0x482ad4]  CollectedHeap::collect_as_vm_thread(GCCause::Cause)+0x114
V  [libjvm.so+0xac5381]  VM_CollectForMetadataAllocation::doit()+0x161
V  [libjvm.so+0xacd405]  VM_Operation::evaluate()+0x55
V  [libjvm.so+0xacb7da]  VMThread::evaluate_operation(VM_Operation*)+0xba
V  [libjvm.so+0xacbb5e]  VMThread::loop()+0x1ce
V  [libjvm.so+0xacbfd0]  VMThread::run()+0x70
V  [libjvm.so+0x924698]  java_start(Thread*)+0x108

VM_Operation (0x00007f05371966b0): CollectForMetadataAllocation, mode: safepoint, requested by thread 0x00007f053000a000


---------------  P R O C E S S  ---------------

Java Threads: ( => current thread )
  0x00007f053060d800 JavaThread "process reaper" daemon [_thread_blocked, id=27233, stack(0x00007f050a99e000,0x00007f050a9d7000)]
  0x00007f05300c8800 JavaThread "Service Thread" daemon [_thread_blocked, id=27229, stack(0x00007f050af8e000,0x00007f050b08f000)]
  0x00007f05300bd000 JavaThread "C1 CompilerThread2" daemon [_thread_blocked, id=27228, stack(0x00007f050b08f000,0x00007f050b190000)]
  0x00007f05300bb800 JavaThread "C2 CompilerThread1" daemon [_thread_blocked, id=27227, stack(0x00007f050b190000,0x00007f050b291000)]
  0x00007f05300b8800 JavaThread "C2 CompilerThread0" daemon [_thread_blocked, id=27226, stack(0x00007f050b291000,0x00007f050b392000)]
  0x00007f05300b7000 JavaThread "Signal Dispatcher" daemon [_thread_blocked, id=27225, stack(0x00007f050b392000,0x00007f050b493000)]
  0x00007f0530084000 JavaThread "Finalizer" daemon [_thread_blocked, id=27224, stack(0x00007f050b76d000,0x00007f050b86e000)]
  0x00007f053007f800 JavaThread "Reference Handler" daemon [_thread_blocked, id=27223, stack(0x00007f050b86e000,0x00007f050b96f000)]
  0x00007f053000a000 JavaThread "main" [_thread_blocked, id=27217, stack(0x00007f053709f000,0x00007f05371a0000)]

Other Threads:
=>0x00007f0530077800 VMThread [stack: 0x00007f050b96f000,0x00007f050ba70000] [id=27222]
  0x00007f05300cb000 WatcherThread [stack: 0x00007f050ae8d000,0x00007f050af8e000] [id=27230]

VM state:at safepoint (normal execution)

VM Mutex/Monitor currently owned by a thread:  ([mutex/lock_event])
[0x00007f05300061e0] Threads_lock - owner thread: 0x00007f0530077800
[0x00007f05300066e0] Heap_lock - owner thread: 0x00007f053000a000

Heap:
 PSYoungGen      total 102912K, used 7144K [0x00000000e1600000, 0x00000000e8200000, 0x0000000100000000)
  eden space 95744K, 0% used [0x00000000e1600000,0x00000000e1600000,0x00000000e7380000)
  from space 7168K, 99% used [0x00000000e7380000,0x00000000e7a7a2b0,0x00000000e7a80000)
  to   space 6656K, 0% used [0x00000000e7a80000,0x00000000e7a80000,0x00000000e8100000)
 ParOldGen       total 62976K, used 14740K [0x00000000a4200000, 0x00000000a7f80000, 0x00000000e1600000)
  object space 62976K, 23% used [0x00000000a4200000,0x00000000a5065268,0x00000000a7f80000)
 Metaspace       used 20564K, capacity 21116K, committed 21296K, reserved 1069056K
  class space    used 2425K, capacity 2602K, committed 2688K, reserved 1048576K

Card table byte_map: [0x00007f0520960000,0x00007f0520c40000] byte_map_base: 0x00007f052043f000

Marking Bits: (ParMarkBitMap*) 0x00007f0536573120
 Begin Bits: [0x00007f050d210000, 0x00007f050e908000)
 End Bits:   [0x00007f050e908000, 0x00007f0510000000)

Polling page: 0x00007f05371c2000

CodeCache: size=245760Kb used=12560Kb max_used=12573Kb free=233199Kb
 bounds [0x00007f0521000000, 0x00007f0521c50000, 0x00007f0530000000]
 total_blobs=3940 nmethods=3566 adapters=286
 compilation: enabled

Compilation events (10 events):
Event: 7,796 Thread 0x00007f05300bd000 nmethod 3595 0x00007f0521c47350 code [0x00007f0521c47500, 0x00007f0521c47a28]
Event: 7,796 Thread 0x00007f05300bd000 3598       3       com.sun.tools.javac.util.List::isEmpty (13 bytes)
Event: 7,796 Thread 0x00007f05300bd000 nmethod 3598 0x00007f0521c47bd0 code [0x00007f0521c47d40, 0x00007f0521c47ef0]
Event: 7,796 Thread 0x00007f05300bd000 3596       3       com.sun.tools.javac.code.Scope$CompoundScope$CompoundScopeIterator::next (31 bytes)
Event: 7,797 Thread 0x00007f05300bd000 nmethod 3596 0x00007f0521c47f90 code [0x00007f0521c48120, 0x00007f0521c48568]
Event: 7,797 Thread 0x00007f05300bd000 3599       3       com.sun.tools.javac.code.Type$TypeVar::accept (9 bytes)
Event: 7,797 Thread 0x00007f05300bd000 nmethod 3599 0x00007f0521c48690 code [0x00007f0521c48800, 0x00007f0521c48a28]
Event: 7,797 Thread 0x00007f05300bd000 3597       3       com.sun.tools.javac.comp.Check::checkRaw (93 bytes)
Event: 7,799 Thread 0x00007f05300bd000 nmethod 3597 0x00007f0521c48b10 code [0x00007f0521c48d60, 0x00007f0521c49bd8]
Event: 7,812 Thread 0x00007f05300b8800 nmethod 3589 0x00007f0521c4d650 code [0x00007f0521c4d860, 0x00007f0521c4e030]

GC Heap History (10 events):
Event: 1,475 GC heap after
Heap after GC invocations=2 (full 0):
 PSYoungGen      total 27648K, used 3555K [0x00000000e1600000, 0x00000000e4c00000, 0x0000000100000000)
  eden space 24064K, 0% used [0x00000000e1600000,0x00000000e1600000,0x00000000e2d80000)
  from space 3584K, 99% used [0x00000000e3100000,0x00000000e3478c78,0x00000000e3480000)
  to   space 3584K, 0% used [0x00000000e2d80000,0x00000000e2d80000,0x00000000e3100000)
 ParOldGen       total 62976K, used 1390K [0x00000000a4200000, 0x00000000a7f80000, 0x00000000e1600000)
  object space 62976K, 2% used [0x00000000a4200000,0x00000000a435bbb8,0x00000000a7f80000)
 Metaspace       used 9727K, capacity 9960K, committed 10112K, reserved 1058816K
  class space    used 1241K, capacity 1313K, committed 1408K, reserved 1048576K
}
Event: 2,208 GC heap before
{Heap before GC invocations=3 (full 0):
 PSYoungGen      total 27648K, used 27619K [0x00000000e1600000, 0x00000000e4c00000, 0x0000000100000000)
  eden space 24064K, 100% used [0x00000000e1600000,0x00000000e2d80000,0x00000000e2d80000)
  from space 3584K, 99% used [0x00000000e3100000,0x00000000e3478c78,0x00000000e3480000)
  to   space 3584K, 0% used [0x00000000e2d80000,0x00000000e2d80000,0x00000000e3100000)
 ParOldGen       total 62976K, used 1390K [0x00000000a4200000, 0x00000000a7f80000, 0x00000000e1600000)
  object space 62976K, 2% used [0x00000000a4200000,0x00000000a435bbb8,0x00000000a7f80000)
 Metaspace       used 13072K, capacity 13406K, committed 13568K, reserved 1060864K
  class space    used 1602K, capacity 1695K, committed 1792K, reserved 1048576K
Event: 2,232 GC heap after
Heap after GC invocations=3 (full 0):
 PSYoungGen      total 27648K, used 3571K [0x00000000e1600000, 0x00000000e4c00000, 0x0000000100000000)
  eden space 24064K, 0% used [0x00000000e1600000,0x00000000e1600000,0x00000000e2d80000)
  from space 3584K, 99% used [0x00000000e2d80000,0x00000000e30fcc58,0x00000000e3100000)
  to   space 3584K, 0% used [0x00000000e4880000,0x00000000e4880000,0x00000000e4c00000)
 ParOldGen       total 62976K, used 3863K [0x00000000a4200000, 0x00000000a7f80000, 0x00000000e1600000)
  object space 62976K, 6% used [0x00000000a4200000,0x00000000a45c5f68,0x00000000a7f80000)
 Metaspace       used 13072K, capacity 13406K, committed 13568K, reserved 1060864K
  class space    used 1602K, capacity 1695K, committed 1792K, reserved 1048576K
}
Event: 2,703 GC heap before
{Heap before GC invocations=4 (full 0):
 PSYoungGen      total 27648K, used 27635K [0x00000000e1600000, 0x00000000e4c00000, 0x0000000100000000)
  eden space 24064K, 100% used [0x00000000e1600000,0x00000000e2d80000,0x00000000e2d80000)
  from space 3584K, 99% used [0x00000000e2d80000,0x00000000e30fcc58,0x00000000e3100000)
  to   space 3584K, 0% used [0x00000000e4880000,0x00000000e4880000,0x00000000e4c00000)
 ParOldGen       total 62976K, used 3863K [0x00000000a4200000, 0x00000000a7f80000, 0x00000000e1600000)
  object space 62976K, 6% used [0x00000000a4200000,0x00000000a45c5f68,0x00000000a7f80000)
 Metaspace       used 13745K, capacity 14178K, committed 14464K, reserved 1062912K
  class space    used 1685K, capacity 1801K, committed 1920K, reserved 1048576K
Event: 2,725 GC heap after
Heap after GC invocations=4 (full 0):
 PSYoungGen      total 51712K, used 3568K [0x00000000e1600000, 0x00000000e4c00000, 0x0000000100000000)
  eden space 48128K, 0% used [0x00000000e1600000,0x00000000e1600000,0x00000000e4500000)
  from space 3584K, 99% used [0x00000000e4880000,0x00000000e4bfc010,0x00000000e4c00000)
  to   space 3584K, 0% used [0x00000000e4500000,0x00000000e4500000,0x00000000e4880000)
 ParOldGen       total 62976K, used 5717K [0x00000000a4200000, 0x00000000a7f80000, 0x00000000e1600000)
  object space 62976K, 9% used [0x00000000a4200000,0x00000000a4795770,0x00000000a7f80000)
 Metaspace       used 13745K, capacity 14178K, committed 14464K, reserved 1062912K
  class space    used 1685K, capacity 1801K, committed 1920K, reserved 1048576K
}
Event: 3,330 GC heap before
{Heap before GC invocations=5 (full 0):
 PSYoungGen      total 51712K, used 51696K [0x00000000e1600000, 0x00000000e4c00000, 0x0000000100000000)
  eden space 48128K, 100% used [0x00000000e1600000,0x00000000e4500000,0x00000000e4500000)
  from space 3584K, 99% used [0x00000000e4880000,0x00000000e4bfc010,0x00000000e4c00000)
  to   space 3584K, 0% used [0x00000000e4500000,0x00000000e4500000,0x00000000e4880000)
 ParOldGen       total 62976K, used 5717K [0x00000000a4200000, 0x00000000a7f80000, 0x00000000e1600000)
  object space 62976K, 9% used [0x00000000a4200000,0x00000000a4795770,0x00000000a7f80000)
 Metaspace       used 14075K, capacity 14434K, committed 14720K, reserved 1062912K
  class space    used 1690K, capacity 1801K, committed 1920K, reserved 1048576K
Event: 3,357 GC heap after
Heap after GC invocations=5 (full 0):
 PSYoungGen      total 51712K, used 3552K [0x00000000e1600000, 0x00000000e8100000, 0x0000000100000000)
  eden space 48128K, 0% used [0x00000000e1600000,0x00000000e1600000,0x00000000e4500000)
  from space 3584K, 99% used [0x00000000e4500000,0x00000000e4878020,0x00000000e4880000)
  to   space 6656K, 0% used [0x00000000e7a80000,0x00000000e7a80000,0x00000000e8100000)
 ParOldGen       total 62976K, used 7669K [0x00000000a4200000, 0x00000000a7f80000, 0x00000000e1600000)
  object space 62976K, 12% used [0x00000000a4200000,0x00000000a497d770,0x00000000a7f80000)
 Metaspace       used 14075K, capacity 14434K, committed 14720K, reserved 1062912K
  class space    used 1690K, capacity 1801K, committed 1920K, reserved 1048576K
}
Event: 4,572 GC heap before
{Heap before GC invocations=6 (full 0):
 PSYoungGen      total 51712K, used 51680K [0x00000000e1600000, 0x00000000e8100000, 0x0000000100000000)
  eden space 48128K, 100% used [0x00000000e1600000,0x00000000e4500000,0x00000000e4500000)
  from space 3584K, 99% used [0x00000000e4500000,0x00000000e4878020,0x00000000e4880000)
  to   space 6656K, 0% used [0x00000000e7a80000,0x00000000e7a80000,0x00000000e8100000)
 ParOldGen       total 62976K, used 7669K [0x00000000a4200000, 0x00000000a7f80000, 0x00000000e1600000)
  object space 62976K, 12% used [0x00000000a4200000,0x00000000a497d770,0x00000000a7f80000)
 Metaspace       used 15065K, capacity 15544K, committed 15744K, reserved 1062912K
  class space    used 1772K, capacity 1914K, committed 1920K, reserved 1048576K
Event: 4,630 GC heap after
Heap after GC invocations=6 (full 0):
 PSYoungGen      total 102400K, used 6378K [0x00000000e1600000, 0x00000000e8200000, 0x0000000100000000)
  eden space 95744K, 0% used [0x00000000e1600000,0x00000000e1600000,0x00000000e7380000)
  from space 6656K, 95% used [0x00000000e7a80000,0x00000000e80ba9a8,0x00000000e8100000)
  to   space 7168K, 0% used [0x00000000e7380000,0x00000000e7380000,0x00000000e7a80000)
 ParOldGen       total 62976K, used 7677K [0x00000000a4200000, 0x00000000a7f80000, 0x00000000e1600000)
  object space 62976K, 12% used [0x00000000a4200000,0x00000000a497f770,0x00000000a7f80000)
 Metaspace       used 15065K, capacity 15544K, committed 15744K, reserved 1062912K
  class space    used 1772K, capacity 1914K, committed 1920K, reserved 1048576K
}
Event: 7,880 GC heap before
{Heap before GC invocations=7 (full 0):
 PSYoungGen      total 102400K, used 68150K [0x00000000e1600000, 0x00000000e8200000, 0x0000000100000000)
  eden space 95744K, 64% used [0x00000000e1600000,0x00000000e52531c0,0x00000000e7380000)
  from space 6656K, 95% used [0x00000000e7a80000,0x00000000e80ba9a8,0x00000000e8100000)
  to   space 7168K, 0% used [0x00000000e7380000,0x00000000e7380000,0x00000000e7a80000)
 ParOldGen       total 62976K, used 7677K [0x00000000a4200000, 0x00000000a7f80000, 0x00000000e1600000)
  object space 62976K, 12% used [0x00000000a4200000,0x00000000a497f770,0x00000000a7f80000)
 Metaspace       used 20564K, capacity 21116K, committed 21296K, reserved 1069056K
  class space    used 2425K, capacity 2602K, committed 2688K, reserved 1048576K

Deoptimization events (10 events):
Event: 5,594 Thread 0x00007f053000a000 Uncommon trap: reason=bimorphic action=maybe_recompile pc=0x00007f05216ecf4c method=java.util.regex.Pattern$BmpCharProperty.match(Ljava/util/regex/Matcher;ILjava/lang/CharSequence;)Z @ 16
Event: 5,594 Thread 0x00007f053000a000 Uncommon trap: reason=bimorphic action=maybe_recompile pc=0x00007f05216ecf4c method=java.util.regex.Pattern$BmpCharProperty.match(Ljava/util/regex/Matcher;ILjava/lang/CharSequence;)Z @ 16
Event: 5,594 Thread 0x00007f053000a000 Uncommon trap: reason=bimorphic action=maybe_recompile pc=0x00007f05216ecf4c method=java.util.regex.Pattern$BmpCharProperty.match(Ljava/util/regex/Matcher;ILjava/lang/CharSequence;)Z @ 16
Event: 5,645 Thread 0x00007f053000a000 Uncommon trap: reason=unstable_if action=reinterpret pc=0x00007f05212f97a0 method=java.lang.CharacterDataLatin1.isWhitespace(I)Z @ 14
Event: 6,414 Thread 0x00007f053000a000 Uncommon trap: reason=unstable_if action=reinterpret pc=0x00007f0521a5b65c method=com.sun.tools.javac.util.Name$Table.equals([BI[BII)Z @ 22
Event: 6,878 Thread 0x00007f053000a000 Uncommon trap: reason=bimorphic action=maybe_recompile pc=0x00007f05215cb8d4 method=java.util.regex.Pattern$CharProperty.match(Ljava/util/regex/Matcher;ILjava/lang/CharSequence;)Z @ 37
Event: 6,986 Thread 0x00007f053000a000 Uncommon trap: reason=bimorphic action=maybe_recompile pc=0x00007f05215cb8d4 method=java.util.regex.Pattern$CharProperty.match(Ljava/util/regex/Matcher;ILjava/lang/CharSequence;)Z @ 37
Event: 6,993 Thread 0x00007f053000a000 Uncommon trap: reason=bimorphic action=maybe_recompile pc=0x00007f05215cb8d4 method=java.util.regex.Pattern$CharProperty.match(Ljava/util/regex/Matcher;ILjava/lang/CharSequence;)Z @ 37
Event: 7,000 Thread 0x00007f053000a000 Uncommon trap: reason=bimorphic action=maybe_recompile pc=0x00007f05215cb8d4 method=java.util.regex.Pattern$CharProperty.match(Ljava/util/regex/Matcher;ILjava/lang/CharSequence;)Z @ 37
Event: 7,200 Thread 0x00007f053000a000 Uncommon trap: reason=unstable_if action=reinterpret pc=0x00007f0521a901e8 method=com.sun.tools.javac.util.Convert.chars2utf([CI[BII)I @ 35

Internal exceptions (10 events):
Event: 1,979 Thread 0x00007f053000a000 Implicit null exception at 0x00007f05213af675 to 0x00007f05213af859
Event: 1,979 Thread 0x00007f053000a000 Implicit null exception at 0x00007f05211f996f to 0x00007f05211f99d9
Event: 2,133 Thread 0x00007f053000a000 Implicit null exception at 0x00007f05214be279 to 0x00007f05214bec55
Event: 2,551 Thread 0x00007f053000a000 Exception <a 'java/lang/NoClassDefFoundError': org/slf4j/Logger> (0x00000000e249e650) thrown at [/HUDSON3/workspace/8-2-build-linux-amd64/jdk8u101/7261/hotspot/src/share/vm/oops/constantPool.cpp, line 235]
Event: 3,788 Thread 0x00007f053000a000 Exception <a 'java/lang/NoClassDefFoundError': org/slf4j/Logger> (0x00000000e2b15930) thrown at [/HUDSON3/workspace/8-2-build-linux-amd64/jdk8u101/7261/hotspot/src/share/vm/oops/constantPool.cpp, line 235]
Event: 4,110 Thread 0x00007f053000a000 Exception <a 'java/lang/NoClassDefFoundError': org/slf4j/Logger> (0x00000000e33e5f68) thrown at [/HUDSON3/workspace/8-2-build-linux-amd64/jdk8u101/7261/hotspot/src/share/vm/oops/constantPool.cpp, line 235]
Event: 4,920 Thread 0x00007f053000a000 Exception <a 'java/lang/NoClassDefFoundError': org/slf4j/Logger> (0x00000000e18b0350) thrown at [/HUDSON3/workspace/8-2-build-linux-amd64/jdk8u101/7261/hotspot/src/share/vm/oops/constantPool.cpp, line 235]
Event: 5,097 Thread 0x00007f053000a000 Exception <a 'java/lang/ClassNotFoundException': com/sun/tools/javac/api/JavacTool> (0x00000000e1bffc90) thrown at [/HUDSON3/workspace/8-2-build-linux-amd64/jdk8u101/7261/hotspot/src/share/vm/classfile/systemDictionary.cpp, line 210]
Event: 5,808 Thread 0x00007f053000a000 Exception <a 'java/io/FileNotFoundException'> (0x00000000e41bd788) thrown at [/HUDSON3/workspace/8-2-build-linux-amd64/jdk8u101/7261/hotspot/src/share/vm/prims/jni.cpp, line 709]
Event: 5,840 Thread 0x00007f053000a000 Exception <a 'java/io/FileNotFoundException'> (0x00000000e41f2328) thrown at [/HUDSON3/workspace/8-2-build-linux-amd64/jdk8u101/7261/hotspot/src/share/vm/prims/jni.cpp, line 709]

Events (10 events):
Event: 7,814 loading class com/sun/tools/javac/comp/Infer$InferenceContext$2 done
Event: 7,816 loading class com/sun/tools/javac/comp/Infer$LegacyInferenceSteps
Event: 7,816 loading class com/sun/tools/javac/comp/Infer$LegacyInferenceSteps done
Event: 7,820 loading class com/sun/tools/javac/comp/Infer$InferenceStep
Event: 7,820 loading class com/sun/tools/javac/comp/Infer$InferenceStep done
Event: 7,824 loading class com/sun/tools/javac/comp/Infer$InferenceStep$1
Event: 7,824 loading class com/sun/tools/javac/comp/Infer$InferenceStep$1 done
Event: 7,828 loading class com/sun/tools/javac/comp/Infer$InferenceStep$2
Event: 7,828 loading class com/sun/tools/javac/comp/Infer$InferenceStep$2 done
Event: 7,848 Executing VM operation: CollectForMetadataAllocation


Dynamic libraries:
00400000-00401000 r-xp 00000000 08:06 2257362                            /home/christian/jdk1.8.0_101/bin/java
00600000-00601000 rw-p 00000000 08:06 2257362                            /home/christian/jdk1.8.0_101/bin/java
0179e000-017bf000 rw-p 00000000 00:00 0                                  [heap]
a4200000-a7f80000 rw-p 00000000 00:00 0 
a7f80000-e1600000 ---p 00000000 00:00 0 
e1600000-e8200000 rw-p 00000000 00:00 0 
ee800000-100000000 ---p 00000000 00:00 0 
100000000-1002a0000 rw-p 00000000 00:00 0 
1002a0000-140000000 ---p 00000000 00:00 0 
7f04dc000000-7f04dc021000 rw-p 00000000 00:00 0 
7f04dc021000-7f04e0000000 ---p 00000000 00:00 0 
7f04e4000000-7f04e4021000 rw-p 00000000 00:00 0 
7f04e4021000-7f04e8000000 ---p 00000000 00:00 0 
7f04e8000000-7f04e8021000 rw-p 00000000 00:00 0 
7f04e8021000-7f04ec000000 ---p 00000000 00:00 0 
7f04ec000000-7f04ede98000 rw-p 00000000 00:00 0 
7f04ede98000-7f04f0000000 ---p 00000000 00:00 0 
7f04f0000000-7f04f0b97000 rw-p 00000000 00:00 0 
7f04f0b97000-7f04f4000000 ---p 00000000 00:00 0 
7f04f4000000-7f04f4021000 rw-p 00000000 00:00 0 
7f04f4021000-7f04f8000000 ---p 00000000 00:00 0 
7f04f8000000-7f04f8f61000 rw-p 00000000 00:00 0 
7f04f8f61000-7f04fc000000 ---p 00000000 00:00 0 
7f04fc000000-7f04fc021000 rw-p 00000000 00:00 0 
7f04fc021000-7f0500000000 ---p 00000000 00:00 0 
7f0500000000-7f0500021000 rw-p 00000000 00:00 0 
7f0500021000-7f0504000000 ---p 00000000 00:00 0 
7f0504000000-7f050428d000 rw-p 00000000 00:00 0 
7f050428d000-7f0508000000 ---p 00000000 00:00 0 
7f05096f9000-7f0509725000 rw-p 00000000 00:00 0 
7f0509725000-7f05098f9000 ---p 00000000 00:00 0 
7f05098f9000-7f0509900000 r--s 00000000 08:06 1443509                    /usr/lib/x86_64-linux-gnu/gconv/gconv-modules.cache
7f0509900000-7f0509921000 r--p 00000000 08:06 1970033                    /usr/share/locale-langpack/pt_BR/LC_MESSAGES/libc.mo
7f0509b05000-7f0509b27000 r--s 00120000 08:06 2119393                    /home/christian/.m2/repository/javax/javaee-web-api/7.0/javaee-web-api-7.0.jar
7f0509b27000-7f0509b53000 r--s 00318000 08:06 2277781                    /home/christian/.m2/repository/org/primefaces/primefaces/5.3/primefaces-5.3.jar
7f0509b53000-7f0509d53000 rw-p 00000000 00:00 0 
7f0509d53000-7f0509f53000 rw-p 00000000 00:00 0 
7f0509f53000-7f0509fcc000 r--s 010e5000 08:06 2391876                    /home/christian/jdk1.8.0_101/lib/tools.jar
7f0509fcc000-7f0509fcf000 r--s 0001b000 08:06 2261965                    /home/christian/.m2/repository/junit/junit/3.8.2/junit-3.8.2.jar
7f0509fcf000-7f0509fdd000 r--s 0008f000 08:06 3547436                    /home/christian/.m2/repository/com/google/collections/google-collections/1.0/google-collections-1.0.jar
7f0509fdd000-7f0509fde000 r--s 0000a000 08:06 3547435                    /home/christian/.m2/repository/commons-logging/commons-logging-api/1.1/commons-logging-api-1.1.jar
7f0509fde000-7f0509fe5000 r--s 00051000 08:06 3547434                    /home/christian/.m2/repository/log4j/log4j/1.2.12/log4j-1.2.12.jar
7f0509fe5000-7f0509fe9000 r--s 0001d000 08:06 2393958                    /home/christian/.m2/repository/org/apache/xbean/xbean-reflect/3.4/xbean-reflect-3.4.jar
7f0509fe9000-7f0509fea000 r--s 00004000 08:06 3547431                    /home/christian/.m2/repository/org/codehaus/plexus/plexus-compiler-javac/2.2/plexus-compiler-javac-2.2.jar
7f0509fea000-7f0509fec000 r--s 00000000 08:06 3547430                    /home/christian/.m2/repository/org/codehaus/plexus/plexus-compiler-manager/2.2/plexus-compiler-manager-2.2.jar
7f0509fec000-7f0509fee000 r--s 00005000 08:06 3547429                    /home/christian/.m2/repository/org/codehaus/plexus/plexus-compiler-api/2.2/plexus-compiler-api-2.2.jar
7f0509fee000-7f0509ff0000 r--s 00002000 08:06 3547425                    /home/christian/.m2/repository/org/apache/maven/shared/maven-shared-incremental/1.1/maven-shared-incremental-1.1.jar
7f0509ff0000-7f0509ff2000 r--s 00006000 08:06 3547424                    /home/christian/.m2/repository/com/google/code/findbugs/jsr305/2.0.1/jsr305-2.0.1.jar
7f0509ff2000-7f0509ff5000 r--s 00023000 08:06 3547426                    /home/christian/.m2/repository/org/apache/maven/shared/maven-shared-utils/0.1/maven-shared-utils-0.1.jar
7f0509ff5000-7f0509ff9000 r--s 00030000 08:06 3152109                    /home/christian/.m2/repository/org/codehaus/plexus/plexus-utils/1.5.1/plexus-utils-1.5.1.jar
7f0509ff9000-7f0509ffb000 r--s 00009000 08:06 2519709                    /home/christian/.m2/repository/org/apache/maven/plugins/maven-compiler-plugin/3.1/maven-compiler-plugin-3.1.jar
7f0509ffb000-7f0509ffd000 r--s 0000d000 08:06 3547276                    /home/christian/.m2/repository/org/codehaus/plexus/plexus-interpolation/1.13/plexus-interpolation-1.13.jar
7f0509ffd000-7f0509ffe000 r--s 00001000 08:06 3281523                    /home/christian/.m2/repository/org/sonatype/plexus/plexus-build-api/0.0.4/plexus-build-api-0.0.4.jar
7f0509ffe000-7f050a000000 r--s 00009000 08:06 3547273                    /home/christian/.m2/repository/org/apache/maven/shared/maven-filtering/1.0/maven-filtering-1.0.jar
7f050a000000-7f050a001000 r--s 00001000 08:06 3418853                    /home/christian/.m2/repository/org/apache/maven/doxia/doxia-sink-api/1.0-alpha-7/doxia-sink-api-1.0-alpha-7.jar
7f050a001000-7f050a002000 r--s 00002000 08:06 3418852                    /home/christian/.m2/repository/org/apache/maven/reporting/maven-reporting-api/2.0.6/maven-reporting-api-2.0.6.jar
7f050a002000-7f050a004000 r--s 00005000 08:06 2393903                    /home/christian/.m2/repository/org/apache/maven/plugins/maven-resources-plugin/2.5/maven-resources-plugin-2.5.jar
7f050a004000-7f050a012000 r--s 0007f000 08:06 3547212                    /home/christian/.m2/repository/commons-collections/commons-collections/3.2.1/commons-collections-3.2.1.jar
7f050a012000-7f050a017000 r--s 00041000 08:06 3418850                    /home/christian/.m2/repository/commons-lang/commons-lang/2.6/commons-lang-2.6.jar
7f050a017000-7f050a019000 r--s 00006000 08:06 3547210                    /home/christian/.m2/repository/org/apache/maven/shared/maven-invoker/2.0.11/maven-invoker-2.0.11.jar
7f050a019000-7f050a01b000 r--s 00006000 08:06 3547211                    /home/christian/.m2/repository/org/apache/maven/shared/maven-common-artifact-filters/1.4/maven-common-artifact-filters-1.4.jar
7f050a01b000-7f050a01d000 r--s 0000c000 08:06 3547205                    /home/christian/.m2/repository/org/apache/maven/shared/maven-dependency-tree/2.0/maven-dependency-tree-2.0.jar
7f050a01d000-7f050a01f000 r--s 00000000 08:06 3547204                    /home/christian/.m2/repository/org/codehaus/plexus/plexus-component-annotations/1.5.5/plexus-component-annotations-1.5.5.jar
7f050a01f000-7f050a020000 r--s 0000a000 08:06 3547203                    /home/christian/.m2/repository/asm/asm/3.3.1/asm-3.3.1.jar
7f050a020000-7f050a022000 r--s 00005000 08:06 3547202                    /home/christian/.m2/repository/org/apache/maven/shared/maven-dependency-analyzer/1.3/maven-dependency-analyzer-1.3.jar
7f050a022000-7f050a025000 r--s 0000c000 08:06 3547200                    /home/christian/.m2/repository/org/codehaus/plexus/plexus-io/2.0.6/plexus-io-2.0.6.jar
7f050a025000-7f050a028000 r--s 0001b000 08:06 2261963                    /home/christian/.m2/repository/junit/junit/3.8.1/junit-3.8.1.jar
7f050a028000-7f050a02a000 r--s 00008000 08:06 3418844                    /home/christian/.m2/repository/org/apache/maven/shared/maven-shared-io/1.1/maven-shared-io-1.1.jar
7f050a02a000-7f050a02c000 r--s 00008000 08:06 3418845                    /home/christian/.m2/repository/org/apache/maven/shared/file-management/1.2.1/file-management-1.2.1.jar
7f050a02c000-7f050a030000 r--s 00035000 08:06 3418846                    /home/christian/.m2/repository/org/codehaus/plexus/plexus-utils/3.0.9/plexus-utils-3.0.9.jar
7f050a030000-7f050a035000 r--s 00029000 08:06 3418839                    /home/christian/.m2/repository/org/codehaus/plexus/plexus-archiver/2.2/plexus-archiver-2.2.jar
7f050a035000-7f050a037000 r--s 00004000 08:06 3418838                    /home/christian/.m2/repository/org/apache/maven/doxia/doxia-module-xhtml/1.0/doxia-module-xhtml-1.0.jar
7f050a037000-7f050a038000 r--s 00006000 08:06 3418837                    /home/christian/.m2/repository/org/apache/maven/doxia/doxia-module-xdoc/1.0/doxia-module-xdoc-1.0.jar
7f050a038000-7f050a039000 r--s 00004000 08:06 3418836                    /home/christian/.m2/repository/org/apache/maven/doxia/doxia-module-fml/1.0/doxia-module-fml-1.0.jar
7f050a039000-7f050a03b000 r--s 0000a000 08:06 3418831                    /home/christian/.m2/repository/org/apache/maven/doxia/doxia-module-apt/1.0/doxia-module-apt-1.0.jar
7f050a03b000-7f050a03c000 r--s 0000b000 08:06 3418830                    /home/christian/.m2/repository/org/apache/maven/doxia/doxia-decoration-model/1.0/doxia-decoration-model-1.0.jar
7f050a03c000-7f050a044000 r--s 00058000 08:06 2261961                    /home/christian/.m2/repository/org/apache/velocity/velocity/1.5/velocity-1.5.jar
7f050a044000-7f050a045000 r--s 00001000 08:06 3418829                    /home/christian/.m2/repository/org/codehaus/plexus/plexus-velocity/1.1.7/plexus-velocity-1.1.7.jar
7f050a045000-7f050a046000 r--s 00002000 08:06 3418828                    /home/christian/.m2/repository/org/codehaus/plexus/plexus-i18n/1.0-beta-7/plexus-i18n-1.0-beta-7.jar
7f050a046000-7f050a048000 r--s 0000a000 08:06 3418822                    /home/christian/.m2/repository/org/apache/maven/doxia/doxia-site-renderer/1.0/doxia-site-renderer-1.0.jar
7f050a048000-7f050a049000 r--s 00002000 08:06 3418821                    /home/christian/.m2/repository/org/apache/maven/doxia/doxia-sink-api/1.0/doxia-sink-api-1.0.jar
7f050a049000-7f050a04e000 r--s 00016000 08:06 3418820                    /home/christian/.m2/repository/xml-apis/xml-apis/1.0.b2/xml-apis-1.0.b2.jar
7f050a04e000-7f050a050000 r--s 0000e000 08:06 3418819                    /home/christian/.m2/repository/oro/oro/2.0.8/oro-2.0.8.jar
7f050a050000-7f050a052000 r--s 00008000 08:06 3418818                    /home/christian/.m2/repository/commons-logging/commons-logging/1.0.4/commons-logging-1.0.4.jar
7f050a052000-7f050a056000 r--s 00026000 08:06 3418812                    /home/christian/.m2/repository/commons-digester/commons-digester/1.6/commons-digester-1.6.jar
7f050a056000-7f050a05b000 r--s 0002a000 08:06 3418811                    /home/christian/.m2/repository/commons-beanutils/commons-beanutils/1.7.0/commons-beanutils-1.7.0.jar
7f050a05b000-7f050a05e000 r--s 00014000 08:06 3418810                    /home/christian/.m2/repository/commons-validator/commons-validator/1.2.0/commons-validator-1.2.0.jar
7f050a05e000-7f050a061000 r--s 00018000 08:06 3418809                    /home/christian/.m2/repository/commons-io/commons-io/1.4/commons-io-1.4.jar
7f050a061000-7f050a063000 r--s 00009000 08:06 3418808                    /home/christian/.m2/repository/org/apache/maven/shared/maven-doxia-tools/1.0.2/maven-doxia-tools-1.0.2.jar
7f050a063000-7f050a066000 r--s 0000b000 08:06 3418802                    /home/christian/.m2/repository/org/apache/maven/doxia/doxia-core/1.0/doxia-core-1.0.jar
7f050a066000-7f050a068000 r--s 00004000 08:06 3418800                    /home/christian/.m2/repository/org/apache/maven/reporting/maven-reporting-impl/2.0.5/maven-reporting-impl-2.0.5.jar
7f050a068000-7f050a069000 r--s 00002000 08:06 3418799                    /home/christian/.m2/repository/org/apache/maven/reporting/maven-reporting-api/3.0/maven-reporting-api-3.0.jar
7f050a069000-7f050a06b000 r--s 00002000 08:06 3418801                    /home/christian/.m2/repository/org/codehaus/plexus/plexus-interactivity-api/1.0-alpha-4/plexus-interactivity-api-1.0-alpha-4.jar
7f050a06b000-7f050a06d000 r--s 00006000 08:06 3418798                    /home/christian/.m2/repository/commons-cli/commons-cli/1.0/commons-cli-1.0.jar
7f050a06d000-7f050a070000 r--s 00021000 08:06 2764877                    /home/christian/.m2/repository/org/apache/maven/plugins/maven-dependency-plugin/2.6/maven-dependency-plugin-2.6.jar
7f050a070000-7f050a270000 rw-p 00000000 00:00 0 
7f050a270000-7f050a274000 r--s 00033000 08:06 3547274                    /home/christian/.m2/repository/org/codehaus/plexus/plexus-utils/2.0.5/plexus-utils-2.0.5.jar
7f050a274000-7f050a275000 r--s 00005000 08:06 2889804                    /home/christian/.m2/repository/org/apache/maven/plugins/maven-clean-plugin/2.4.1/maven-clean-plugin-2.4.1.jar
7f050a275000-7f050a286000 r-xp 00000000 08:06 2760935                    /home/christian/jdk1.8.0_101/jre/lib/amd64/libnio.so
7f050a286000-7f050a485000 ---p 00011000 08:06 2760935                    /home/christian/jdk1.8.0_101/jre/lib/amd64/libnio.so
7f050a485000-7f050a486000 rw-p 00010000 08:06 2760935                    /home/christian/jdk1.8.0_101/jre/lib/amd64/libnio.so
7f050a486000-7f050a787000 rw-p 00000000 00:00 0 
7f050a787000-7f050a79d000 r-xp 00000000 08:06 2760938                    /home/christian/jdk1.8.0_101/jre/lib/amd64/libnet.so
7f050a79d000-7f050a99d000 ---p 00016000 08:06 2760938                    /home/christian/jdk1.8.0_101/jre/lib/amd64/libnet.so
7f050a99d000-7f050a99e000 rw-p 00016000 08:06 2760938                    /home/christian/jdk1.8.0_101/jre/lib/amd64/libnet.so
7f050a99e000-7f050a9a1000 ---p 00000000 00:00 0 
7f050a9a1000-7f050a9d7000 rw-p 00000000 00:00 0 
7f050a9d7000-7f050a9d8000 r--p 00000000 00:00 0 
7f050a9d8000-7f050abd8000 rw-p 00000000 00:00 0 
7f050abd8000-7f050abdc000 r--s 00097000 08:06 2628939                    /home/christian/jdk1.8.0_101/jre/lib/jsse.jar
7f050abdc000-7f050addc000 rw-p 00000000 00:00 0 
7f050addc000-7f050adde000 r--s 0000c000 08:06 3672201                    /home/christian/netbeans-8.1/java/maven-nblib/netbeans-eventspy.jar
7f050adde000-7f050ade8000 r--s 00116000 08:06 3543282                    /home/christian/jdk1.8.0_101/jre/lib/ext/localedata.jar
7f050ade8000-7f050ae04000 r--s 00393000 08:06 3543295                    /home/christian/jdk1.8.0_101/jre/lib/ext/cldrdata.jar
7f050ae04000-7f050ae10000 r--s 0007b000 08:06 3672219                    /home/christian/netbeans-8.1/java/maven/lib/maven-core-3.0.5.jar
7f050ae10000-7f050ae13000 r--s 00008000 08:06 3672078                    /home/christian/netbeans-8.1/java/maven/lib/maven-settings-builder-3.0.5.jar
7f050ae13000-7f050ae1a000 r--s 0003e000 08:06 3672177                    /home/christian/netbeans-8.1/java/maven/lib/sisu-inject-bean-2.3.0.jar
7f050ae1a000-7f050ae1f000 r--s 00020000 08:06 3672131                    /home/christian/netbeans-8.1/java/maven/lib/maven-model-builder-3.0.5.jar
7f050ae1f000-7f050ae21000 r--s 0000a000 08:06 3672178                    /home/christian/netbeans-8.1/java/maven/lib/maven-plugin-api-3.0.5.jar
7f050ae21000-7f050ae22000 r--s 00003000 08:06 3672213                    /home/christian/netbeans-8.1/java/maven/lib/aether-spi-1.13.1.jar
7f050ae22000-7f050ae24000 r--s 0000b000 08:06 3672193                    /home/christian/netbeans-8.1/java/maven/lib/maven-artifact-3.0.5.jar
7f050ae24000-7f050ae26000 r--s 00006000 08:06 3671983                    /home/christian/netbeans-8.1/java/maven/lib/maven-repository-metadata-3.0.5.jar
7f050ae26000-7f050ae41000 r--s 000e0000 08:06 3672187                    /home/christian/netbeans-8.1/java/maven/lib/wagon-http-2.4-shaded.jar
7f050ae41000-7f050ae5f000 r--s 0014f000 08:06 3672220                    /home/christian/netbeans-8.1/java/maven/lib/sisu-guava-0.9.9.jar
7f050ae5f000-7f050ae8d000 r--s 001c2000 08:06 3672134                    /home/christian/netbeans-8.1/java/maven/lib/ext/wagon-http-2.8-shaded.jar
7f050ae8d000-7f050ae8e000 ---p 00000000 00:00 0 
7f050ae8e000-7f050af8e000 rw-p 00000000 00:00 0 
7f050af8e000-7f050af91000 ---p 00000000 00:00 0 
7f050af91000-7f050b08f000 rw-p 00000000 00:00 0 
7f050b08f000-7f050b092000 ---p 00000000 00:00 0 
7f050b092000-7f050b190000 rw-p 00000000 00:00 0 
7f050b190000-7f050b193000 ---p 00000000 00:00 0 
7f050b193000-7f050b291000 rw-p 00000000 00:00 0 
7f050b291000-7f050b294000 ---p 00000000 00:00 0 
7f050b294000-7f050b392000 rw-p 00000000 00:00 0 
7f050b392000-7f050b395000 ---p 00000000 00:00 0 
7f050b395000-7f050b493000 rw-p 00000000 00:00 0 
7f050b493000-7f050b76d000 r--p 00000000 08:06 1180564                    /usr/lib/locale/locale-archive
7f050b76d000-7f050b770000 ---p 00000000 00:00 0 
7f050b770000-7f050b86e000 rw-p 00000000 00:00 0 
7f050b86e000-7f050b871000 ---p 00000000 00:00 0 
7f050b871000-7f050b96f000 rw-p 00000000 00:00 0 
7f050b96f000-7f050b970000 ---p 00000000 00:00 0 
7f050b970000-7f0510000000 rw-p 00000000 00:00 0 
7f0510000000-7f0510021000 rw-p 00000000 00:00 0 
7f0510021000-7f0514000000 ---p 00000000 00:00 0 
7f0514000000-7f0514021000 rw-p 00000000 00:00 0 
7f0514021000-7f0518000000 ---p 00000000 00:00 0 
7f0518000000-7f0518021000 rw-p 00000000 00:00 0 
7f0518021000-7f051c000000 ---p 00000000 00:00 0 
7f051c000000-7f051c021000 rw-p 00000000 00:00 0 
7f051c021000-7f0520000000 ---p 00000000 00:00 0 
7f0520000000-7f0520001000 r--s 00006000 08:06 3672132                    /home/christian/netbeans-8.1/java/maven/lib/plexus-sec-dispatcher-1.3.jar
7f0520001000-7f0520007000 r--s 0002b000 08:06 3672154                    /home/christian/netbeans-8.1/java/maven/lib/sisu-inject-plexus-2.3.0.jar
7f0520007000-7f052000a000 r--s 0001d000 08:06 3672207                    /home/christian/netbeans-8.1/java/maven/lib/aether-impl-1.13.1.jar
7f052000a000-7f052000d000 r--s 00025000 08:06 3672211                    /home/christian/netbeans-8.1/java/maven/lib/maven-model-3.0.5.jar
7f052000d000-7f052002e000 rw-p 00000000 00:00 0 
7f052002e000-7f0520207000 r--s 03d29000 08:06 2629086                    /home/christian/jdk1.8.0_101/jre/lib/rt.jar
7f0520207000-7f052055c000 rw-p 00000000 00:00 0 
7f052055c000-7f052055d000 ---p 00000000 00:00 0 
7f052055d000-7f052065d000 rw-p 00000000 00:00 0 
7f052065d000-7f052065e000 ---p 00000000 00:00 0 
7f052065e000-7f052075e000 rw-p 00000000 00:00 0 
7f052075e000-7f052075f000 ---p 00000000 00:00 0 
7f052075f000-7f052085f000 rw-p 00000000 00:00 0 
7f052085f000-7f0520860000 ---p 00000000 00:00 0 
7f0520860000-7f052097f000 rw-p 00000000 00:00 0 
7f052097f000-7f0520b4a000 ---p 00000000 00:00 0 
7f0520b4a000-7f0520b80000 rw-p 00000000 00:00 0 
7f0520b80000-7f0520c3f000 ---p 00000000 00:00 0 
7f0520c3f000-7f0520c72000 rw-p 00000000 00:00 0 
7f0520c72000-7f0521000000 ---p 00000000 00:00 0 
7f0521000000-7f0521c50000 rwxp 00000000 00:00 0 
7f0521c50000-7f0530000000 ---p 00000000 00:00 0 
7f0530000000-7f05311fc000 rw-p 00000000 00:00 0 
7f05311fc000-7f0534000000 ---p 00000000 00:00 0 
7f0534000000-7f0534040000 rw-p 00000000 00:00 0 
7f0534040000-7f053420b000 ---p 00000000 00:00 0 
7f053420b000-7f0534225000 r-xp 00000000 08:06 2760934                    /home/christian/jdk1.8.0_101/jre/lib/amd64/libzip.so
7f0534225000-7f0534425000 ---p 0001a000 08:06 2760934                    /home/christian/jdk1.8.0_101/jre/lib/amd64/libzip.so
7f0534425000-7f0534426000 rw-p 0001a000 08:06 2760934                    /home/christian/jdk1.8.0_101/jre/lib/amd64/libzip.so
7f0534426000-7f0534431000 r-xp 00000000 08:06 3422177                    /lib/x86_64-linux-gnu/libnss_files-2.23.so
7f0534431000-7f0534630000 ---p 0000b000 08:06 3422177                    /lib/x86_64-linux-gnu/libnss_files-2.23.so
7f0534630000-7f0534631000 r--p 0000a000 08:06 3422177                    /lib/x86_64-linux-gnu/libnss_files-2.23.so
7f0534631000-7f0534632000 rw-p 0000b000 08:06 3422177                    /lib/x86_64-linux-gnu/libnss_files-2.23.so
7f0534632000-7f0534638000 rw-p 00000000 00:00 0 
7f0534638000-7f0534643000 r-xp 00000000 08:06 3420598                    /lib/x86_64-linux-gnu/libnss_nis-2.23.so
7f0534643000-7f0534842000 ---p 0000b000 08:06 3420598                    /lib/x86_64-linux-gnu/libnss_nis-2.23.so
7f0534842000-7f0534843000 r--p 0000a000 08:06 3420598                    /lib/x86_64-linux-gnu/libnss_nis-2.23.so
7f0534843000-7f0534844000 rw-p 0000b000 08:06 3420598                    /lib/x86_64-linux-gnu/libnss_nis-2.23.so
7f0534844000-7f053485a000 r-xp 00000000 08:06 3422172                    /lib/x86_64-linux-gnu/libnsl-2.23.so
7f053485a000-7f0534a59000 ---p 00016000 08:06 3422172                    /lib/x86_64-linux-gnu/libnsl-2.23.so
7f0534a59000-7f0534a5a000 r--p 00015000 08:06 3422172                    /lib/x86_64-linux-gnu/libnsl-2.23.so
7f0534a5a000-7f0534a5b000 rw-p 00016000 08:06 3422172                    /lib/x86_64-linux-gnu/libnsl-2.23.so
7f0534a5b000-7f0534a5d000 rw-p 00000000 00:00 0 
7f0534a5d000-7f0534a65000 r-xp 00000000 08:06 3422179                    /lib/x86_64-linux-gnu/libnss_compat-2.23.so
7f0534a65000-7f0534c64000 ---p 00008000 08:06 3422179                    /lib/x86_64-linux-gnu/libnss_compat-2.23.so
7f0534c64000-7f0534c65000 r--p 00007000 08:06 3422179                    /lib/x86_64-linux-gnu/libnss_compat-2.23.so
7f0534c65000-7f0534c66000 rw-p 00008000 08:06 3422179                    /lib/x86_64-linux-gnu/libnss_compat-2.23.so
7f0534c66000-7f0534c90000 r-xp 00000000 08:06 2760924                    /home/christian/jdk1.8.0_101/jre/lib/amd64/libjava.so
7f0534c90000-7f0534e90000 ---p 0002a000 08:06 2760924                    /home/christian/jdk1.8.0_101/jre/lib/amd64/libjava.so
7f0534e90000-7f0534e92000 rw-p 0002a000 08:06 2760924                    /home/christian/jdk1.8.0_101/jre/lib/amd64/libjava.so
7f0534e92000-7f0534e9f000 r-xp 00000000 08:06 2760901                    /home/christian/jdk1.8.0_101/jre/lib/amd64/libverify.so
7f0534e9f000-7f053509f000 ---p 0000d000 08:06 2760901                    /home/christian/jdk1.8.0_101/jre/lib/amd64/libverify.so
7f053509f000-7f05350a1000 rw-p 0000d000 08:06 2760901                    /home/christian/jdk1.8.0_101/jre/lib/amd64/libverify.so
7f05350a1000-7f05350a8000 r-xp 00000000 08:06 3422180                    /lib/x86_64-linux-gnu/librt-2.23.so
7f05350a8000-7f05352a7000 ---p 00007000 08:06 3422180                    /lib/x86_64-linux-gnu/librt-2.23.so
7f05352a7000-7f05352a8000 r--p 00006000 08:06 3422180                    /lib/x86_64-linux-gnu/librt-2.23.so
7f05352a8000-7f05352a9000 rw-p 00007000 08:06 3422180                    /lib/x86_64-linux-gnu/librt-2.23.so
7f05352a9000-7f05353b1000 r-xp 00000000 08:06 3422085                    /lib/x86_64-linux-gnu/libm-2.23.so
7f05353b1000-7f05355b0000 ---p 00108000 08:06 3422085                    /lib/x86_64-linux-gnu/libm-2.23.so
7f05355b0000-7f05355b1000 r--p 00107000 08:06 3422085                    /lib/x86_64-linux-gnu/libm-2.23.so
7f05355b1000-7f05355b2000 rw-p 00108000 08:06 3422085                    /lib/x86_64-linux-gnu/libm-2.23.so
7f05355b2000-7f053627d000 r-xp 00000000 08:06 3543261                    /home/christian/jdk1.8.0_101/jre/lib/amd64/server/libjvm.so
7f053627d000-7f053647c000 ---p 00ccb000 08:06 3543261                    /home/christian/jdk1.8.0_101/jre/lib/amd64/server/libjvm.so
7f053647c000-7f0536555000 rw-p 00cca000 08:06 3543261                    /home/christian/jdk1.8.0_101/jre/lib/amd64/server/libjvm.so
7f0536555000-7f05365a0000 rw-p 00000000 00:00 0 
7f05365a0000-7f053675f000 r-xp 00000000 08:06 3422173                    /lib/x86_64-linux-gnu/libc-2.23.so
7f053675f000-7f053695f000 ---p 001bf000 08:06 3422173                    /lib/x86_64-linux-gnu/libc-2.23.so
7f053695f000-7f0536963000 r--p 001bf000 08:06 3422173                    /lib/x86_64-linux-gnu/libc-2.23.so
7f0536963000-7f0536965000 rw-p 001c3000 08:06 3422173                    /lib/x86_64-linux-gnu/libc-2.23.so
7f0536965000-7f0536969000 rw-p 00000000 00:00 0 
7f0536969000-7f053696c000 r-xp 00000000 08:06 3420597                    /lib/x86_64-linux-gnu/libdl-2.23.so
7f053696c000-7f0536b6b000 ---p 00003000 08:06 3420597                    /lib/x86_64-linux-gnu/libdl-2.23.so
7f0536b6b000-7f0536b6c000 r--p 00002000 08:06 3420597                    /lib/x86_64-linux-gnu/libdl-2.23.so
7f0536b6c000-7f0536b6d000 rw-p 00003000 08:06 3420597                    /lib/x86_64-linux-gnu/libdl-2.23.so
7f0536b6d000-7f0536b82000 r-xp 00000000 08:06 3543315                    /home/christian/jdk1.8.0_101/lib/amd64/jli/libjli.so
7f0536b82000-7f0536d82000 ---p 00015000 08:06 3543315                    /home/christian/jdk1.8.0_101/lib/amd64/jli/libjli.so
7f0536d82000-7f0536d83000 rw-p 00015000 08:06 3543315                    /home/christian/jdk1.8.0_101/lib/amd64/jli/libjli.so
7f0536d83000-7f0536d9b000 r-xp 00000000 08:06 3422184                    /lib/x86_64-linux-gnu/libpthread-2.23.so
7f0536d9b000-7f0536f9a000 ---p 00018000 08:06 3422184                    /lib/x86_64-linux-gnu/libpthread-2.23.so
7f0536f9a000-7f0536f9b000 r--p 00017000 08:06 3422184                    /lib/x86_64-linux-gnu/libpthread-2.23.so
7f0536f9b000-7f0536f9c000 rw-p 00018000 08:06 3422184                    /lib/x86_64-linux-gnu/libpthread-2.23.so
7f0536f9c000-7f0536fa0000 rw-p 00000000 00:00 0 
7f0536fa0000-7f0536fc6000 r-xp 00000000 08:06 3422174                    /lib/x86_64-linux-gnu/ld-2.23.so
7f0536fc6000-7f0536fcc000 r--s 0003e000 08:06 3672206                    /home/christian/netbeans-8.1/java/maven/lib/maven-compat-3.0.5.jar
7f0536fcc000-7f0536fd0000 r--s 00012000 08:06 3672214                    /home/christian/netbeans-8.1/java/maven/lib/aether-api-1.13.1.jar
7f0536fd0000-7f0536fd2000 r--s 0000a000 08:06 3672194                    /home/christian/netbeans-8.1/java/maven/lib/maven-settings-3.0.5.jar
7f0536fd2000-7f0536fd3000 r--s 00009000 08:06 3672222                    /home/christian/netbeans-8.1/java/maven/lib/commons-cli-1.2.jar
7f0536fd3000-7f0536fd4000 r--s 00002000 08:06 3672224                    /home/christian/netbeans-8.1/java/maven/lib/wagon-file-2.4.jar
7f0536fd4000-7f0536fd6000 r--s 00009000 08:06 3672192                    /home/christian/netbeans-8.1/java/maven/lib/maven-embedder-3.0.5.jar
7f0536fd6000-7f0536fde000 r--s 0004e000 08:06 3672167                    /home/christian/netbeans-8.1/java/maven/lib/sisu-guice-3.1.0-no_aop.jar
7f0536fde000-7f053709f000 rw-p 00000000 00:00 0 
7f053709f000-7f05370a2000 ---p 00000000 00:00 0 
7f05370a2000-7f05371a4000 rw-p 00000000 00:00 0 
7f05371a4000-7f05371a6000 r--s 0000d000 08:06 3672135                    /home/christian/netbeans-8.1/java/maven/lib/plexus-interpolation-1.14.jar
7f05371a6000-7f05371a8000 r--s 00002000 08:06 3672212                    /home/christian/netbeans-8.1/java/maven/lib/plexus-cipher-1.7.jar
7f05371a8000-7f05371ab000 r--s 00033000 08:06 3672205                    /home/christian/netbeans-8.1/java/maven/lib/plexus-utils-2.0.6.jar
7f05371ab000-7f05371ad000 r--s 00000000 08:06 3671862                    /home/christian/netbeans-8.1/java/maven/lib/plexus-component-annotations-1.5.5.jar
7f05371ad000-7f05371af000 r--s 0000b000 08:06 3672179                    /home/christian/netbeans-8.1/java/maven/lib/wagon-provider-api-2.4.jar
7f05371af000-7f05371b3000 r--s 0001c000 08:06 3672208                    /home/christian/netbeans-8.1/java/maven/lib/aether-util-1.13.1.jar
7f05371b3000-7f05371b5000 r--s 0000c000 08:06 3672096                    /home/christian/netbeans-8.1/java/maven/lib/maven-aether-provider-3.0.5.jar
7f05371b5000-7f05371b7000 r--s 00006000 08:06 3672049                    /home/christian/netbeans-8.1/java/maven/lib/aether-connector-wagon-1.13.1.jar
7f05371b7000-7f05371b9000 r--s 0000a000 08:06 3672166                    /home/christian/netbeans-8.1/java/maven/boot/plexus-classworlds-2.4.jar
7f05371b9000-7f05371c1000 rw-s 00000000 08:06 3290582                    /tmp/hsperfdata_christian/27214
7f05371c1000-7f05371c2000 rw-p 00000000 00:00 0 
7f05371c2000-7f05371c3000 ---p 00000000 00:00 0 
7f05371c3000-7f05371c5000 rw-p 00000000 00:00 0 
7f05371c5000-7f05371c6000 r--p 00025000 08:06 3422174                    /lib/x86_64-linux-gnu/ld-2.23.so
7f05371c6000-7f05371c7000 rw-p 00026000 08:06 3422174                    /lib/x86_64-linux-gnu/ld-2.23.so
7f05371c7000-7f05371c8000 rw-p 00000000 00:00 0 
7ffe27b59000-7ffe27b7a000 rw-p 00000000 00:00 0                          [stack]
7ffe27b87000-7ffe27b89000 r--p 00000000 00:00 0                          [vvar]
7ffe27b89000-7ffe27b8b000 r-xp 00000000 00:00 0                          [vdso]
ffffffffff600000-ffffffffff601000 r-xp 00000000 00:00 0                  [vsyscall]

VM Arguments:
jvm_args: -Dclassworlds.conf=/home/christian/netbeans-8.1/java/maven/bin/m2.conf -Dmaven.home=/home/christian/netbeans-8.1/java/maven 
java_command: org.codehaus.plexus.classworlds.launcher.Launcher -Dmaven.ext.class.path=/home/christian/netbeans-8.1/java/maven-nblib/netbeans-eventspy.jar clean install
java_class_path (initial): /home/christian/netbeans-8.1/java/maven/boot/plexus-classworlds-2.4.jar
Launcher Type: SUN_STANDARD

Environment Variables:
JAVA_HOME=/home/christian/jdk1.8.0_101
PATH=/home/christian/bin:/home/christian/.local/bin:/usr/local/sbin:/usr/local/bin:/usr/sbin:/usr/bin:/sbin:/bin:/usr/games:/usr/local/games:/snap/bin
LD_LIBRARY_PATH=/home/christian/jdk1.8.0_101/jre/lib/amd64:/home/christian/jdk1.8.0_101/jre/lib/i386:
SHELL=/bin/bash
DISPLAY=:0

Signal Handlers:
SIGSEGV: [libjvm.so+0xac4790], sa_mask[0]=11111111011111111101111111111110, sa_flags=SA_RESTART|SA_SIGINFO
SIGBUS: [libjvm.so+0xac4790], sa_mask[0]=11111111011111111101111111111110, sa_flags=SA_RESTART|SA_SIGINFO
SIGFPE: [libjvm.so+0x91f140], sa_mask[0]=11111111011111111101111111111110, sa_flags=SA_RESTART|SA_SIGINFO
SIGPIPE: [libjvm.so+0x91f140], sa_mask[0]=11111111011111111101111111111110, sa_flags=SA_RESTART|SA_SIGINFO
SIGXFSZ: [libjvm.so+0x91f140], sa_mask[0]=11111111011111111101111111111110, sa_flags=SA_RESTART|SA_SIGINFO
SIGILL: [libjvm.so+0x91f140], sa_mask[0]=11111111011111111101111111111110, sa_flags=SA_RESTART|SA_SIGINFO
SIGUSR1: SIG_DFL, sa_mask[0]=00000000000000000000000000000000, sa_flags=none
SIGUSR2: [libjvm.so+0x920770], sa_mask[0]=00100000000000000000000000000000, sa_flags=SA_RESTART|SA_SIGINFO
SIGHUP: [libjvm.so+0x921b70], sa_mask[0]=11111111011111111101111111111110, sa_flags=SA_RESTART|SA_SIGINFO
SIGINT: SIG_IGN, sa_mask[0]=00000000000000000000000000000000, sa_flags=none
SIGTERM: [libjvm.so+0x921b70], sa_mask[0]=11111111011111111101111111111110, sa_flags=SA_RESTART|SA_SIGINFO
SIGQUIT: [libjvm.so+0x921b70], sa_mask[0]=11111111011111111101111111111110, sa_flags=SA_RESTART|SA_SIGINFO


---------------  S Y S T E M  ---------------

OS:DISTRIB_ID=Ubuntu
DISTRIB_RELEASE=16.04
DISTRIB_CODENAME=xenial
DISTRIB_DESCRIPTION="Ubuntu 16.04.2 LTS"

uname:Linux 4.4.0-71-generic #92-Ubuntu SMP Fri Mar 24 12:59:01 UTC 2017 x86_64
libc:glibc 2.23 NPTL 2.23 
rlimit: STACK 8192k, CORE 0k, NPROC 23342, NOFILE 65536, AS infinity
load average:1,07 0,66 1,00

/proc/meminfo:
MemTotal:        6016240 kB
MemFree:          125596 kB
MemAvailable:      42920 kB
Buffers:             256 kB
Cached:           706560 kB
SwapCached:         3592 kB
Active:          4561436 kB
Inactive:        1019536 kB
Active(anon):    4559280 kB
Inactive(anon):  1005060 kB
Active(file):       2156 kB
Inactive(file):    14476 kB
Unevictable:          64 kB
Mlocked:              64 kB
SwapTotal:       3998716 kB
SwapFree:              0 kB
Dirty:               428 kB
Writeback:            20 kB
AnonPages:       4871860 kB
Mapped:           209976 kB
Shmem:            689776 kB
Slab:             126712 kB
SReclaimable:      70640 kB
SUnreclaim:        56072 kB
KernelStack:       19568 kB
PageTables:        90492 kB
NFS_Unstable:          0 kB
Bounce:                0 kB
WritebackTmp:          0 kB
CommitLimit:     7006836 kB
Committed_AS:   19114040 kB
VmallocTotal:   34359738367 kB
VmallocUsed:           0 kB
VmallocChunk:          0 kB
HardwareCorrupted:     0 kB
AnonHugePages:    952320 kB
CmaTotal:              0 kB
CmaFree:               0 kB
HugePages_Total:       0
HugePages_Free:        0
HugePages_Rsvd:        0
HugePages_Surp:        0
Hugepagesize:       2048 kB
DirectMap4k:      727328 kB
DirectMap2M:     5470208 kB


CPU:total 4 (2 cores per cpu, 2 threads per core) family 6 model 42 stepping 7, cmov, cx8, fxsr, mmx, sse, sse2, sse3, ssse3, sse4.1, sse4.2, popcnt, avx, aes, clmul, ht, tsc, tscinvbit

/proc/cpuinfo:
processor	: 0
vendor_id	: GenuineIntel
cpu family	: 6
model		: 42
model name	: Intel(R) Core(TM) i5-2450M CPU @ 2.50GHz
stepping	: 7
microcode	: 0x29
cpu MHz		: 2811.425
cache size	: 3072 KB
physical id	: 0
siblings	: 4
core id		: 0
cpu cores	: 2
apicid		: 0
initial apicid	: 0
fpu		: yes
fpu_exception	: yes
cpuid level	: 13
wp		: yes
flags		: fpu vme de pse tsc msr pae mce cx8 apic sep mtrr pge mca cmov pat pse36 clflush dts acpi mmx fxsr sse sse2 ss ht tm pbe syscall nx rdtscp lm constant_tsc arch_perfmon pebs bts rep_good nopl xtopology nonstop_tsc aperfmperf eagerfpu pni pclmulqdq dtes64 monitor ds_cpl vmx est tm2 ssse3 cx16 xtpr pdcm pcid sse4_1 sse4_2 x2apic popcnt tsc_deadline_timer aes xsave avx lahf_lm epb tpr_shadow vnmi flexpriority ept vpid xsaveopt dtherm ida arat pln pts
bugs		:
bogomips	: 4989.01
clflush size	: 64
cache_alignment	: 64
address sizes	: 36 bits physical, 48 bits virtual
power management:

processor	: 1
vendor_id	: GenuineIntel
cpu family	: 6
model		: 42
model name	: Intel(R) Core(TM) i5-2450M CPU @ 2.50GHz
stepping	: 7
microcode	: 0x29
cpu MHz		: 2771.484
cache size	: 3072 KB
physical id	: 0
siblings	: 4
core id		: 1
cpu cores	: 2
apicid		: 2
initial apicid	: 2
fpu		: yes
fpu_exception	: yes
cpuid level	: 13
wp		: yes
flags		: fpu vme de pse tsc msr pae mce cx8 apic sep mtrr pge mca cmov pat pse36 clflush dts acpi mmx fxsr sse sse2 ss ht tm pbe syscall nx rdtscp lm constant_tsc arch_perfmon pebs bts rep_good nopl xtopology nonstop_tsc aperfmperf eagerfpu pni pclmulqdq dtes64 monitor ds_cpl vmx est tm2 ssse3 cx16 xtpr pdcm pcid sse4_1 sse4_2 x2apic popcnt tsc_deadline_timer aes xsave avx lahf_lm epb tpr_shadow vnmi flexpriority ept vpid xsaveopt dtherm ida arat pln pts
bugs		:
bogomips	: 4989.01
clflush size	: 64
cache_alignment	: 64
address sizes	: 36 bits physical, 48 bits virtual
power management:

processor	: 2
vendor_id	: GenuineIntel
cpu family	: 6
model		: 42
model name	: Intel(R) Core(TM) i5-2450M CPU @ 2.50GHz
stepping	: 7
microcode	: 0x29
cpu MHz		: 2466.796
cache size	: 3072 KB
physical id	: 0
siblings	: 4
core id		: 0
cpu cores	: 2
apicid		: 1
initial apicid	: 1
fpu		: yes
fpu_exception	: yes
cpuid level	: 13
wp		: yes
flags		: fpu vme de pse tsc msr pae mce cx8 apic sep mtrr pge mca cmov pat pse36 clflush dts acpi mmx fxsr sse sse2 ss ht tm pbe syscall nx rdtscp lm constant_tsc arch_perfmon pebs bts rep_good nopl xtopology nonstop_tsc aperfmperf eagerfpu pni pclmulqdq dtes64 monitor ds_cpl vmx est tm2 ssse3 cx16 xtpr pdcm pcid sse4_1 sse4_2 x2apic popcnt tsc_deadline_timer aes xsave avx lahf_lm epb tpr_shadow vnmi flexpriority ept vpid xsaveopt dtherm ida arat pln pts
bugs		:
bogomips	: 4989.01
clflush size	: 64
cache_alignment	: 64
address sizes	: 36 bits physical, 48 bits virtual
power management:

processor	: 3
vendor_id	: GenuineIntel
cpu family	: 6
model		: 42
model name	: Intel(R) Core(TM) i5-2450M CPU @ 2.50GHz
stepping	: 7
microcode	: 0x29
cpu MHz		: 2700.488
cache size	: 3072 KB
physical id	: 0
siblings	: 4
core id		: 1
cpu cores	: 2
apicid		: 3
initial apicid	: 3
fpu		: yes
fpu_exception	: yes
cpuid level	: 13
wp		: yes
flags		: fpu vme de pse tsc msr pae mce cx8 apic sep mtrr pge mca cmov pat pse36 clflush dts acpi mmx fxsr sse sse2 ss ht tm pbe syscall nx rdtscp lm constant_tsc arch_perfmon pebs bts rep_good nopl xtopology nonstop_tsc aperfmperf eagerfpu pni pclmulqdq dtes64 monitor ds_cpl vmx est tm2 ssse3 cx16 xtpr pdcm pcid sse4_1 sse4_2 x2apic popcnt tsc_deadline_timer aes xsave avx lahf_lm epb tpr_shadow vnmi flexpriority ept vpid xsaveopt dtherm ida arat pln pts
bugs		:
bogomips	: 4989.01
clflush size	: 64
cache_alignment	: 64
address sizes	: 36 bits physical, 48 bits virtual
power management:



Memory: 4k page, physical 6016240k(124108k free), swap 3998716k(0k free)

vm_info: Java HotSpot(TM) 64-Bit Server VM (25.101-b13) for linux-amd64 JRE (1.8.0_101-b13), built on Jun 22 2016 02:59:44 by "java_re" with gcc 4.3.0 20080428 (Red Hat 4.3.0-8)

time: Sat Apr  8 22:17:07 2017
elapsed time: 8 seconds (0d 0h 0m 8s)

