#
# There is insufficient memory for the Java Runtime Environment to continue.
# Native memory allocation (mmap) failed to map 105906176 bytes for committing reserved memory.
# Possible reasons:
#   The system is out of physical RAM or swap space
#   In 32 bit mode, the process size limit was hit
# Possible solutions:
#   Reduce memory load on the system
#   Increase physical memory or swap space
#   Check if swap backing store is full
#   Use 64 bit Java on a 64 bit OS
#   Decrease Java heap size (-Xmx/-Xms)
#   Decrease number of Java threads
#   Decrease Java thread stack sizes (-Xss)
#   Set larger code cache with -XX:ReservedCodeCacheSize=
# This output file may be truncated or incomplete.
#
#  Out of Memory Error (os_linux.cpp:2627), pid=27867, tid=0x00007f7784fff700
#
# JRE version: Java(TM) SE Runtime Environment (8.0_101-b13) (build 1.8.0_101-b13)
# Java VM: Java HotSpot(TM) 64-Bit Server VM (25.101-b13 mixed mode linux-amd64 compressed oops)
# Failed to write core dump. Core dumps have been disabled. To enable core dumping, try "ulimit -c unlimited" before starting Java again
#

---------------  T H R E A D  ---------------

Current thread (0x00007f7794077800):  VMThread [stack: 0x00007f7784eff000,0x00007f7785000000] [id=27875]

Stack: [0x00007f7784eff000,0x00007f7785000000],  sp=0x00007f7784ffdf80,  free space=1019k
Native frames: (J=compiled Java code, j=interpreted, Vv=VM code, C=native code)
V  [libjvm.so+0xac3f0a]  VMError::report_and_die()+0x2ba
V  [libjvm.so+0x4fbf9b]  report_vm_out_of_memory(char const*, int, unsigned long, VMErrorType, char const*)+0x8b
V  [libjvm.so+0x9222d3]  os::Linux::commit_memory_impl(char*, unsigned long, bool)+0x103
V  [libjvm.so+0x922829]  os::pd_commit_memory(char*, unsigned long, unsigned long, bool)+0x29
V  [libjvm.so+0x91cb2a]  os::commit_memory(char*, unsigned long, unsigned long, bool)+0x2a
V  [libjvm.so+0x991053]  PSVirtualSpace::expand_by(unsigned long)+0x53
V  [libjvm.so+0x992458]  PSYoungGen::resize_generation(unsigned long, unsigned long)+0xf8
V  [libjvm.so+0x9915b2]  PSYoungGen::resize(unsigned long, unsigned long)+0x22
V  [libjvm.so+0x98e88b]  PSScavenge::invoke_no_policy()+0xf3b
V  [libjvm.so+0x989b35]  PSParallelCompact::invoke(bool)+0x85
V  [libjvm.so+0x482ad4]  CollectedHeap::collect_as_vm_thread(GCCause::Cause)+0x114
V  [libjvm.so+0xac5381]  VM_CollectForMetadataAllocation::doit()+0x161
V  [libjvm.so+0xacd405]  VM_Operation::evaluate()+0x55
V  [libjvm.so+0xacb7da]  VMThread::evaluate_operation(VM_Operation*)+0xba
V  [libjvm.so+0xacbb5e]  VMThread::loop()+0x1ce
V  [libjvm.so+0xacbfd0]  VMThread::run()+0x70
V  [libjvm.so+0x924698]  java_start(Thread*)+0x108

VM_Operation (0x00007f779da1d550): CollectForMetadataAllocation, mode: safepoint, requested by thread 0x00007f779400a000


---------------  P R O C E S S  ---------------

Java Threads: ( => current thread )
  0x00007f77945c4000 JavaThread "process reaper" daemon [_thread_blocked, id=27885, stack(0x00007f77751d7000,0x00007f7775210000)]
  0x00007f77940c0800 JavaThread "Service Thread" daemon [_thread_blocked, id=27882, stack(0x00007f778451e000,0x00007f778461f000)]
  0x00007f77940bd000 JavaThread "C1 CompilerThread2" daemon [_thread_blocked, id=27881, stack(0x00007f778461f000,0x00007f7784720000)]
  0x00007f77940bb800 JavaThread "C2 CompilerThread1" daemon [_thread_blocked, id=27880, stack(0x00007f7784720000,0x00007f7784821000)]
  0x00007f77940b8800 JavaThread "C2 CompilerThread0" daemon [_thread_blocked, id=27879, stack(0x00007f7784821000,0x00007f7784922000)]
  0x00007f77940b7000 JavaThread "Signal Dispatcher" daemon [_thread_blocked, id=27878, stack(0x00007f7784922000,0x00007f7784a23000)]
  0x00007f7794084000 JavaThread "Finalizer" daemon [_thread_blocked, id=27877, stack(0x00007f7784cfd000,0x00007f7784dfe000)]
  0x00007f779407f800 JavaThread "Reference Handler" daemon [_thread_blocked, id=27876, stack(0x00007f7784dfe000,0x00007f7784eff000)]
  0x00007f779400a000 JavaThread "main" [_thread_blocked, id=27870, stack(0x00007f779d920000,0x00007f779da21000)]

Other Threads:
=>0x00007f7794077800 VMThread [stack: 0x00007f7784eff000,0x00007f7785000000] [id=27875]
  0x00007f77940c3000 WatcherThread [stack: 0x00007f778441d000,0x00007f778451e000] [id=27883]

VM state:at safepoint (normal execution)

VM Mutex/Monitor currently owned by a thread:  ([mutex/lock_event])
[0x00007f77940061e0] Threads_lock - owner thread: 0x00007f7794077800
[0x00007f77940066e0] Heap_lock - owner thread: 0x00007f779400a000
[0x00007f7794006c60] MethodData_lock - owner thread: 0x00007f779400a000

Heap:
 PSYoungGen      total 102912K, used 7157K [0x00000000e1600000, 0x00000000e8200000, 0x0000000100000000)
  eden space 95744K, 0% used [0x00000000e1600000,0x00000000e1600000,0x00000000e7380000)
  from space 7168K, 99% used [0x00000000e7380000,0x00000000e7a7d790,0x00000000e7a80000)
  to   space 6656K, 0% used [0x00000000e7a80000,0x00000000e7a80000,0x00000000e8100000)
 ParOldGen       total 62976K, used 14725K [0x00000000a4200000, 0x00000000a7f80000, 0x00000000e1600000)
  object space 62976K, 23% used [0x00000000a4200000,0x00000000a5061660,0x00000000a7f80000)
 Metaspace       used 20590K, capacity 21116K, committed 21296K, reserved 1069056K
  class space    used 2438K, capacity 2602K, committed 2688K, reserved 1048576K

Card table byte_map: [0x00007f779a3ec000,0x00007f779a6cc000] byte_map_base: 0x00007f7799ecb000

Marking Bits: (ParMarkBitMap*) 0x00007f779cdf4120
 Begin Bits: [0x00007f7775210000, 0x00007f7776908000)
 End Bits:   [0x00007f7776908000, 0x00007f7778000000)

Polling page: 0x00007f779da43000

CodeCache: size=245760Kb used=12317Kb max_used=12317Kb free=233442Kb
 bounds [0x00007f7785000000, 0x00007f7785c20000, 0x00007f7794000000]
 total_blobs=3909 nmethods=3535 adapters=286
 compilation: enabled

Compilation events (10 events):
Event: 17,386 Thread 0x00007f77940bb800 nmethod 3542 0x00007f7785c0ce90 code [0x00007f7785c0cfe0, 0x00007f7785c0d078]
Event: 17,422 Thread 0x00007f77940bd000 3551       3       com.sun.tools.javac.code.Type$TypeVar::accept (9 bytes)
Event: 17,422 Thread 0x00007f77940b8800 nmethod 3541 0x00007f7785c0b310 code [0x00007f7785c0b480, 0x00007f7785c0b7a8]
Event: 17,422 Thread 0x00007f77940bd000 nmethod 3551 0x00007f7785c0ae90 code [0x00007f7785c0b000, 0x00007f7785c0b228]
Event: 17,478 Thread 0x00007f77940bd000 3552   !   3       com.sun.tools.javac.comp.Resolve::selectBest (331 bytes)
Event: 17,488 Thread 0x00007f77940bd000 nmethod 3552 0x00007f7785c0eb50 code [0x00007f7785c0ee60, 0x00007f7785c10528]
Event: 17,488 Thread 0x00007f77940bd000 3553       3       com.sun.tools.javac.code.Attribute::<init> (10 bytes)
Event: 17,491 Thread 0x00007f77940bb800 3554       4       com.sun.tools.javac.jvm.ClassReader::nextInt (93 bytes)
Event: 17,492 Thread 0x00007f77940bd000 nmethod 3553 0x00007f7785c0aa90 code [0x00007f7785c0ac00, 0x00007f7785c0add0]
Event: 17,597 Thread 0x00007f77940bd000 3555       3       com.sun.tools.javac.code.Types$Subst::visitType (10 bytes)

GC Heap History (10 events):
Event: 1,306 GC heap after
Heap after GC invocations=2 (full 0):
 PSYoungGen      total 27648K, used 3563K [0x00000000e1600000, 0x00000000e3480000, 0x0000000100000000)
  eden space 24064K, 0% used [0x00000000e1600000,0x00000000e1600000,0x00000000e2d80000)
  from space 3584K, 99% used [0x00000000e3100000,0x00000000e347afa8,0x00000000e3480000)
  to   space 3584K, 0% used [0x00000000e2d80000,0x00000000e2d80000,0x00000000e3100000)
 ParOldGen       total 62976K, used 1557K [0x00000000a4200000, 0x00000000a7f80000, 0x00000000e1600000)
  object space 62976K, 2% used [0x00000000a4200000,0x00000000a43855e8,0x00000000a7f80000)
 Metaspace       used 9785K, capacity 10024K, committed 10368K, reserved 1058816K
  class space    used 1246K, capacity 1313K, committed 1408K, reserved 1048576K
}
Event: 1,850 GC heap before
{Heap before GC invocations=3 (full 0):
 PSYoungGen      total 27648K, used 27627K [0x00000000e1600000, 0x00000000e3480000, 0x0000000100000000)
  eden space 24064K, 100% used [0x00000000e1600000,0x00000000e2d80000,0x00000000e2d80000)
  from space 3584K, 99% used [0x00000000e3100000,0x00000000e347afa8,0x00000000e3480000)
  to   space 3584K, 0% used [0x00000000e2d80000,0x00000000e2d80000,0x00000000e3100000)
 ParOldGen       total 62976K, used 1557K [0x00000000a4200000, 0x00000000a7f80000, 0x00000000e1600000)
  object space 62976K, 2% used [0x00000000a4200000,0x00000000a43855e8,0x00000000a7f80000)
 Metaspace       used 13094K, capacity 13406K, committed 13568K, reserved 1060864K
  class space    used 1602K, capacity 1695K, committed 1792K, reserved 1048576K
Event: 1,863 GC heap after
Heap after GC invocations=3 (full 0):
 PSYoungGen      total 27648K, used 3552K [0x00000000e1600000, 0x00000000e4c00000, 0x0000000100000000)
  eden space 24064K, 0% used [0x00000000e1600000,0x00000000e1600000,0x00000000e2d80000)
  from space 3584K, 99% used [0x00000000e2d80000,0x00000000e30f8020,0x00000000e3100000)
  to   space 3584K, 0% used [0x00000000e4880000,0x00000000e4880000,0x00000000e4c00000)
 ParOldGen       total 62976K, used 3981K [0x00000000a4200000, 0x00000000a7f80000, 0x00000000e1600000)
  object space 62976K, 6% used [0x00000000a4200000,0x00000000a45e36b0,0x00000000a7f80000)
 Metaspace       used 13094K, capacity 13406K, committed 13568K, reserved 1060864K
  class space    used 1602K, capacity 1695K, committed 1792K, reserved 1048576K
}
Event: 2,270 GC heap before
{Heap before GC invocations=4 (full 0):
 PSYoungGen      total 27648K, used 27616K [0x00000000e1600000, 0x00000000e4c00000, 0x0000000100000000)
  eden space 24064K, 100% used [0x00000000e1600000,0x00000000e2d80000,0x00000000e2d80000)
  from space 3584K, 99% used [0x00000000e2d80000,0x00000000e30f8020,0x00000000e3100000)
  to   space 3584K, 0% used [0x00000000e4880000,0x00000000e4880000,0x00000000e4c00000)
 ParOldGen       total 62976K, used 3981K [0x00000000a4200000, 0x00000000a7f80000, 0x00000000e1600000)
  object space 62976K, 6% used [0x00000000a4200000,0x00000000a45e36b0,0x00000000a7f80000)
 Metaspace       used 13727K, capacity 14114K, committed 14464K, reserved 1062912K
  class space    used 1685K, capacity 1801K, committed 1920K, reserved 1048576K
Event: 2,284 GC heap after
Heap after GC invocations=4 (full 0):
 PSYoungGen      total 51712K, used 3552K [0x00000000e1600000, 0x00000000e4c00000, 0x0000000100000000)
  eden space 48128K, 0% used [0x00000000e1600000,0x00000000e1600000,0x00000000e4500000)
  from space 3584K, 99% used [0x00000000e4880000,0x00000000e4bf8040,0x00000000e4c00000)
  to   space 3584K, 0% used [0x00000000e4500000,0x00000000e4500000,0x00000000e4880000)
 ParOldGen       total 62976K, used 5574K [0x00000000a4200000, 0x00000000a7f80000, 0x00000000e1600000)
  object space 62976K, 8% used [0x00000000a4200000,0x00000000a47718b0,0x00000000a7f80000)
 Metaspace       used 13727K, capacity 14114K, committed 14464K, reserved 1062912K
  class space    used 1685K, capacity 1801K, committed 1920K, reserved 1048576K
}
Event: 3,058 GC heap before
{Heap before GC invocations=5 (full 0):
 PSYoungGen      total 51712K, used 51680K [0x00000000e1600000, 0x00000000e4c00000, 0x0000000100000000)
  eden space 48128K, 100% used [0x00000000e1600000,0x00000000e4500000,0x00000000e4500000)
  from space 3584K, 99% used [0x00000000e4880000,0x00000000e4bf8040,0x00000000e4c00000)
  to   space 3584K, 0% used [0x00000000e4500000,0x00000000e4500000,0x00000000e4880000)
 ParOldGen       total 62976K, used 5574K [0x00000000a4200000, 0x00000000a7f80000, 0x00000000e1600000)
  object space 62976K, 8% used [0x00000000a4200000,0x00000000a47718b0,0x00000000a7f80000)
 Metaspace       used 14073K, capacity 14434K, committed 14720K, reserved 1062912K
  class space    used 1689K, capacity 1801K, committed 1920K, reserved 1048576K
Event: 3,069 GC heap after
Heap after GC invocations=5 (full 0):
 PSYoungGen      total 51712K, used 3568K [0x00000000e1600000, 0x00000000e8100000, 0x0000000100000000)
  eden space 48128K, 0% used [0x00000000e1600000,0x00000000e1600000,0x00000000e4500000)
  from space 3584K, 99% used [0x00000000e4500000,0x00000000e487c030,0x00000000e4880000)
  to   space 6656K, 0% used [0x00000000e7a80000,0x00000000e7a80000,0x00000000e8100000)
 ParOldGen       total 62976K, used 7578K [0x00000000a4200000, 0x00000000a7f80000, 0x00000000e1600000)
  object space 62976K, 12% used [0x00000000a4200000,0x00000000a49668f0,0x00000000a7f80000)
 Metaspace       used 14073K, capacity 14434K, committed 14720K, reserved 1062912K
  class space    used 1689K, capacity 1801K, committed 1920K, reserved 1048576K
}
Event: 4,998 GC heap before
{Heap before GC invocations=6 (full 0):
 PSYoungGen      total 51712K, used 51696K [0x00000000e1600000, 0x00000000e8100000, 0x0000000100000000)
  eden space 48128K, 100% used [0x00000000e1600000,0x00000000e4500000,0x00000000e4500000)
  from space 3584K, 99% used [0x00000000e4500000,0x00000000e487c030,0x00000000e4880000)
  to   space 6656K, 0% used [0x00000000e7a80000,0x00000000e7a80000,0x00000000e8100000)
 ParOldGen       total 62976K, used 7578K [0x00000000a4200000, 0x00000000a7f80000, 0x00000000e1600000)
  object space 62976K, 12% used [0x00000000a4200000,0x00000000a49668f0,0x00000000a7f80000)
 Metaspace       used 15066K, capacity 15544K, committed 15744K, reserved 1062912K
  class space    used 1772K, capacity 1914K, committed 1920K, reserved 1048576K
Event: 5,017 GC heap after
Heap after GC invocations=6 (full 0):
 PSYoungGen      total 102400K, used 6458K [0x00000000e1600000, 0x00000000e8200000, 0x0000000100000000)
  eden space 95744K, 0% used [0x00000000e1600000,0x00000000e1600000,0x00000000e7380000)
  from space 6656K, 97% used [0x00000000e7a80000,0x00000000e80ce998,0x00000000e8100000)
  to   space 7168K, 0% used [0x00000000e7380000,0x00000000e7380000,0x00000000e7a80000)
 ParOldGen       total 62976K, used 7586K [0x00000000a4200000, 0x00000000a7f80000, 0x00000000e1600000)
  object space 62976K, 12% used [0x00000000a4200000,0x00000000a49688f0,0x00000000a7f80000)
 Metaspace       used 15066K, capacity 15544K, committed 15744K, reserved 1062912K
  class space    used 1772K, capacity 1914K, committed 1920K, reserved 1048576K
}
Event: 17,609 GC heap before
{Heap before GC invocations=7 (full 0):
 PSYoungGen      total 102400K, used 67544K [0x00000000e1600000, 0x00000000e8200000, 0x0000000100000000)
  eden space 95744K, 63% used [0x00000000e1600000,0x00000000e51a77a8,0x00000000e7380000)
  from space 6656K, 97% used [0x00000000e7a80000,0x00000000e80ce998,0x00000000e8100000)
  to   space 7168K, 0% used [0x00000000e7380000,0x00000000e7380000,0x00000000e7a80000)
 ParOldGen       total 62976K, used 7586K [0x00000000a4200000, 0x00000000a7f80000, 0x00000000e1600000)
  object space 62976K, 12% used [0x00000000a4200000,0x00000000a49688f0,0x00000000a7f80000)
 Metaspace       used 20590K, capacity 21116K, committed 21296K, reserved 1069056K
  class space    used 2438K, capacity 2602K, committed 2688K, reserved 1048576K

Deoptimization events (10 events):
Event: 7,959 Thread 0x00007f779400a000 Uncommon trap: reason=unstable_if action=reinterpret pc=0x00007f7785a698dc method=com.sun.tools.javac.util.Name$Table.equals([BI[BII)Z @ 22
Event: 7,992 Thread 0x00007f779400a000 Uncommon trap: reason=unstable_if action=reinterpret pc=0x00007f7785aa5ab8 method=com.sun.tools.javac.code.Scope.getIndex(Lcom/sun/tools/javac/util/Name;)I @ 60
Event: 8,183 Thread 0x00007f779400a000 Uncommon trap: reason=bimorphic action=maybe_recompile pc=0x00007f7785adfc14 method=com.sun.tools.javac.code.Scope.lookup(Lcom/sun/tools/javac/util/Name;Lcom/sun/tools/javac/util/Filter;)Lcom/sun/tools/javac/code/Scope$Entry; @ 49
Event: 8,186 Thread 0x00007f779400a000 Uncommon trap: reason=bimorphic action=maybe_recompile pc=0x00007f7785adfc14 method=com.sun.tools.javac.code.Scope.lookup(Lcom/sun/tools/javac/util/Name;Lcom/sun/tools/javac/util/Filter;)Lcom/sun/tools/javac/code/Scope$Entry; @ 49
Event: 8,200 Thread 0x00007f779400a000 Uncommon trap: reason=bimorphic action=maybe_recompile pc=0x00007f7785adfc14 method=com.sun.tools.javac.code.Scope.lookup(Lcom/sun/tools/javac/util/Name;Lcom/sun/tools/javac/util/Filter;)Lcom/sun/tools/javac/code/Scope$Entry; @ 49
Event: 8,200 Thread 0x00007f779400a000 Uncommon trap: reason=bimorphic action=maybe_recompile pc=0x00007f7785adfc14 method=com.sun.tools.javac.code.Scope.lookup(Lcom/sun/tools/javac/util/Name;Lcom/sun/tools/javac/util/Filter;)Lcom/sun/tools/javac/code/Scope$Entry; @ 49
Event: 11,689 Thread 0x00007f779400a000 Uncommon trap: reason=unstable_if action=reinterpret pc=0x00007f7785afeb88 method=com.sun.tools.javac.code.Scope.lookup(Lcom/sun/tools/javac/util/Name;Lcom/sun/tools/javac/util/Filter;)Lcom/sun/tools/javac/code/Scope$Entry; @ 54
Event: 15,830 Thread 0x00007f779400a000 Uncommon trap: reason=unstable_if action=reinterpret pc=0x00007f7785b3b208 method=com.sun.tools.javac.code.Scope.enter(Lcom/sun/tools/javac/code/Symbol;Lcom/sun/tools/javac/code/Scope;Lcom/sun/tools/javac/code/Scope;Z)V @ 116
Event: 16,544 Thread 0x00007f779400a000 Uncommon trap: reason=unstable_if action=reinterpret pc=0x00007f7785a79da8 method=com.sun.tools.javac.util.Convert.chars2utf([CI[BII)I @ 35
Event: 17,333 Thread 0x00007f779400a000 Uncommon trap: reason=unstable_if action=reinterpret pc=0x00007f7785bcb5dc method=com.sun.tools.javac.util.IntHashTable.lookup(Ljava/lang/Object;I)I @ 67

Internal exceptions (10 events):
Event: 1,710 Thread 0x00007f779400a000 Implicit null exception at 0x00007f778538c935 to 0x00007f778538cb19
Event: 1,710 Thread 0x00007f779400a000 Implicit null exception at 0x00007f778520896f to 0x00007f77852089d9
Event: 1,792 Thread 0x00007f779400a000 Implicit null exception at 0x00007f77854c3a79 to 0x00007f77854c4455
Event: 2,081 Thread 0x00007f779400a000 Exception <a 'java/lang/NoClassDefFoundError': org/slf4j/Logger> (0x00000000e23edb70) thrown at [/HUDSON3/workspace/8-2-build-linux-amd64/jdk8u101/7261/hotspot/src/share/vm/oops/constantPool.cpp, line 235]
Event: 4,131 Thread 0x00007f779400a000 Exception <a 'java/lang/NoClassDefFoundError': org/slf4j/Logger> (0x00000000e2b622b8) thrown at [/HUDSON3/workspace/8-2-build-linux-amd64/jdk8u101/7261/hotspot/src/share/vm/oops/constantPool.cpp, line 235]
Event: 4,612 Thread 0x00007f779400a000 Exception <a 'java/lang/NoClassDefFoundError': org/slf4j/Logger> (0x00000000e33b6d70) thrown at [/HUDSON3/workspace/8-2-build-linux-amd64/jdk8u101/7261/hotspot/src/share/vm/oops/constantPool.cpp, line 235]
Event: 5,091 Thread 0x00007f779400a000 Exception <a 'java/lang/NoClassDefFoundError': org/slf4j/Logger> (0x00000000e1872a28) thrown at [/HUDSON3/workspace/8-2-build-linux-amd64/jdk8u101/7261/hotspot/src/share/vm/oops/constantPool.cpp, line 235]
Event: 5,318 Thread 0x00007f779400a000 Exception <a 'java/lang/ClassNotFoundException': com/sun/tools/javac/api/JavacTool> (0x00000000e1bc3760) thrown at [/HUDSON3/workspace/8-2-build-linux-amd64/jdk8u101/7261/hotspot/src/share/vm/classfile/systemDictionary.cpp, line 210]
Event: 7,147 Thread 0x00007f779400a000 Exception <a 'java/io/FileNotFoundException'> (0x00000000e41709a8) thrown at [/HUDSON3/workspace/8-2-build-linux-amd64/jdk8u101/7261/hotspot/src/share/vm/prims/jni.cpp, line 709]
Event: 7,288 Thread 0x00007f779400a000 Exception <a 'java/io/FileNotFoundException'> (0x00000000e41a5530) thrown at [/HUDSON3/workspace/8-2-build-linux-amd64/jdk8u101/7261/hotspot/src/share/vm/prims/jni.cpp, line 709]

Events (10 events):
Event: 17,516 loading class com/sun/tools/javac/comp/Infer$IncorporationBinaryOpKind$2 done
Event: 17,519 loading class com/sun/tools/javac/comp/Infer$IncorporationBinaryOpKind$3
Event: 17,519 loading class com/sun/tools/javac/comp/Infer$IncorporationBinaryOpKind$3 done
Event: 17,523 loading class com/sun/tools/javac/comp/Infer$IncorporationBinaryOpKind$4
Event: 17,523 loading class com/sun/tools/javac/comp/Infer$IncorporationBinaryOpKind$4 done
Event: 17,523 loading class com/sun/tools/javac/comp/Infer$IncorporationBinaryOpKind$5
Event: 17,523 loading class com/sun/tools/javac/comp/Infer$IncorporationBinaryOpKind$5 done
Event: 17,543 loading class com/sun/tools/javac/comp/Infer$IncorporationBinaryOp
Event: 17,543 loading class com/sun/tools/javac/comp/Infer$IncorporationBinaryOp done
Event: 17,601 Executing VM operation: CollectForMetadataAllocation


Dynamic libraries:
00400000-00401000 r-xp 00000000 08:06 2257362                            /home/christian/jdk1.8.0_101/bin/java
00600000-00601000 rw-p 00000000 08:06 2257362                            /home/christian/jdk1.8.0_101/bin/java
02507000-02528000 rw-p 00000000 00:00 0                                  [heap]
a4200000-a7f80000 rw-p 00000000 00:00 0 
a7f80000-e1600000 ---p 00000000 00:00 0 
e1600000-e8200000 rw-p 00000000 00:00 0 
ee700000-100000000 ---p 00000000 00:00 0 
100000000-1002a0000 rw-p 00000000 00:00 0 
1002a0000-140000000 ---p 00000000 00:00 0 
7f7744000000-7f7744021000 rw-p 00000000 00:00 0 
7f7744021000-7f7748000000 ---p 00000000 00:00 0 
7f774c000000-7f774c021000 rw-p 00000000 00:00 0 
7f774c021000-7f7750000000 ---p 00000000 00:00 0 
7f7750000000-7f7750021000 rw-p 00000000 00:00 0 
7f7750021000-7f7754000000 ---p 00000000 00:00 0 
7f7754000000-7f775587b000 rw-p 00000000 00:00 0 
7f775587b000-7f7758000000 ---p 00000000 00:00 0 
7f7758000000-7f77590c3000 rw-p 00000000 00:00 0 
7f77590c3000-7f775c000000 ---p 00000000 00:00 0 
7f775c000000-7f775c021000 rw-p 00000000 00:00 0 
7f775c021000-7f7760000000 ---p 00000000 00:00 0 
7f7760000000-7f7761ff7000 rw-p 00000000 00:00 0 
7f7761ff7000-7f7764000000 ---p 00000000 00:00 0 
7f7764000000-7f7764021000 rw-p 00000000 00:00 0 
7f7764021000-7f7768000000 ---p 00000000 00:00 0 
7f7768000000-7f7768021000 rw-p 00000000 00:00 0 
7f7768021000-7f776c000000 ---p 00000000 00:00 0 
7f776c000000-7f776c28d000 rw-p 00000000 00:00 0 
7f776c28d000-7f7770000000 ---p 00000000 00:00 0 
7f7770000000-7f7770021000 rw-p 00000000 00:00 0 
7f7770021000-7f7774000000 ---p 00000000 00:00 0 
7f777415e000-7f777418a000 rw-p 00000000 00:00 0 
7f777418a000-7f777435e000 ---p 00000000 00:00 0 
7f777435e000-7f7774365000 r--s 00000000 08:06 1443509                    /usr/lib/x86_64-linux-gnu/gconv/gconv-modules.cache
7f7774365000-7f7774386000 r--p 00000000 08:06 1970033                    /usr/share/locale-langpack/pt_BR/LC_MESSAGES/libc.mo
7f7774386000-7f77743a8000 r--s 00120000 08:06 2119393                    /home/christian/.m2/repository/javax/javaee-web-api/7.0/javaee-web-api-7.0.jar
7f77743a8000-7f77743d4000 r--s 00318000 08:06 2277781                    /home/christian/.m2/repository/org/primefaces/primefaces/5.3/primefaces-5.3.jar
7f77743d4000-7f77745d4000 rw-p 00000000 00:00 0 
7f77745d4000-7f77747d4000 rw-p 00000000 00:00 0 
7f77747d4000-7f777484d000 r--s 010e5000 08:06 2391876                    /home/christian/jdk1.8.0_101/lib/tools.jar
7f777484d000-7f7774850000 r--s 0001b000 08:06 2261965                    /home/christian/.m2/repository/junit/junit/3.8.2/junit-3.8.2.jar
7f7774850000-7f777485e000 r--s 0008f000 08:06 3547436                    /home/christian/.m2/repository/com/google/collections/google-collections/1.0/google-collections-1.0.jar
7f777485e000-7f777485f000 r--s 0000a000 08:06 3547435                    /home/christian/.m2/repository/commons-logging/commons-logging-api/1.1/commons-logging-api-1.1.jar
7f777485f000-7f7774866000 r--s 00051000 08:06 3547434                    /home/christian/.m2/repository/log4j/log4j/1.2.12/log4j-1.2.12.jar
7f7774866000-7f777486a000 r--s 0001d000 08:06 2393958                    /home/christian/.m2/repository/org/apache/xbean/xbean-reflect/3.4/xbean-reflect-3.4.jar
7f777486a000-7f777486b000 r--s 00004000 08:06 3547431                    /home/christian/.m2/repository/org/codehaus/plexus/plexus-compiler-javac/2.2/plexus-compiler-javac-2.2.jar
7f777486b000-7f777486d000 r--s 00000000 08:06 3547430                    /home/christian/.m2/repository/org/codehaus/plexus/plexus-compiler-manager/2.2/plexus-compiler-manager-2.2.jar
7f777486d000-7f777486f000 r--s 00005000 08:06 3547429                    /home/christian/.m2/repository/org/codehaus/plexus/plexus-compiler-api/2.2/plexus-compiler-api-2.2.jar
7f777486f000-7f7774871000 r--s 00002000 08:06 3547425                    /home/christian/.m2/repository/org/apache/maven/shared/maven-shared-incremental/1.1/maven-shared-incremental-1.1.jar
7f7774871000-7f7774873000 r--s 00006000 08:06 3547424                    /home/christian/.m2/repository/com/google/code/findbugs/jsr305/2.0.1/jsr305-2.0.1.jar
7f7774873000-7f7774876000 r--s 00023000 08:06 3547426                    /home/christian/.m2/repository/org/apache/maven/shared/maven-shared-utils/0.1/maven-shared-utils-0.1.jar
7f7774876000-7f777487a000 r--s 00030000 08:06 3152109                    /home/christian/.m2/repository/org/codehaus/plexus/plexus-utils/1.5.1/plexus-utils-1.5.1.jar
7f777487a000-7f777487c000 r--s 00009000 08:06 2519709                    /home/christian/.m2/repository/org/apache/maven/plugins/maven-compiler-plugin/3.1/maven-compiler-plugin-3.1.jar
7f777487c000-7f777487e000 r--s 0000d000 08:06 3547276                    /home/christian/.m2/repository/org/codehaus/plexus/plexus-interpolation/1.13/plexus-interpolation-1.13.jar
7f777487e000-7f777487f000 r--s 00001000 08:06 3281523                    /home/christian/.m2/repository/org/sonatype/plexus/plexus-build-api/0.0.4/plexus-build-api-0.0.4.jar
7f777487f000-7f7774881000 r--s 00009000 08:06 3547273                    /home/christian/.m2/repository/org/apache/maven/shared/maven-filtering/1.0/maven-filtering-1.0.jar
7f7774881000-7f7774882000 r--s 00001000 08:06 3418853                    /home/christian/.m2/repository/org/apache/maven/doxia/doxia-sink-api/1.0-alpha-7/doxia-sink-api-1.0-alpha-7.jar
7f7774882000-7f7774883000 r--s 00002000 08:06 3418852                    /home/christian/.m2/repository/org/apache/maven/reporting/maven-reporting-api/2.0.6/maven-reporting-api-2.0.6.jar
7f7774883000-7f7774885000 r--s 00005000 08:06 2393903                    /home/christian/.m2/repository/org/apache/maven/plugins/maven-resources-plugin/2.5/maven-resources-plugin-2.5.jar
7f7774885000-7f7774893000 r--s 0007f000 08:06 3547212                    /home/christian/.m2/repository/commons-collections/commons-collections/3.2.1/commons-collections-3.2.1.jar
7f7774893000-7f7774898000 r--s 00041000 08:06 3418850                    /home/christian/.m2/repository/commons-lang/commons-lang/2.6/commons-lang-2.6.jar
7f7774898000-7f777489a000 r--s 00006000 08:06 3547210                    /home/christian/.m2/repository/org/apache/maven/shared/maven-invoker/2.0.11/maven-invoker-2.0.11.jar
7f777489a000-7f777489c000 r--s 00006000 08:06 3547211                    /home/christian/.m2/repository/org/apache/maven/shared/maven-common-artifact-filters/1.4/maven-common-artifact-filters-1.4.jar
7f777489c000-7f777489e000 r--s 0000c000 08:06 3547205                    /home/christian/.m2/repository/org/apache/maven/shared/maven-dependency-tree/2.0/maven-dependency-tree-2.0.jar
7f777489e000-7f77748a0000 r--s 00000000 08:06 3547204                    /home/christian/.m2/repository/org/codehaus/plexus/plexus-component-annotations/1.5.5/plexus-component-annotations-1.5.5.jar
7f77748a0000-7f77748a2000 r--s 00005000 08:06 3547202                    /home/christian/.m2/repository/org/apache/maven/shared/maven-dependency-analyzer/1.3/maven-dependency-analyzer-1.3.jar
7f77748a2000-7f77748a5000 r--s 0000c000 08:06 3547200                    /home/christian/.m2/repository/org/codehaus/plexus/plexus-io/2.0.6/plexus-io-2.0.6.jar
7f77748a5000-7f77748a8000 r--s 0001b000 08:06 2261963                    /home/christian/.m2/repository/junit/junit/3.8.1/junit-3.8.1.jar
7f77748a8000-7f77748aa000 r--s 00008000 08:06 3418844                    /home/christian/.m2/repository/org/apache/maven/shared/maven-shared-io/1.1/maven-shared-io-1.1.jar
7f77748aa000-7f77748ae000 r--s 00035000 08:06 3418846                    /home/christian/.m2/repository/org/codehaus/plexus/plexus-utils/3.0.9/plexus-utils-3.0.9.jar
7f77748ae000-7f7774aae000 rw-p 00000000 00:00 0 
7f7774aae000-7f7774abf000 r-xp 00000000 08:06 2760935                    /home/christian/jdk1.8.0_101/jre/lib/amd64/libnio.so
7f7774abf000-7f7774cbe000 ---p 00011000 08:06 2760935                    /home/christian/jdk1.8.0_101/jre/lib/amd64/libnio.so
7f7774cbe000-7f7774cbf000 rw-p 00010000 08:06 2760935                    /home/christian/jdk1.8.0_101/jre/lib/amd64/libnio.so
7f7774cbf000-7f7774fc0000 rw-p 00000000 00:00 0 
7f7774fc0000-7f7774fd6000 r-xp 00000000 08:06 2760938                    /home/christian/jdk1.8.0_101/jre/lib/amd64/libnet.so
7f7774fd6000-7f77751d6000 ---p 00016000 08:06 2760938                    /home/christian/jdk1.8.0_101/jre/lib/amd64/libnet.so
7f77751d6000-7f77751d7000 rw-p 00016000 08:06 2760938                    /home/christian/jdk1.8.0_101/jre/lib/amd64/libnet.so
7f77751d7000-7f77751da000 ---p 00000000 00:00 0 
7f77751da000-7f7778000000 rw-p 00000000 00:00 0 
7f7778000000-7f7778021000 rw-p 00000000 00:00 0 
7f7778021000-7f777c000000 ---p 00000000 00:00 0 
7f777c000000-7f777c021000 rw-p 00000000 00:00 0 
7f777c021000-7f7780000000 ---p 00000000 00:00 0 
7f7780000000-7f7780021000 rw-p 00000000 00:00 0 
7f7780021000-7f7784000000 ---p 00000000 00:00 0 
7f7784000000-7f7784001000 r--s 0000a000 08:06 3547203                    /home/christian/.m2/repository/asm/asm/3.3.1/asm-3.3.1.jar
7f7784001000-7f7784003000 r--s 00008000 08:06 3418845                    /home/christian/.m2/repository/org/apache/maven/shared/file-management/1.2.1/file-management-1.2.1.jar
7f7784003000-7f7784008000 r--s 00029000 08:06 3418839                    /home/christian/.m2/repository/org/codehaus/plexus/plexus-archiver/2.2/plexus-archiver-2.2.jar
7f7784008000-7f778400a000 r--s 00004000 08:06 3418838                    /home/christian/.m2/repository/org/apache/maven/doxia/doxia-module-xhtml/1.0/doxia-module-xhtml-1.0.jar
7f778400a000-7f778400b000 r--s 00006000 08:06 3418837                    /home/christian/.m2/repository/org/apache/maven/doxia/doxia-module-xdoc/1.0/doxia-module-xdoc-1.0.jar
7f778400b000-7f778400c000 r--s 00004000 08:06 3418836                    /home/christian/.m2/repository/org/apache/maven/doxia/doxia-module-fml/1.0/doxia-module-fml-1.0.jar
7f778400c000-7f778400e000 r--s 0000a000 08:06 3418831                    /home/christian/.m2/repository/org/apache/maven/doxia/doxia-module-apt/1.0/doxia-module-apt-1.0.jar
7f778400e000-7f778400f000 r--s 0000b000 08:06 3418830                    /home/christian/.m2/repository/org/apache/maven/doxia/doxia-decoration-model/1.0/doxia-decoration-model-1.0.jar
7f778400f000-7f7784017000 r--s 00058000 08:06 2261961                    /home/christian/.m2/repository/org/apache/velocity/velocity/1.5/velocity-1.5.jar
7f7784017000-7f7784018000 r--s 00001000 08:06 3418829                    /home/christian/.m2/repository/org/codehaus/plexus/plexus-velocity/1.1.7/plexus-velocity-1.1.7.jar
7f7784018000-7f778401d000 r--s 00016000 08:06 3418820                    /home/christian/.m2/repository/xml-apis/xml-apis/1.0.b2/xml-apis-1.0.b2.jar
7f778401d000-7f778421d000 rw-p 00000000 00:00 0 
7f778421d000-7f778441d000 rw-p 00000000 00:00 0 
7f778441d000-7f778441e000 ---p 00000000 00:00 0 
7f778441e000-7f778451e000 rw-p 00000000 00:00 0 
7f778451e000-7f7784521000 ---p 00000000 00:00 0 
7f7784521000-7f778461f000 rw-p 00000000 00:00 0 
7f778461f000-7f7784622000 ---p 00000000 00:00 0 
7f7784622000-7f7784720000 rw-p 00000000 00:00 0 
7f7784720000-7f7784723000 ---p 00000000 00:00 0 
7f7784723000-7f7784821000 rw-p 00000000 00:00 0 
7f7784821000-7f7784824000 ---p 00000000 00:00 0 
7f7784824000-7f7784922000 rw-p 00000000 00:00 0 
7f7784922000-7f7784925000 ---p 00000000 00:00 0 
7f7784925000-7f7784a23000 rw-p 00000000 00:00 0 
7f7784a23000-7f7784cfd000 r--p 00000000 08:06 1180564                    /usr/lib/locale/locale-archive
7f7784cfd000-7f7784d00000 ---p 00000000 00:00 0 
7f7784d00000-7f7784dfe000 rw-p 00000000 00:00 0 
7f7784dfe000-7f7784e01000 ---p 00000000 00:00 0 
7f7784e01000-7f7784eff000 rw-p 00000000 00:00 0 
7f7784eff000-7f7784f00000 ---p 00000000 00:00 0 
7f7784f00000-7f7785000000 rw-p 00000000 00:00 0 
7f7785000000-7f7785c20000 rwxp 00000000 00:00 0 
7f7785c20000-7f7794000000 ---p 00000000 00:00 0 
7f7794000000-7f7795105000 rw-p 00000000 00:00 0 
7f7795105000-7f7798000000 ---p 00000000 00:00 0 
7f7798000000-7f7798001000 r--s 00002000 08:06 3418828                    /home/christian/.m2/repository/org/codehaus/plexus/plexus-i18n/1.0-beta-7/plexus-i18n-1.0-beta-7.jar
7f7798001000-7f7798003000 r--s 0000a000 08:06 3418822                    /home/christian/.m2/repository/org/apache/maven/doxia/doxia-site-renderer/1.0/doxia-site-renderer-1.0.jar
7f7798003000-7f7798004000 r--s 00002000 08:06 3418821                    /home/christian/.m2/repository/org/apache/maven/doxia/doxia-sink-api/1.0/doxia-sink-api-1.0.jar
7f7798004000-7f7798006000 r--s 0000e000 08:06 3418819                    /home/christian/.m2/repository/oro/oro/2.0.8/oro-2.0.8.jar
7f7798006000-7f7798008000 r--s 00008000 08:06 3418818                    /home/christian/.m2/repository/commons-logging/commons-logging/1.0.4/commons-logging-1.0.4.jar
7f7798008000-7f779800c000 r--s 00026000 08:06 3418812                    /home/christian/.m2/repository/commons-digester/commons-digester/1.6/commons-digester-1.6.jar
7f779800c000-7f7798011000 r--s 0002a000 08:06 3418811                    /home/christian/.m2/repository/commons-beanutils/commons-beanutils/1.7.0/commons-beanutils-1.7.0.jar
7f7798011000-7f7798014000 r--s 00014000 08:06 3418810                    /home/christian/.m2/repository/commons-validator/commons-validator/1.2.0/commons-validator-1.2.0.jar
7f7798014000-7f7798017000 r--s 00018000 08:06 3418809                    /home/christian/.m2/repository/commons-io/commons-io/1.4/commons-io-1.4.jar
7f7798017000-7f7798019000 r--s 00009000 08:06 3418808                    /home/christian/.m2/repository/org/apache/maven/shared/maven-doxia-tools/1.0.2/maven-doxia-tools-1.0.2.jar
7f7798019000-7f779801c000 r--s 0000b000 08:06 3418802                    /home/christian/.m2/repository/org/apache/maven/doxia/doxia-core/1.0/doxia-core-1.0.jar
7f779801c000-7f779801e000 r--s 00004000 08:06 3418800                    /home/christian/.m2/repository/org/apache/maven/reporting/maven-reporting-impl/2.0.5/maven-reporting-impl-2.0.5.jar
7f779801e000-7f779801f000 r--s 00002000 08:06 3418799                    /home/christian/.m2/repository/org/apache/maven/reporting/maven-reporting-api/3.0/maven-reporting-api-3.0.jar
7f779801f000-7f7798021000 r--s 00002000 08:06 3418801                    /home/christian/.m2/repository/org/codehaus/plexus/plexus-interactivity-api/1.0-alpha-4/plexus-interactivity-api-1.0-alpha-4.jar
7f7798021000-7f7798023000 r--s 00006000 08:06 3418798                    /home/christian/.m2/repository/commons-cli/commons-cli/1.0/commons-cli-1.0.jar
7f7798023000-7f7798026000 r--s 00021000 08:06 2764877                    /home/christian/.m2/repository/org/apache/maven/plugins/maven-dependency-plugin/2.6/maven-dependency-plugin-2.6.jar
7f7798026000-7f779802a000 r--s 00033000 08:06 3547274                    /home/christian/.m2/repository/org/codehaus/plexus/plexus-utils/2.0.5/plexus-utils-2.0.5.jar
7f779802a000-7f779802b000 r--s 00005000 08:06 2889804                    /home/christian/.m2/repository/org/apache/maven/plugins/maven-clean-plugin/2.4.1/maven-clean-plugin-2.4.1.jar
7f779802b000-7f779802c000 r--p 00000000 00:00 0 
7f779802c000-7f7798030000 r--s 00097000 08:06 2628939                    /home/christian/jdk1.8.0_101/jre/lib/jsse.jar
7f7798030000-7f7798032000 r--s 0000c000 08:06 3672201                    /home/christian/netbeans-8.1/java/maven-nblib/netbeans-eventspy.jar
7f7798032000-7f779803c000 r--s 00116000 08:06 3543282                    /home/christian/jdk1.8.0_101/jre/lib/ext/localedata.jar
7f779803c000-7f7798058000 r--s 00393000 08:06 3543295                    /home/christian/jdk1.8.0_101/jre/lib/ext/cldrdata.jar
7f7798058000-7f7798064000 r--s 0007b000 08:06 3672219                    /home/christian/netbeans-8.1/java/maven/lib/maven-core-3.0.5.jar
7f7798064000-7f7798067000 r--s 00008000 08:06 3672078                    /home/christian/netbeans-8.1/java/maven/lib/maven-settings-builder-3.0.5.jar
7f7798067000-7f779806e000 r--s 0003e000 08:06 3672177                    /home/christian/netbeans-8.1/java/maven/lib/sisu-inject-bean-2.3.0.jar
7f779806e000-7f7798073000 r--s 00020000 08:06 3672131                    /home/christian/netbeans-8.1/java/maven/lib/maven-model-builder-3.0.5.jar
7f7798073000-7f7798075000 r--s 0000a000 08:06 3672178                    /home/christian/netbeans-8.1/java/maven/lib/maven-plugin-api-3.0.5.jar
7f7798075000-7f7798076000 r--s 00003000 08:06 3672213                    /home/christian/netbeans-8.1/java/maven/lib/aether-spi-1.13.1.jar
7f7798076000-7f7798078000 r--s 0000b000 08:06 3672193                    /home/christian/netbeans-8.1/java/maven/lib/maven-artifact-3.0.5.jar
7f7798078000-7f779807a000 r--s 00006000 08:06 3671983                    /home/christian/netbeans-8.1/java/maven/lib/maven-repository-metadata-3.0.5.jar
7f779807a000-7f779807b000 r--s 00006000 08:06 3672132                    /home/christian/netbeans-8.1/java/maven/lib/plexus-sec-dispatcher-1.3.jar
7f779807b000-7f7798081000 r--s 0002b000 08:06 3672154                    /home/christian/netbeans-8.1/java/maven/lib/sisu-inject-plexus-2.3.0.jar
7f7798081000-7f7798084000 r--s 0001d000 08:06 3672207                    /home/christian/netbeans-8.1/java/maven/lib/aether-impl-1.13.1.jar
7f7798084000-7f7798087000 r--s 00025000 08:06 3672211                    /home/christian/netbeans-8.1/java/maven/lib/maven-model-3.0.5.jar
7f7798087000-7f77980a2000 r--s 000e0000 08:06 3672187                    /home/christian/netbeans-8.1/java/maven/lib/wagon-http-2.4-shaded.jar
7f77980a2000-7f77980c0000 r--s 0014f000 08:06 3672220                    /home/christian/netbeans-8.1/java/maven/lib/sisu-guava-0.9.9.jar
7f77980c0000-7f77980ee000 r--s 001c2000 08:06 3672134                    /home/christian/netbeans-8.1/java/maven/lib/ext/wagon-http-2.8-shaded.jar
7f77980ee000-7f77990d0000 rw-p 00000000 00:00 0 
7f77990d0000-7f77992a9000 r--s 03d29000 08:06 2629086                    /home/christian/jdk1.8.0_101/jre/lib/rt.jar
7f77992a9000-7f7799dfe000 rw-p 00000000 00:00 0 
7f7799dfe000-7f7799dff000 ---p 00000000 00:00 0 
7f7799dff000-7f7799eff000 rw-p 00000000 00:00 0 
7f7799eff000-7f7799f00000 ---p 00000000 00:00 0 
7f7799f00000-7f779a000000 rw-p 00000000 00:00 0 
7f779a000000-7f779a001000 ---p 00000000 00:00 0 
7f779a001000-7f779a101000 rw-p 00000000 00:00 0 
7f779a101000-7f779a102000 ---p 00000000 00:00 0 
7f779a102000-7f779a221000 rw-p 00000000 00:00 0 
7f779a221000-7f779a3ec000 ---p 00000000 00:00 0 
7f779a3ec000-7f779a40b000 rw-p 00000000 00:00 0 
7f779a40b000-7f779a5d6000 ---p 00000000 00:00 0 
7f779a5d6000-7f779a60c000 rw-p 00000000 00:00 0 
7f779a60c000-7f779a6cb000 ---p 00000000 00:00 0 
7f779a6cb000-7f779a6fd000 rw-p 00000000 00:00 0 
7f779a6fd000-7f779aa8c000 ---p 00000000 00:00 0 
7f779aa8c000-7f779aaa6000 r-xp 00000000 08:06 2760934                    /home/christian/jdk1.8.0_101/jre/lib/amd64/libzip.so
7f779aaa6000-7f779aca6000 ---p 0001a000 08:06 2760934                    /home/christian/jdk1.8.0_101/jre/lib/amd64/libzip.so
7f779aca6000-7f779aca7000 rw-p 0001a000 08:06 2760934                    /home/christian/jdk1.8.0_101/jre/lib/amd64/libzip.so
7f779aca7000-7f779acb2000 r-xp 00000000 08:06 3422177                    /lib/x86_64-linux-gnu/libnss_files-2.23.so
7f779acb2000-7f779aeb1000 ---p 0000b000 08:06 3422177                    /lib/x86_64-linux-gnu/libnss_files-2.23.so
7f779aeb1000-7f779aeb2000 r--p 0000a000 08:06 3422177                    /lib/x86_64-linux-gnu/libnss_files-2.23.so
7f779aeb2000-7f779aeb3000 rw-p 0000b000 08:06 3422177                    /lib/x86_64-linux-gnu/libnss_files-2.23.so
7f779aeb3000-7f779aeb9000 rw-p 00000000 00:00 0 
7f779aeb9000-7f779aec4000 r-xp 00000000 08:06 3420598                    /lib/x86_64-linux-gnu/libnss_nis-2.23.so
7f779aec4000-7f779b0c3000 ---p 0000b000 08:06 3420598                    /lib/x86_64-linux-gnu/libnss_nis-2.23.so
7f779b0c3000-7f779b0c4000 r--p 0000a000 08:06 3420598                    /lib/x86_64-linux-gnu/libnss_nis-2.23.so
7f779b0c4000-7f779b0c5000 rw-p 0000b000 08:06 3420598                    /lib/x86_64-linux-gnu/libnss_nis-2.23.so
7f779b0c5000-7f779b0db000 r-xp 00000000 08:06 3422172                    /lib/x86_64-linux-gnu/libnsl-2.23.so
7f779b0db000-7f779b2da000 ---p 00016000 08:06 3422172                    /lib/x86_64-linux-gnu/libnsl-2.23.so
7f779b2da000-7f779b2db000 r--p 00015000 08:06 3422172                    /lib/x86_64-linux-gnu/libnsl-2.23.so
7f779b2db000-7f779b2dc000 rw-p 00016000 08:06 3422172                    /lib/x86_64-linux-gnu/libnsl-2.23.so
7f779b2dc000-7f779b2de000 rw-p 00000000 00:00 0 
7f779b2de000-7f779b2e6000 r-xp 00000000 08:06 3422179                    /lib/x86_64-linux-gnu/libnss_compat-2.23.so
7f779b2e6000-7f779b4e5000 ---p 00008000 08:06 3422179                    /lib/x86_64-linux-gnu/libnss_compat-2.23.so
7f779b4e5000-7f779b4e6000 r--p 00007000 08:06 3422179                    /lib/x86_64-linux-gnu/libnss_compat-2.23.so
7f779b4e6000-7f779b4e7000 rw-p 00008000 08:06 3422179                    /lib/x86_64-linux-gnu/libnss_compat-2.23.so
7f779b4e7000-7f779b511000 r-xp 00000000 08:06 2760924                    /home/christian/jdk1.8.0_101/jre/lib/amd64/libjava.so
7f779b511000-7f779b711000 ---p 0002a000 08:06 2760924                    /home/christian/jdk1.8.0_101/jre/lib/amd64/libjava.so
7f779b711000-7f779b713000 rw-p 0002a000 08:06 2760924                    /home/christian/jdk1.8.0_101/jre/lib/amd64/libjava.so
7f779b713000-7f779b720000 r-xp 00000000 08:06 2760901                    /home/christian/jdk1.8.0_101/jre/lib/amd64/libverify.so
7f779b720000-7f779b920000 ---p 0000d000 08:06 2760901                    /home/christian/jdk1.8.0_101/jre/lib/amd64/libverify.so
7f779b920000-7f779b922000 rw-p 0000d000 08:06 2760901                    /home/christian/jdk1.8.0_101/jre/lib/amd64/libverify.so
7f779b922000-7f779b929000 r-xp 00000000 08:06 3422180                    /lib/x86_64-linux-gnu/librt-2.23.so
7f779b929000-7f779bb28000 ---p 00007000 08:06 3422180                    /lib/x86_64-linux-gnu/librt-2.23.so
7f779bb28000-7f779bb29000 r--p 00006000 08:06 3422180                    /lib/x86_64-linux-gnu/librt-2.23.so
7f779bb29000-7f779bb2a000 rw-p 00007000 08:06 3422180                    /lib/x86_64-linux-gnu/librt-2.23.so
7f779bb2a000-7f779bc32000 r-xp 00000000 08:06 3422085                    /lib/x86_64-linux-gnu/libm-2.23.so
7f779bc32000-7f779be31000 ---p 00108000 08:06 3422085                    /lib/x86_64-linux-gnu/libm-2.23.so
7f779be31000-7f779be32000 r--p 00107000 08:06 3422085                    /lib/x86_64-linux-gnu/libm-2.23.so
7f779be32000-7f779be33000 rw-p 00108000 08:06 3422085                    /lib/x86_64-linux-gnu/libm-2.23.so
7f779be33000-7f779cafe000 r-xp 00000000 08:06 3543261                    /home/christian/jdk1.8.0_101/jre/lib/amd64/server/libjvm.so
7f779cafe000-7f779ccfd000 ---p 00ccb000 08:06 3543261                    /home/christian/jdk1.8.0_101/jre/lib/amd64/server/libjvm.so
7f779ccfd000-7f779cdd6000 rw-p 00cca000 08:06 3543261                    /home/christian/jdk1.8.0_101/jre/lib/amd64/server/libjvm.so
7f779cdd6000-7f779ce21000 rw-p 00000000 00:00 0 
7f779ce21000-7f779cfe0000 r-xp 00000000 08:06 3422173                    /lib/x86_64-linux-gnu/libc-2.23.so
7f779cfe0000-7f779d1e0000 ---p 001bf000 08:06 3422173                    /lib/x86_64-linux-gnu/libc-2.23.so
7f779d1e0000-7f779d1e4000 r--p 001bf000 08:06 3422173                    /lib/x86_64-linux-gnu/libc-2.23.so
7f779d1e4000-7f779d1e6000 rw-p 001c3000 08:06 3422173                    /lib/x86_64-linux-gnu/libc-2.23.so
7f779d1e6000-7f779d1ea000 rw-p 00000000 00:00 0 
7f779d1ea000-7f779d1ed000 r-xp 00000000 08:06 3420597                    /lib/x86_64-linux-gnu/libdl-2.23.so
7f779d1ed000-7f779d3ec000 ---p 00003000 08:06 3420597                    /lib/x86_64-linux-gnu/libdl-2.23.so
7f779d3ec000-7f779d3ed000 r--p 00002000 08:06 3420597                    /lib/x86_64-linux-gnu/libdl-2.23.so
7f779d3ed000-7f779d3ee000 rw-p 00003000 08:06 3420597                    /lib/x86_64-linux-gnu/libdl-2.23.so
7f779d3ee000-7f779d403000 r-xp 00000000 08:06 3543315                    /home/christian/jdk1.8.0_101/lib/amd64/jli/libjli.so
7f779d403000-7f779d603000 ---p 00015000 08:06 3543315                    /home/christian/jdk1.8.0_101/lib/amd64/jli/libjli.so
7f779d603000-7f779d604000 rw-p 00015000 08:06 3543315                    /home/christian/jdk1.8.0_101/lib/amd64/jli/libjli.so
7f779d604000-7f779d61c000 r-xp 00000000 08:06 3422184                    /lib/x86_64-linux-gnu/libpthread-2.23.so
7f779d61c000-7f779d81b000 ---p 00018000 08:06 3422184                    /lib/x86_64-linux-gnu/libpthread-2.23.so
7f779d81b000-7f779d81c000 r--p 00017000 08:06 3422184                    /lib/x86_64-linux-gnu/libpthread-2.23.so
7f779d81c000-7f779d81d000 rw-p 00018000 08:06 3422184                    /lib/x86_64-linux-gnu/libpthread-2.23.so
7f779d81d000-7f779d821000 rw-p 00000000 00:00 0 
7f779d821000-7f779d847000 r-xp 00000000 08:06 3422174                    /lib/x86_64-linux-gnu/ld-2.23.so
7f779d847000-7f779d84d000 r--s 0003e000 08:06 3672206                    /home/christian/netbeans-8.1/java/maven/lib/maven-compat-3.0.5.jar
7f779d84d000-7f779d851000 r--s 00012000 08:06 3672214                    /home/christian/netbeans-8.1/java/maven/lib/aether-api-1.13.1.jar
7f779d851000-7f779d853000 r--s 0000a000 08:06 3672194                    /home/christian/netbeans-8.1/java/maven/lib/maven-settings-3.0.5.jar
7f779d853000-7f779d854000 r--s 00009000 08:06 3672222                    /home/christian/netbeans-8.1/java/maven/lib/commons-cli-1.2.jar
7f779d854000-7f779d855000 r--s 00002000 08:06 3672224                    /home/christian/netbeans-8.1/java/maven/lib/wagon-file-2.4.jar
7f779d855000-7f779d857000 r--s 00009000 08:06 3672192                    /home/christian/netbeans-8.1/java/maven/lib/maven-embedder-3.0.5.jar
7f779d857000-7f779d85f000 r--s 0004e000 08:06 3672167                    /home/christian/netbeans-8.1/java/maven/lib/sisu-guice-3.1.0-no_aop.jar
7f779d85f000-7f779d920000 rw-p 00000000 00:00 0 
7f779d920000-7f779d923000 ---p 00000000 00:00 0 
7f779d923000-7f779da25000 rw-p 00000000 00:00 0 
7f779da25000-7f779da27000 r--s 0000d000 08:06 3672135                    /home/christian/netbeans-8.1/java/maven/lib/plexus-interpolation-1.14.jar
7f779da27000-7f779da29000 r--s 00002000 08:06 3672212                    /home/christian/netbeans-8.1/java/maven/lib/plexus-cipher-1.7.jar
7f779da29000-7f779da2c000 r--s 00033000 08:06 3672205                    /home/christian/netbeans-8.1/java/maven/lib/plexus-utils-2.0.6.jar
7f779da2c000-7f779da2e000 r--s 00000000 08:06 3671862                    /home/christian/netbeans-8.1/java/maven/lib/plexus-component-annotations-1.5.5.jar
7f779da2e000-7f779da30000 r--s 0000b000 08:06 3672179                    /home/christian/netbeans-8.1/java/maven/lib/wagon-provider-api-2.4.jar
7f779da30000-7f779da34000 r--s 0001c000 08:06 3672208                    /home/christian/netbeans-8.1/java/maven/lib/aether-util-1.13.1.jar
7f779da34000-7f779da36000 r--s 0000c000 08:06 3672096                    /home/christian/netbeans-8.1/java/maven/lib/maven-aether-provider-3.0.5.jar
7f779da36000-7f779da38000 r--s 00006000 08:06 3672049                    /home/christian/netbeans-8.1/java/maven/lib/aether-connector-wagon-1.13.1.jar
7f779da38000-7f779da3a000 r--s 0000a000 08:06 3672166                    /home/christian/netbeans-8.1/java/maven/boot/plexus-classworlds-2.4.jar
7f779da3a000-7f779da42000 rw-s 00000000 08:06 3290582                    /tmp/hsperfdata_christian/27867
7f779da42000-7f779da43000 rw-p 00000000 00:00 0 
7f779da43000-7f779da44000 ---p 00000000 00:00 0 
7f779da44000-7f779da46000 rw-p 00000000 00:00 0 
7f779da46000-7f779da47000 r--p 00025000 08:06 3422174                    /lib/x86_64-linux-gnu/ld-2.23.so
7f779da47000-7f779da48000 rw-p 00026000 08:06 3422174                    /lib/x86_64-linux-gnu/ld-2.23.so
7f779da48000-7f779da49000 rw-p 00000000 00:00 0 
7ffc2eaab000-7ffc2eacc000 rw-p 00000000 00:00 0                          [stack]
7ffc2ebaa000-7ffc2ebac000 r--p 00000000 00:00 0                          [vvar]
7ffc2ebac000-7ffc2ebae000 r-xp 00000000 00:00 0                          [vdso]
ffffffffff600000-ffffffffff601000 r-xp 00000000 00:00 0                  [vsyscall]

VM Arguments:
jvm_args: -Dclassworlds.conf=/home/christian/netbeans-8.1/java/maven/bin/m2.conf -Dmaven.home=/home/christian/netbeans-8.1/java/maven 
java_command: org.codehaus.plexus.classworlds.launcher.Launcher -Dmaven.ext.class.path=/home/christian/netbeans-8.1/java/maven-nblib/netbeans-eventspy.jar clean install
java_class_path (initial): /home/christian/netbeans-8.1/java/maven/boot/plexus-classworlds-2.4.jar
Launcher Type: SUN_STANDARD

Environment Variables:
JAVA_HOME=/home/christian/jdk1.8.0_101
PATH=/home/christian/bin:/home/christian/.local/bin:/usr/local/sbin:/usr/local/bin:/usr/sbin:/usr/bin:/sbin:/bin:/usr/games:/usr/local/games:/snap/bin
LD_LIBRARY_PATH=/home/christian/jdk1.8.0_101/jre/lib/amd64:/home/christian/jdk1.8.0_101/jre/lib/i386:
SHELL=/bin/bash
DISPLAY=:0

Signal Handlers:
SIGSEGV: [libjvm.so+0xac4790], sa_mask[0]=11111111011111111101111111111110, sa_flags=SA_RESTART|SA_SIGINFO
SIGBUS: [libjvm.so+0xac4790], sa_mask[0]=11111111011111111101111111111110, sa_flags=SA_RESTART|SA_SIGINFO
SIGFPE: [libjvm.so+0x91f140], sa_mask[0]=11111111011111111101111111111110, sa_flags=SA_RESTART|SA_SIGINFO
SIGPIPE: [libjvm.so+0x91f140], sa_mask[0]=11111111011111111101111111111110, sa_flags=SA_RESTART|SA_SIGINFO
SIGXFSZ: [libjvm.so+0x91f140], sa_mask[0]=11111111011111111101111111111110, sa_flags=SA_RESTART|SA_SIGINFO
SIGILL: [libjvm.so+0x91f140], sa_mask[0]=11111111011111111101111111111110, sa_flags=SA_RESTART|SA_SIGINFO
SIGUSR1: SIG_DFL, sa_mask[0]=00000000000000000000000000000000, sa_flags=none
SIGUSR2: [libjvm.so+0x920770], sa_mask[0]=00100000000000000000000000000000, sa_flags=SA_RESTART|SA_SIGINFO
SIGHUP: [libjvm.so+0x921b70], sa_mask[0]=11111111011111111101111111111110, sa_flags=SA_RESTART|SA_SIGINFO
SIGINT: SIG_IGN, sa_mask[0]=00000000000000000000000000000000, sa_flags=none
SIGTERM: [libjvm.so+0x921b70], sa_mask[0]=11111111011111111101111111111110, sa_flags=SA_RESTART|SA_SIGINFO
SIGQUIT: [libjvm.so+0x921b70], sa_mask[0]=11111111011111111101111111111110, sa_flags=SA_RESTART|SA_SIGINFO


---------------  S Y S T E M  ---------------

OS:DISTRIB_ID=Ubuntu
DISTRIB_RELEASE=16.04
DISTRIB_CODENAME=xenial
DISTRIB_DESCRIPTION="Ubuntu 16.04.2 LTS"

uname:Linux 4.4.0-71-generic #92-Ubuntu SMP Fri Mar 24 12:59:01 UTC 2017 x86_64
libc:glibc 2.23 NPTL 2.23 
rlimit: STACK 8192k, CORE 0k, NPROC 23342, NOFILE 65536, AS infinity
load average:4,73 1,53 1,20

/proc/meminfo:
MemTotal:        6016240 kB
MemFree:          125708 kB
MemAvailable:      50636 kB
Buffers:            1660 kB
Cached:           716380 kB
SwapCached:          892 kB
Active:          4550876 kB
Inactive:        1031760 kB
Active(anon):    4545648 kB
Inactive(anon):  1004796 kB
Active(file):       5228 kB
Inactive(file):    26964 kB
Unevictable:          64 kB
Mlocked:              64 kB
SwapTotal:       3998716 kB
SwapFree:              0 kB
Dirty:               196 kB
Writeback:             0 kB
AnonPages:       4865452 kB
Mapped:           108980 kB
Shmem:            684576 kB
Slab:             126232 kB
SReclaimable:      70288 kB
SUnreclaim:        55944 kB
KernelStack:       19088 kB
PageTables:        89564 kB
NFS_Unstable:          0 kB
Bounce:                0 kB
WritebackTmp:          0 kB
CommitLimit:     7006836 kB
Committed_AS:   18950668 kB
VmallocTotal:   34359738367 kB
VmallocUsed:           0 kB
VmallocChunk:          0 kB
HardwareCorrupted:     0 kB
AnonHugePages:    950272 kB
CmaTotal:              0 kB
CmaFree:               0 kB
HugePages_Total:       0
HugePages_Free:        0
HugePages_Rsvd:        0
HugePages_Surp:        0
Hugepagesize:       2048 kB
DirectMap4k:      727328 kB
DirectMap2M:     5470208 kB


CPU:total 4 (2 cores per cpu, 2 threads per core) family 6 model 42 stepping 7, cmov, cx8, fxsr, mmx, sse, sse2, sse3, ssse3, sse4.1, sse4.2, popcnt, avx, aes, clmul, ht, tsc, tscinvbit

/proc/cpuinfo:
processor	: 0
vendor_id	: GenuineIntel
cpu family	: 6
model		: 42
model name	: Intel(R) Core(TM) i5-2450M CPU @ 2.50GHz
stepping	: 7
microcode	: 0x29
cpu MHz		: 1460.156
cache size	: 3072 KB
physical id	: 0
siblings	: 4
core id		: 0
cpu cores	: 2
apicid		: 0
initial apicid	: 0
fpu		: yes
fpu_exception	: yes
cpuid level	: 13
wp		: yes
flags		: fpu vme de pse tsc msr pae mce cx8 apic sep mtrr pge mca cmov pat pse36 clflush dts acpi mmx fxsr sse sse2 ss ht tm pbe syscall nx rdtscp lm constant_tsc arch_perfmon pebs bts rep_good nopl xtopology nonstop_tsc aperfmperf eagerfpu pni pclmulqdq dtes64 monitor ds_cpl vmx est tm2 ssse3 cx16 xtpr pdcm pcid sse4_1 sse4_2 x2apic popcnt tsc_deadline_timer aes xsave avx lahf_lm epb tpr_shadow vnmi flexpriority ept vpid xsaveopt dtherm ida arat pln pts
bugs		:
bogomips	: 4989.01
clflush size	: 64
cache_alignment	: 64
address sizes	: 36 bits physical, 48 bits virtual
power management:

processor	: 1
vendor_id	: GenuineIntel
cpu family	: 6
model		: 42
model name	: Intel(R) Core(TM) i5-2450M CPU @ 2.50GHz
stepping	: 7
microcode	: 0x29
cpu MHz		: 1504.980
cache size	: 3072 KB
physical id	: 0
siblings	: 4
core id		: 1
cpu cores	: 2
apicid		: 2
initial apicid	: 2
fpu		: yes
fpu_exception	: yes
cpuid level	: 13
wp		: yes
flags		: fpu vme de pse tsc msr pae mce cx8 apic sep mtrr pge mca cmov pat pse36 clflush dts acpi mmx fxsr sse sse2 ss ht tm pbe syscall nx rdtscp lm constant_tsc arch_perfmon pebs bts rep_good nopl xtopology nonstop_tsc aperfmperf eagerfpu pni pclmulqdq dtes64 monitor ds_cpl vmx est tm2 ssse3 cx16 xtpr pdcm pcid sse4_1 sse4_2 x2apic popcnt tsc_deadline_timer aes xsave avx lahf_lm epb tpr_shadow vnmi flexpriority ept vpid xsaveopt dtherm ida arat pln pts
bugs		:
bogomips	: 4989.01
clflush size	: 64
cache_alignment	: 64
address sizes	: 36 bits physical, 48 bits virtual
power management:

processor	: 2
vendor_id	: GenuineIntel
cpu family	: 6
model		: 42
model name	: Intel(R) Core(TM) i5-2450M CPU @ 2.50GHz
stepping	: 7
microcode	: 0x29
cpu MHz		: 1335.156
cache size	: 3072 KB
physical id	: 0
siblings	: 4
core id		: 0
cpu cores	: 2
apicid		: 1
initial apicid	: 1
fpu		: yes
fpu_exception	: yes
cpuid level	: 13
wp		: yes
flags		: fpu vme de pse tsc msr pae mce cx8 apic sep mtrr pge mca cmov pat pse36 clflush dts acpi mmx fxsr sse sse2 ss ht tm pbe syscall nx rdtscp lm constant_tsc arch_perfmon pebs bts rep_good nopl xtopology nonstop_tsc aperfmperf eagerfpu pni pclmulqdq dtes64 monitor ds_cpl vmx est tm2 ssse3 cx16 xtpr pdcm pcid sse4_1 sse4_2 x2apic popcnt tsc_deadline_timer aes xsave avx lahf_lm epb tpr_shadow vnmi flexpriority ept vpid xsaveopt dtherm ida arat pln pts
bugs		:
bogomips	: 4989.01
clflush size	: 64
cache_alignment	: 64
address sizes	: 36 bits physical, 48 bits virtual
power management:

processor	: 3
vendor_id	: GenuineIntel
cpu family	: 6
model		: 42
model name	: Intel(R) Core(TM) i5-2450M CPU @ 2.50GHz
stepping	: 7
microcode	: 0x29
cpu MHz		: 1329.394
cache size	: 3072 KB
physical id	: 0
siblings	: 4
core id		: 1
cpu cores	: 2
apicid		: 3
initial apicid	: 3
fpu		: yes
fpu_exception	: yes
cpuid level	: 13
wp		: yes
flags		: fpu vme de pse tsc msr pae mce cx8 apic sep mtrr pge mca cmov pat pse36 clflush dts acpi mmx fxsr sse sse2 ss ht tm pbe syscall nx rdtscp lm constant_tsc arch_perfmon pebs bts rep_good nopl xtopology nonstop_tsc aperfmperf eagerfpu pni pclmulqdq dtes64 monitor ds_cpl vmx est tm2 ssse3 cx16 xtpr pdcm pcid sse4_1 sse4_2 x2apic popcnt tsc_deadline_timer aes xsave avx lahf_lm epb tpr_shadow vnmi flexpriority ept vpid xsaveopt dtherm ida arat pln pts
bugs		:
bogomips	: 4989.01
clflush size	: 64
cache_alignment	: 64
address sizes	: 36 bits physical, 48 bits virtual
power management:



Memory: 4k page, physical 6016240k(125460k free), swap 3998716k(0k free)

vm_info: Java HotSpot(TM) 64-Bit Server VM (25.101-b13) for linux-amd64 JRE (1.8.0_101-b13), built on Jun 22 2016 02:59:44 by "java_re" with gcc 4.3.0 20080428 (Red Hat 4.3.0-8)

time: Sat Apr  8 22:21:27 2017
elapsed time: 17 seconds (0d 0h 0m 17s)

