#
# There is insufficient memory for the Java Runtime Environment to continue.
# Native memory allocation (mmap) failed to map 105906176 bytes for committing reserved memory.
# Possible reasons:
#   The system is out of physical RAM or swap space
#   In 32 bit mode, the process size limit was hit
# Possible solutions:
#   Reduce memory load on the system
#   Increase physical memory or swap space
#   Check if swap backing store is full
#   Use 64 bit Java on a 64 bit OS
#   Decrease Java heap size (-Xmx/-Xms)
#   Decrease number of Java threads
#   Decrease Java thread stack sizes (-Xss)
#   Set larger code cache with -XX:ReservedCodeCacheSize=
# This output file may be truncated or incomplete.
#
#  Out of Memory Error (os_linux.cpp:2627), pid=27616, tid=0x00007f5b37afa700
#
# JRE version: Java(TM) SE Runtime Environment (8.0_101-b13) (build 1.8.0_101-b13)
# Java VM: Java HotSpot(TM) 64-Bit Server VM (25.101-b13 mixed mode linux-amd64 compressed oops)
# Failed to write core dump. Core dumps have been disabled. To enable core dumping, try "ulimit -c unlimited" before starting Java again
#

---------------  T H R E A D  ---------------

Current thread (0x00007f5b5c077800):  VMThread [stack: 0x00007f5b379fa000,0x00007f5b37afb000] [id=27636]

Stack: [0x00007f5b379fa000,0x00007f5b37afb000],  sp=0x00007f5b37af9100,  free space=1020k
Native frames: (J=compiled Java code, j=interpreted, Vv=VM code, C=native code)
V  [libjvm.so+0xac3f0a]  VMError::report_and_die()+0x2ba
V  [libjvm.so+0x4fbf9b]  report_vm_out_of_memory(char const*, int, unsigned long, VMErrorType, char const*)+0x8b
V  [libjvm.so+0x9222d3]  os::Linux::commit_memory_impl(char*, unsigned long, bool)+0x103
V  [libjvm.so+0x922829]  os::pd_commit_memory(char*, unsigned long, unsigned long, bool)+0x29
V  [libjvm.so+0x91cb2a]  os::commit_memory(char*, unsigned long, unsigned long, bool)+0x2a
V  [libjvm.so+0x991053]  PSVirtualSpace::expand_by(unsigned long)+0x53
V  [libjvm.so+0x992458]  PSYoungGen::resize_generation(unsigned long, unsigned long)+0xf8
V  [libjvm.so+0x9915b2]  PSYoungGen::resize(unsigned long, unsigned long)+0x22
V  [libjvm.so+0x98e88b]  PSScavenge::invoke_no_policy()+0xf3b
V  [libjvm.so+0x989b35]  PSParallelCompact::invoke(bool)+0x85
V  [libjvm.so+0x482ad4]  CollectedHeap::collect_as_vm_thread(GCCause::Cause)+0x114
V  [libjvm.so+0xac5381]  VM_CollectForMetadataAllocation::doit()+0x161
V  [libjvm.so+0xacd405]  VM_Operation::evaluate()+0x55
V  [libjvm.so+0xacb7da]  VMThread::evaluate_operation(VM_Operation*)+0xba
V  [libjvm.so+0xacbb5e]  VMThread::loop()+0x1ce
V  [libjvm.so+0xacbfd0]  VMThread::run()+0x70
V  [libjvm.so+0x924698]  java_start(Thread*)+0x108

VM_Operation (0x00007f5b632d1750): CollectForMetadataAllocation, mode: safepoint, requested by thread 0x00007f5b5c00a000


---------------  P R O C E S S  ---------------

Java Threads: ( => current thread )
  0x00007f5b5c658800 JavaThread "process reaper" daemon [_thread_blocked, id=27646, stack(0x00007f5b36ad1000,0x00007f5b36b0a000)]
  0x00007f5b5c0c8000 JavaThread "Service Thread" daemon [_thread_blocked, id=27643, stack(0x00007f5b37019000,0x00007f5b3711a000)]
  0x00007f5b5c0bd000 JavaThread "C1 CompilerThread2" daemon [_thread_blocked, id=27642, stack(0x00007f5b3711a000,0x00007f5b3721b000)]
  0x00007f5b5c0bb800 JavaThread "C2 CompilerThread1" daemon [_thread_blocked, id=27641, stack(0x00007f5b3721b000,0x00007f5b3731c000)]
  0x00007f5b5c0b8800 JavaThread "C2 CompilerThread0" daemon [_thread_blocked, id=27640, stack(0x00007f5b3731c000,0x00007f5b3741d000)]
  0x00007f5b5c0b7000 JavaThread "Signal Dispatcher" daemon [_thread_blocked, id=27639, stack(0x00007f5b3741d000,0x00007f5b3751e000)]
  0x00007f5b5c084000 JavaThread "Finalizer" daemon [_thread_blocked, id=27638, stack(0x00007f5b377f8000,0x00007f5b378f9000)]
  0x00007f5b5c07f800 JavaThread "Reference Handler" daemon [_thread_blocked, id=27637, stack(0x00007f5b378f9000,0x00007f5b379fa000)]
  0x00007f5b5c00a000 JavaThread "main" [_thread_blocked, id=27624, stack(0x00007f5b631d4000,0x00007f5b632d5000)]

Other Threads:
=>0x00007f5b5c077800 VMThread [stack: 0x00007f5b379fa000,0x00007f5b37afb000] [id=27636]
  0x00007f5b5c0cb000 WatcherThread [stack: 0x00007f5b36f18000,0x00007f5b37019000] [id=27644]

VM state:at safepoint (normal execution)

VM Mutex/Monitor currently owned by a thread:  ([mutex/lock_event])
[0x00007f5b5c0061e0] Threads_lock - owner thread: 0x00007f5b5c077800
[0x00007f5b5c0066e0] Heap_lock - owner thread: 0x00007f5b5c00a000

Heap:
 PSYoungGen      total 103424K, used 7661K [0x00000000e1600000, 0x00000000e8300000, 0x0000000100000000)
  eden space 95744K, 0% used [0x00000000e1600000,0x00000000e1600000,0x00000000e7380000)
  from space 7680K, 99% used [0x00000000e7380000,0x00000000e7afb500,0x00000000e7b00000)
  to   space 7168K, 0% used [0x00000000e7b00000,0x00000000e7b00000,0x00000000e8200000)
 ParOldGen       total 62976K, used 14044K [0x00000000a4200000, 0x00000000a7f80000, 0x00000000e1600000)
  object space 62976K, 22% used [0x00000000a4200000,0x00000000a4fb7030,0x00000000a7f80000)
 Metaspace       used 20539K, capacity 21116K, committed 21296K, reserved 1069056K
  class space    used 2440K, capacity 2602K, committed 2688K, reserved 1048576K

Card table byte_map: [0x00007f5b60060000,0x00007f5b60340000] byte_map_base: 0x00007f5b5fb3f000

Marking Bits: (ParMarkBitMap*) 0x00007f5b626a8120
 Begin Bits: [0x00007f5b45210000, 0x00007f5b46908000)
 End Bits:   [0x00007f5b46908000, 0x00007f5b48000000)

Polling page: 0x00007f5b632f7000

CodeCache: size=245760Kb used=11897Kb max_used=11909Kb free=233862Kb
 bounds [0x00007f5b4d000000, 0x00007f5b4dbb0000, 0x00007f5b5c000000]
 total_blobs=3912 nmethods=3539 adapters=286
 compilation: enabled

Compilation events (10 events):
Event: 4,970 Thread 0x00007f5b5c0bd000 nmethod 3540 0x00007f5b4db9fe10 code [0x00007f5b4db9ff80, 0x00007f5b4dba0208]
Event: 4,970 Thread 0x00007f5b5c0bd000 3546       3       com.sun.tools.javac.util.Bits::incl (89 bytes)
Event: 4,972 Thread 0x00007f5b5c0bd000 nmethod 3546 0x00007f5b4dba3050 code [0x00007f5b4dba32c0, 0x00007f5b4dba41d8]
Event: 4,972 Thread 0x00007f5b5c0bd000 3547       3       com.sun.tools.javac.jvm.ClassWriter::endAttr (21 bytes)
Event: 4,972 Thread 0x00007f5b5c0bd000 nmethod 3547 0x00007f5b4db9fa10 code [0x00007f5b4db9fb80, 0x00007f5b4db9fd28]
Event: 4,972 Thread 0x00007f5b5c0bd000 3548       3       com.sun.tools.javac.jvm.ClassWriter::putInt (64 bytes)
Event: 4,972 Thread 0x00007f5b5c0bd000 nmethod 3548 0x00007f5b4dba4990 code [0x00007f5b4dba4b00, 0x00007f5b4dba4d10]
Event: 4,972 Thread 0x00007f5b5c0bd000 3549       1       com.sun.tools.javac.code.Symbol$DelegatedSymbol::getUnderlyingSymbol (5 bytes)
Event: 4,972 Thread 0x00007f5b5c0bd000 nmethod 3549 0x00007f5b4dba4e90 code [0x00007f5b4dba4fe0, 0x00007f5b4dba50f0]
Event: 4,973 Thread 0x00007f5b5c0bb800 nmethod 3544 0x00007f5b4dba8090 code [0x00007f5b4dba8200, 0x00007f5b4dba8528]

GC Heap History (10 events):
Event: 1,304 GC heap after
Heap after GC invocations=2 (full 0):
 PSYoungGen      total 27648K, used 3561K [0x00000000e1600000, 0x00000000e4c00000, 0x0000000100000000)
  eden space 24064K, 0% used [0x00000000e1600000,0x00000000e1600000,0x00000000e2d80000)
  from space 3584K, 99% used [0x00000000e3100000,0x00000000e347a618,0x00000000e3480000)
  to   space 3584K, 0% used [0x00000000e2d80000,0x00000000e2d80000,0x00000000e3100000)
 ParOldGen       total 62976K, used 1150K [0x00000000a4200000, 0x00000000a7f80000, 0x00000000e1600000)
  object space 62976K, 1% used [0x00000000a4200000,0x00000000a431f9d0,0x00000000a7f80000)
 Metaspace       used 9596K, capacity 9800K, committed 10112K, reserved 1058816K
  class space    used 1227K, capacity 1281K, committed 1408K, reserved 1048576K
}
Event: 1,890 GC heap before
{Heap before GC invocations=3 (full 0):
 PSYoungGen      total 27648K, used 27625K [0x00000000e1600000, 0x00000000e4c00000, 0x0000000100000000)
  eden space 24064K, 100% used [0x00000000e1600000,0x00000000e2d80000,0x00000000e2d80000)
  from space 3584K, 99% used [0x00000000e3100000,0x00000000e347a618,0x00000000e3480000)
  to   space 3584K, 0% used [0x00000000e2d80000,0x00000000e2d80000,0x00000000e3100000)
 ParOldGen       total 62976K, used 1150K [0x00000000a4200000, 0x00000000a7f80000, 0x00000000e1600000)
  object space 62976K, 1% used [0x00000000a4200000,0x00000000a431f9d0,0x00000000a7f80000)
 Metaspace       used 13053K, capacity 13406K, committed 13568K, reserved 1060864K
  class space    used 1602K, capacity 1695K, committed 1792K, reserved 1048576K
Event: 1,898 GC heap after
Heap after GC invocations=3 (full 0):
 PSYoungGen      total 27648K, used 3568K [0x00000000e1600000, 0x00000000e4c00000, 0x0000000100000000)
  eden space 24064K, 0% used [0x00000000e1600000,0x00000000e1600000,0x00000000e2d80000)
  from space 3584K, 99% used [0x00000000e2d80000,0x00000000e30fc010,0x00000000e3100000)
  to   space 3584K, 0% used [0x00000000e4880000,0x00000000e4880000,0x00000000e4c00000)
 ParOldGen       total 62976K, used 3444K [0x00000000a4200000, 0x00000000a7f80000, 0x00000000e1600000)
  object space 62976K, 5% used [0x00000000a4200000,0x00000000a455d0d0,0x00000000a7f80000)
 Metaspace       used 13053K, capacity 13406K, committed 13568K, reserved 1060864K
  class space    used 1602K, capacity 1695K, committed 1792K, reserved 1048576K
}
Event: 2,242 GC heap before
{Heap before GC invocations=4 (full 0):
 PSYoungGen      total 27648K, used 27632K [0x00000000e1600000, 0x00000000e4c00000, 0x0000000100000000)
  eden space 24064K, 100% used [0x00000000e1600000,0x00000000e2d80000,0x00000000e2d80000)
  from space 3584K, 99% used [0x00000000e2d80000,0x00000000e30fc010,0x00000000e3100000)
  to   space 3584K, 0% used [0x00000000e4880000,0x00000000e4880000,0x00000000e4c00000)
 ParOldGen       total 62976K, used 3444K [0x00000000a4200000, 0x00000000a7f80000, 0x00000000e1600000)
  object space 62976K, 5% used [0x00000000a4200000,0x00000000a455d0d0,0x00000000a7f80000)
 Metaspace       used 13722K, capacity 14114K, committed 14464K, reserved 1062912K
  class space    used 1685K, capacity 1801K, committed 1920K, reserved 1048576K
Event: 2,251 GC heap after
Heap after GC invocations=4 (full 0):
 PSYoungGen      total 51712K, used 3568K [0x00000000e1600000, 0x00000000e4c00000, 0x0000000100000000)
  eden space 48128K, 0% used [0x00000000e1600000,0x00000000e1600000,0x00000000e4500000)
  from space 3584K, 99% used [0x00000000e4880000,0x00000000e4bfc010,0x00000000e4c00000)
  to   space 3584K, 0% used [0x00000000e4500000,0x00000000e4500000,0x00000000e4880000)
 ParOldGen       total 62976K, used 5295K [0x00000000a4200000, 0x00000000a7f80000, 0x00000000e1600000)
  object space 62976K, 8% used [0x00000000a4200000,0x00000000a472bfa8,0x00000000a7f80000)
 Metaspace       used 13722K, capacity 14114K, committed 14464K, reserved 1062912K
  class space    used 1685K, capacity 1801K, committed 1920K, reserved 1048576K
}
Event: 2,854 GC heap before
{Heap before GC invocations=5 (full 0):
 PSYoungGen      total 51712K, used 51696K [0x00000000e1600000, 0x00000000e4c00000, 0x0000000100000000)
  eden space 48128K, 100% used [0x00000000e1600000,0x00000000e4500000,0x00000000e4500000)
  from space 3584K, 99% used [0x00000000e4880000,0x00000000e4bfc010,0x00000000e4c00000)
  to   space 3584K, 0% used [0x00000000e4500000,0x00000000e4500000,0x00000000e4880000)
 ParOldGen       total 62976K, used 5295K [0x00000000a4200000, 0x00000000a7f80000, 0x00000000e1600000)
  object space 62976K, 8% used [0x00000000a4200000,0x00000000a472bfa8,0x00000000a7f80000)
 Metaspace       used 14044K, capacity 14434K, committed 14720K, reserved 1062912K
  class space    used 1690K, capacity 1801K, committed 1920K, reserved 1048576K
Event: 2,866 GC heap after
Heap after GC invocations=5 (full 0):
 PSYoungGen      total 51712K, used 3568K [0x00000000e1600000, 0x00000000e8200000, 0x0000000100000000)
  eden space 48128K, 0% used [0x00000000e1600000,0x00000000e1600000,0x00000000e4500000)
  from space 3584K, 99% used [0x00000000e4500000,0x00000000e487c010,0x00000000e4880000)
  to   space 7168K, 0% used [0x00000000e7b00000,0x00000000e7b00000,0x00000000e8200000)
 ParOldGen       total 62976K, used 7359K [0x00000000a4200000, 0x00000000a7f80000, 0x00000000e1600000)
  object space 62976K, 11% used [0x00000000a4200000,0x00000000a492ffa8,0x00000000a7f80000)
 Metaspace       used 14044K, capacity 14434K, committed 14720K, reserved 1062912K
  class space    used 1690K, capacity 1801K, committed 1920K, reserved 1048576K
}
Event: 3,456 GC heap before
{Heap before GC invocations=6 (full 0):
 PSYoungGen      total 51712K, used 51696K [0x00000000e1600000, 0x00000000e8200000, 0x0000000100000000)
  eden space 48128K, 100% used [0x00000000e1600000,0x00000000e4500000,0x00000000e4500000)
  from space 3584K, 99% used [0x00000000e4500000,0x00000000e487c010,0x00000000e4880000)
  to   space 7168K, 0% used [0x00000000e7b00000,0x00000000e7b00000,0x00000000e8200000)
 ParOldGen       total 62976K, used 7359K [0x00000000a4200000, 0x00000000a7f80000, 0x00000000e1600000)
  object space 62976K, 11% used [0x00000000a4200000,0x00000000a492ffa8,0x00000000a7f80000)
 Metaspace       used 15000K, capacity 15480K, committed 15488K, reserved 1062912K
  class space    used 1772K, capacity 1914K, committed 1920K, reserved 1048576K
Event: 3,477 GC heap after
Heap after GC invocations=6 (full 0):
 PSYoungGen      total 102912K, used 6419K [0x00000000e1600000, 0x00000000e8300000, 0x0000000100000000)
  eden space 95744K, 0% used [0x00000000e1600000,0x00000000e1600000,0x00000000e7380000)
  from space 7168K, 89% used [0x00000000e7b00000,0x00000000e8144c08,0x00000000e8200000)
  to   space 7680K, 0% used [0x00000000e7380000,0x00000000e7380000,0x00000000e7b00000)
 ParOldGen       total 62976K, used 7367K [0x00000000a4200000, 0x00000000a7f80000, 0x00000000e1600000)
  object space 62976K, 11% used [0x00000000a4200000,0x00000000a4931fa8,0x00000000a7f80000)
 Metaspace       used 15000K, capacity 15480K, committed 15488K, reserved 1062912K
  class space    used 1772K, capacity 1914K, committed 1920K, reserved 1048576K
}
Event: 4,975 GC heap before
{Heap before GC invocations=7 (full 0):
 PSYoungGen      total 102912K, used 70326K [0x00000000e1600000, 0x00000000e8300000, 0x0000000100000000)
  eden space 95744K, 66% used [0x00000000e1600000,0x00000000e5468ea8,0x00000000e7380000)
  from space 7168K, 89% used [0x00000000e7b00000,0x00000000e8144c08,0x00000000e8200000)
  to   space 7680K, 0% used [0x00000000e7380000,0x00000000e7380000,0x00000000e7b00000)
 ParOldGen       total 62976K, used 7367K [0x00000000a4200000, 0x00000000a7f80000, 0x00000000e1600000)
  object space 62976K, 11% used [0x00000000a4200000,0x00000000a4931fa8,0x00000000a7f80000)
 Metaspace       used 20539K, capacity 21116K, committed 21296K, reserved 1069056K
  class space    used 2440K, capacity 2602K, committed 2688K, reserved 1048576K

Deoptimization events (10 events):
Event: 4,131 Thread 0x00007f5b5c00a000 Uncommon trap: reason=class_check action=maybe_recompile pc=0x00007f5b4d1c5b00 method=sun.misc.URLClassPath.getLoader(I)Lsun/misc/URLClassPath$Loader; @ 94
Event: 4,134 Thread 0x00007f5b5c00a000 Uncommon trap: reason=unstable_if action=reinterpret pc=0x00007f5b4d719db0 method=java.nio.charset.CharsetDecoder.decode(Ljava/nio/ByteBuffer;Ljava/nio/CharBuffer;Z)Ljava/nio/charset/CoderResult; @ 1
Event: 4,140 Thread 0x00007f5b5c00a000 Uncommon trap: reason=bimorphic action=maybe_recompile pc=0x00007f5b4d7b5704 method=java.util.regex.Pattern$BmpCharProperty.match(Ljava/util/regex/Matcher;ILjava/lang/CharSequence;)Z @ 16
Event: 4,141 Thread 0x00007f5b5c00a000 Uncommon trap: reason=bimorphic action=maybe_recompile pc=0x00007f5b4d7b5704 method=java.util.regex.Pattern$BmpCharProperty.match(Ljava/util/regex/Matcher;ILjava/lang/CharSequence;)Z @ 16
Event: 4,141 Thread 0x00007f5b5c00a000 Uncommon trap: reason=bimorphic action=maybe_recompile pc=0x00007f5b4d7b5704 method=java.util.regex.Pattern$BmpCharProperty.match(Ljava/util/regex/Matcher;ILjava/lang/CharSequence;)Z @ 16
Event: 4,141 Thread 0x00007f5b5c00a000 Uncommon trap: reason=bimorphic action=maybe_recompile pc=0x00007f5b4d7b5704 method=java.util.regex.Pattern$BmpCharProperty.match(Ljava/util/regex/Matcher;ILjava/lang/CharSequence;)Z @ 16
Event: 4,201 Thread 0x00007f5b5c00a000 Uncommon trap: reason=unstable_if action=reinterpret pc=0x00007f5b4d2e8620 method=java.lang.CharacterDataLatin1.isWhitespace(I)Z @ 14
Event: 4,444 Thread 0x00007f5b5c00a000 Uncommon trap: reason=unstable_if action=reinterpret pc=0x00007f5b4da0c21c method=com.sun.tools.javac.util.Name$Table.equals([BI[BII)Z @ 22
Event: 4,525 Thread 0x00007f5b5c00a000 Uncommon trap: reason=unstable_if action=reinterpret pc=0x00007f5b4da63578 method=com.sun.tools.javac.code.Scope.getIndex(Lcom/sun/tools/javac/util/Name;)I @ 60
Event: 4,582 Thread 0x00007f5b5c00a000 Uncommon trap: reason=unstable_if action=reinterpret pc=0x00007f5b4da8ff08 method=com.sun.tools.javac.code.Scope.lookup(Lcom/sun/tools/javac/util/Name;Lcom/sun/tools/javac/util/Filter;)Lcom/sun/tools/javac/code/Scope$Entry; @ 54

Internal exceptions (10 events):
Event: 1,776 Thread 0x00007f5b5c00a000 Implicit null exception at 0x00007f5b4d3a4bb5 to 0x00007f5b4d3a4d99
Event: 1,776 Thread 0x00007f5b5c00a000 Implicit null exception at 0x00007f5b4d2e5c6f to 0x00007f5b4d2e5cd9
Event: 2,058 Thread 0x00007f5b5c00a000 Implicit null exception at 0x00007f5b4d556f41 to 0x00007f5b4d557a5d
Event: 2,128 Thread 0x00007f5b5c00a000 Exception <a 'java/lang/NoClassDefFoundError': org/slf4j/Logger> (0x00000000e264ed58) thrown at [/HUDSON3/workspace/8-2-build-linux-amd64/jdk8u101/7261/hotspot/src/share/vm/oops/constantPool.cpp, line 235]
Event: 3,149 Thread 0x00007f5b5c00a000 Exception <a 'java/lang/NoClassDefFoundError': org/slf4j/Logger> (0x00000000e2dc1218) thrown at [/HUDSON3/workspace/8-2-build-linux-amd64/jdk8u101/7261/hotspot/src/share/vm/oops/constantPool.cpp, line 235]
Event: 3,306 Thread 0x00007f5b5c00a000 Exception <a 'java/lang/NoClassDefFoundError': org/slf4j/Logger> (0x00000000e3633408) thrown at [/HUDSON3/workspace/8-2-build-linux-amd64/jdk8u101/7261/hotspot/src/share/vm/oops/constantPool.cpp, line 235]
Event: 3,539 Thread 0x00007f5b5c00a000 Exception <a 'java/lang/NoClassDefFoundError': org/slf4j/Logger> (0x00000000e1b390d0) thrown at [/HUDSON3/workspace/8-2-build-linux-amd64/jdk8u101/7261/hotspot/src/share/vm/oops/constantPool.cpp, line 235]
Event: 3,615 Thread 0x00007f5b5c00a000 Exception <a 'java/lang/ClassNotFoundException': com/sun/tools/javac/api/JavacTool> (0x00000000e1e862f8) thrown at [/HUDSON3/workspace/8-2-build-linux-amd64/jdk8u101/7261/hotspot/src/share/vm/classfile/systemDictionary.cpp, line 210]
Event: 4,314 Thread 0x00007f5b5c00a000 Exception <a 'java/io/FileNotFoundException'> (0x00000000e4434a80) thrown at [/HUDSON3/workspace/8-2-build-linux-amd64/jdk8u101/7261/hotspot/src/share/vm/prims/jni.cpp, line 709]
Event: 4,321 Thread 0x00007f5b5c00a000 Exception <a 'java/io/FileNotFoundException'> (0x00000000e4469620) thrown at [/HUDSON3/workspace/8-2-build-linux-amd64/jdk8u101/7261/hotspot/src/share/vm/prims/jni.cpp, line 709]

Events (10 events):
Event: 4,960 loading class com/sun/tools/javac/comp/Infer$IncorporationBinaryOpKind$3 done
Event: 4,961 loading class com/sun/tools/javac/comp/Infer$IncorporationBinaryOpKind$4
Event: 4,961 loading class com/sun/tools/javac/comp/Infer$IncorporationBinaryOpKind$4 done
Event: 4,961 loading class com/sun/tools/javac/comp/Infer$IncorporationBinaryOpKind$5
Event: 4,961 loading class com/sun/tools/javac/comp/Infer$IncorporationBinaryOpKind$5 done
Event: 4,962 loading class com/sun/tools/javac/comp/Infer$IncorporationBinaryOp
Event: 4,962 loading class com/sun/tools/javac/comp/Infer$IncorporationBinaryOp done
Event: 4,971 loading class com/sun/tools/javac/api/ClientCodeWrapper$DiagnosticSourceUnwrapper
Event: 4,971 loading class com/sun/tools/javac/api/ClientCodeWrapper$DiagnosticSourceUnwrapper done
Event: 4,974 Executing VM operation: CollectForMetadataAllocation


Dynamic libraries:
00400000-00401000 r-xp 00000000 08:06 2257362                            /home/christian/jdk1.8.0_101/bin/java
00600000-00601000 rw-p 00000000 08:06 2257362                            /home/christian/jdk1.8.0_101/bin/java
01de9000-01e0a000 rw-p 00000000 00:00 0                                  [heap]
a4200000-a7f80000 rw-p 00000000 00:00 0 
a7f80000-e1600000 ---p 00000000 00:00 0 
e1600000-e8300000 rw-p 00000000 00:00 0 
ee800000-100000000 ---p 00000000 00:00 0 
100000000-1002a0000 rw-p 00000000 00:00 0 
1002a0000-140000000 ---p 00000000 00:00 0 
7f5b08000000-7f5b08021000 rw-p 00000000 00:00 0 
7f5b08021000-7f5b0c000000 ---p 00000000 00:00 0 
7f5b10000000-7f5b10021000 rw-p 00000000 00:00 0 
7f5b10021000-7f5b14000000 ---p 00000000 00:00 0 
7f5b14000000-7f5b14021000 rw-p 00000000 00:00 0 
7f5b14021000-7f5b18000000 ---p 00000000 00:00 0 
7f5b18000000-7f5b18da8000 rw-p 00000000 00:00 0 
7f5b18da8000-7f5b1c000000 ---p 00000000 00:00 0 
7f5b1c000000-7f5b1ced8000 rw-p 00000000 00:00 0 
7f5b1ced8000-7f5b20000000 ---p 00000000 00:00 0 
7f5b20000000-7f5b20021000 rw-p 00000000 00:00 0 
7f5b20021000-7f5b24000000 ---p 00000000 00:00 0 
7f5b24000000-7f5b24f8f000 rw-p 00000000 00:00 0 
7f5b24f8f000-7f5b28000000 ---p 00000000 00:00 0 
7f5b28000000-7f5b28021000 rw-p 00000000 00:00 0 
7f5b28021000-7f5b2c000000 ---p 00000000 00:00 0 
7f5b2c000000-7f5b2c021000 rw-p 00000000 00:00 0 
7f5b2c021000-7f5b30000000 ---p 00000000 00:00 0 
7f5b30000000-7f5b3028d000 rw-p 00000000 00:00 0 
7f5b3028d000-7f5b34000000 ---p 00000000 00:00 0 
7f5b35a12000-7f5b35a3e000 rw-p 00000000 00:00 0 
7f5b35a3e000-7f5b35c12000 ---p 00000000 00:00 0 
7f5b35c12000-7f5b35c19000 r--s 00000000 08:06 1443509                    /usr/lib/x86_64-linux-gnu/gconv/gconv-modules.cache
7f5b35c19000-7f5b35c3a000 r--p 00000000 08:06 1970033                    /usr/share/locale-langpack/pt_BR/LC_MESSAGES/libc.mo
7f5b35c3a000-7f5b35c5c000 r--s 00120000 08:06 2119393                    /home/christian/.m2/repository/javax/javaee-web-api/7.0/javaee-web-api-7.0.jar
7f5b35c5c000-7f5b35c88000 r--s 00318000 08:06 2277781                    /home/christian/.m2/repository/org/primefaces/primefaces/5.3/primefaces-5.3.jar
7f5b35c88000-7f5b35e88000 rw-p 00000000 00:00 0 
7f5b35e88000-7f5b36088000 rw-p 00000000 00:00 0 
7f5b36088000-7f5b36101000 r--s 010e5000 08:06 2391876                    /home/christian/jdk1.8.0_101/lib/tools.jar
7f5b36101000-7f5b36104000 r--s 0001b000 08:06 2261965                    /home/christian/.m2/repository/junit/junit/3.8.2/junit-3.8.2.jar
7f5b36104000-7f5b36112000 r--s 0008f000 08:06 3547436                    /home/christian/.m2/repository/com/google/collections/google-collections/1.0/google-collections-1.0.jar
7f5b36112000-7f5b36113000 r--s 0000a000 08:06 3547435                    /home/christian/.m2/repository/commons-logging/commons-logging-api/1.1/commons-logging-api-1.1.jar
7f5b36113000-7f5b3611a000 r--s 00051000 08:06 3547434                    /home/christian/.m2/repository/log4j/log4j/1.2.12/log4j-1.2.12.jar
7f5b3611a000-7f5b3611e000 r--s 0001d000 08:06 2393958                    /home/christian/.m2/repository/org/apache/xbean/xbean-reflect/3.4/xbean-reflect-3.4.jar
7f5b3611e000-7f5b3611f000 r--s 00004000 08:06 3547431                    /home/christian/.m2/repository/org/codehaus/plexus/plexus-compiler-javac/2.2/plexus-compiler-javac-2.2.jar
7f5b3611f000-7f5b36121000 r--s 00000000 08:06 3547430                    /home/christian/.m2/repository/org/codehaus/plexus/plexus-compiler-manager/2.2/plexus-compiler-manager-2.2.jar
7f5b36121000-7f5b36123000 r--s 00005000 08:06 3547429                    /home/christian/.m2/repository/org/codehaus/plexus/plexus-compiler-api/2.2/plexus-compiler-api-2.2.jar
7f5b36123000-7f5b36125000 r--s 00002000 08:06 3547425                    /home/christian/.m2/repository/org/apache/maven/shared/maven-shared-incremental/1.1/maven-shared-incremental-1.1.jar
7f5b36125000-7f5b36127000 r--s 00006000 08:06 3547424                    /home/christian/.m2/repository/com/google/code/findbugs/jsr305/2.0.1/jsr305-2.0.1.jar
7f5b36127000-7f5b3612a000 r--s 00023000 08:06 3547426                    /home/christian/.m2/repository/org/apache/maven/shared/maven-shared-utils/0.1/maven-shared-utils-0.1.jar
7f5b3612a000-7f5b3612e000 r--s 00030000 08:06 3152109                    /home/christian/.m2/repository/org/codehaus/plexus/plexus-utils/1.5.1/plexus-utils-1.5.1.jar
7f5b3612e000-7f5b36130000 r--s 00009000 08:06 2519709                    /home/christian/.m2/repository/org/apache/maven/plugins/maven-compiler-plugin/3.1/maven-compiler-plugin-3.1.jar
7f5b36130000-7f5b36132000 r--s 0000d000 08:06 3547276                    /home/christian/.m2/repository/org/codehaus/plexus/plexus-interpolation/1.13/plexus-interpolation-1.13.jar
7f5b36132000-7f5b36133000 r--s 00001000 08:06 3281523                    /home/christian/.m2/repository/org/sonatype/plexus/plexus-build-api/0.0.4/plexus-build-api-0.0.4.jar
7f5b36133000-7f5b36135000 r--s 00009000 08:06 3547273                    /home/christian/.m2/repository/org/apache/maven/shared/maven-filtering/1.0/maven-filtering-1.0.jar
7f5b36135000-7f5b36136000 r--s 00001000 08:06 3418853                    /home/christian/.m2/repository/org/apache/maven/doxia/doxia-sink-api/1.0-alpha-7/doxia-sink-api-1.0-alpha-7.jar
7f5b36136000-7f5b36137000 r--s 00002000 08:06 3418852                    /home/christian/.m2/repository/org/apache/maven/reporting/maven-reporting-api/2.0.6/maven-reporting-api-2.0.6.jar
7f5b36137000-7f5b36139000 r--s 00005000 08:06 2393903                    /home/christian/.m2/repository/org/apache/maven/plugins/maven-resources-plugin/2.5/maven-resources-plugin-2.5.jar
7f5b36139000-7f5b36147000 r--s 0007f000 08:06 3547212                    /home/christian/.m2/repository/commons-collections/commons-collections/3.2.1/commons-collections-3.2.1.jar
7f5b36147000-7f5b3614c000 r--s 00041000 08:06 3418850                    /home/christian/.m2/repository/commons-lang/commons-lang/2.6/commons-lang-2.6.jar
7f5b3614c000-7f5b3614e000 r--s 00006000 08:06 3547210                    /home/christian/.m2/repository/org/apache/maven/shared/maven-invoker/2.0.11/maven-invoker-2.0.11.jar
7f5b3614e000-7f5b36150000 r--s 00006000 08:06 3547211                    /home/christian/.m2/repository/org/apache/maven/shared/maven-common-artifact-filters/1.4/maven-common-artifact-filters-1.4.jar
7f5b36150000-7f5b36152000 r--s 0000c000 08:06 3547205                    /home/christian/.m2/repository/org/apache/maven/shared/maven-dependency-tree/2.0/maven-dependency-tree-2.0.jar
7f5b36152000-7f5b36154000 r--s 00000000 08:06 3547204                    /home/christian/.m2/repository/org/codehaus/plexus/plexus-component-annotations/1.5.5/plexus-component-annotations-1.5.5.jar
7f5b36154000-7f5b36155000 r--s 0000a000 08:06 3547203                    /home/christian/.m2/repository/asm/asm/3.3.1/asm-3.3.1.jar
7f5b36155000-7f5b36157000 r--s 00005000 08:06 3547202                    /home/christian/.m2/repository/org/apache/maven/shared/maven-dependency-analyzer/1.3/maven-dependency-analyzer-1.3.jar
7f5b36157000-7f5b3615a000 r--s 0000c000 08:06 3547200                    /home/christian/.m2/repository/org/codehaus/plexus/plexus-io/2.0.6/plexus-io-2.0.6.jar
7f5b3615a000-7f5b3615d000 r--s 0001b000 08:06 2261963                    /home/christian/.m2/repository/junit/junit/3.8.1/junit-3.8.1.jar
7f5b3615d000-7f5b3615f000 r--s 00008000 08:06 3418844                    /home/christian/.m2/repository/org/apache/maven/shared/maven-shared-io/1.1/maven-shared-io-1.1.jar
7f5b3615f000-7f5b36161000 r--s 00008000 08:06 3418845                    /home/christian/.m2/repository/org/apache/maven/shared/file-management/1.2.1/file-management-1.2.1.jar
7f5b36161000-7f5b36165000 r--s 00035000 08:06 3418846                    /home/christian/.m2/repository/org/codehaus/plexus/plexus-utils/3.0.9/plexus-utils-3.0.9.jar
7f5b36165000-7f5b3616a000 r--s 00029000 08:06 3418839                    /home/christian/.m2/repository/org/codehaus/plexus/plexus-archiver/2.2/plexus-archiver-2.2.jar
7f5b3616a000-7f5b3616c000 r--s 00004000 08:06 3418838                    /home/christian/.m2/repository/org/apache/maven/doxia/doxia-module-xhtml/1.0/doxia-module-xhtml-1.0.jar
7f5b3616c000-7f5b3616d000 r--s 00006000 08:06 3418837                    /home/christian/.m2/repository/org/apache/maven/doxia/doxia-module-xdoc/1.0/doxia-module-xdoc-1.0.jar
7f5b3616d000-7f5b3616e000 r--s 00004000 08:06 3418836                    /home/christian/.m2/repository/org/apache/maven/doxia/doxia-module-fml/1.0/doxia-module-fml-1.0.jar
7f5b3616e000-7f5b36170000 r--s 0000a000 08:06 3418831                    /home/christian/.m2/repository/org/apache/maven/doxia/doxia-module-apt/1.0/doxia-module-apt-1.0.jar
7f5b36170000-7f5b36171000 r--s 0000b000 08:06 3418830                    /home/christian/.m2/repository/org/apache/maven/doxia/doxia-decoration-model/1.0/doxia-decoration-model-1.0.jar
7f5b36171000-7f5b36179000 r--s 00058000 08:06 2261961                    /home/christian/.m2/repository/org/apache/velocity/velocity/1.5/velocity-1.5.jar
7f5b36179000-7f5b3617a000 r--s 00001000 08:06 3418829                    /home/christian/.m2/repository/org/codehaus/plexus/plexus-velocity/1.1.7/plexus-velocity-1.1.7.jar
7f5b3617a000-7f5b3617b000 r--s 00002000 08:06 3418828                    /home/christian/.m2/repository/org/codehaus/plexus/plexus-i18n/1.0-beta-7/plexus-i18n-1.0-beta-7.jar
7f5b3617b000-7f5b3617d000 r--s 0000a000 08:06 3418822                    /home/christian/.m2/repository/org/apache/maven/doxia/doxia-site-renderer/1.0/doxia-site-renderer-1.0.jar
7f5b3617d000-7f5b3617e000 r--s 00002000 08:06 3418821                    /home/christian/.m2/repository/org/apache/maven/doxia/doxia-sink-api/1.0/doxia-sink-api-1.0.jar
7f5b3617e000-7f5b36183000 r--s 00016000 08:06 3418820                    /home/christian/.m2/repository/xml-apis/xml-apis/1.0.b2/xml-apis-1.0.b2.jar
7f5b36183000-7f5b36185000 r--s 0000e000 08:06 3418819                    /home/christian/.m2/repository/oro/oro/2.0.8/oro-2.0.8.jar
7f5b36185000-7f5b36187000 r--s 00008000 08:06 3418818                    /home/christian/.m2/repository/commons-logging/commons-logging/1.0.4/commons-logging-1.0.4.jar
7f5b36187000-7f5b3618b000 r--s 00026000 08:06 3418812                    /home/christian/.m2/repository/commons-digester/commons-digester/1.6/commons-digester-1.6.jar
7f5b3618b000-7f5b36190000 r--s 0002a000 08:06 3418811                    /home/christian/.m2/repository/commons-beanutils/commons-beanutils/1.7.0/commons-beanutils-1.7.0.jar
7f5b36190000-7f5b36193000 r--s 00014000 08:06 3418810                    /home/christian/.m2/repository/commons-validator/commons-validator/1.2.0/commons-validator-1.2.0.jar
7f5b36193000-7f5b36196000 r--s 00018000 08:06 3418809                    /home/christian/.m2/repository/commons-io/commons-io/1.4/commons-io-1.4.jar
7f5b36196000-7f5b36198000 r--s 00009000 08:06 3418808                    /home/christian/.m2/repository/org/apache/maven/shared/maven-doxia-tools/1.0.2/maven-doxia-tools-1.0.2.jar
7f5b36198000-7f5b3619b000 r--s 0000b000 08:06 3418802                    /home/christian/.m2/repository/org/apache/maven/doxia/doxia-core/1.0/doxia-core-1.0.jar
7f5b3619b000-7f5b3619d000 r--s 00004000 08:06 3418800                    /home/christian/.m2/repository/org/apache/maven/reporting/maven-reporting-impl/2.0.5/maven-reporting-impl-2.0.5.jar
7f5b3619d000-7f5b3619f000 r--s 00002000 08:06 3418801                    /home/christian/.m2/repository/org/codehaus/plexus/plexus-interactivity-api/1.0-alpha-4/plexus-interactivity-api-1.0-alpha-4.jar
7f5b3619f000-7f5b361a1000 r--s 00006000 08:06 3418798                    /home/christian/.m2/repository/commons-cli/commons-cli/1.0/commons-cli-1.0.jar
7f5b361a1000-7f5b361a4000 r--s 00021000 08:06 2764877                    /home/christian/.m2/repository/org/apache/maven/plugins/maven-dependency-plugin/2.6/maven-dependency-plugin-2.6.jar
7f5b361a4000-7f5b363a4000 rw-p 00000000 00:00 0 
7f5b363a4000-7f5b363a8000 r--s 00033000 08:06 3547274                    /home/christian/.m2/repository/org/codehaus/plexus/plexus-utils/2.0.5/plexus-utils-2.0.5.jar
7f5b363a8000-7f5b363b9000 r-xp 00000000 08:06 2760935                    /home/christian/jdk1.8.0_101/jre/lib/amd64/libnio.so
7f5b363b9000-7f5b365b8000 ---p 00011000 08:06 2760935                    /home/christian/jdk1.8.0_101/jre/lib/amd64/libnio.so
7f5b365b8000-7f5b365b9000 rw-p 00010000 08:06 2760935                    /home/christian/jdk1.8.0_101/jre/lib/amd64/libnio.so
7f5b365b9000-7f5b368ba000 rw-p 00000000 00:00 0 
7f5b368ba000-7f5b368d0000 r-xp 00000000 08:06 2760938                    /home/christian/jdk1.8.0_101/jre/lib/amd64/libnet.so
7f5b368d0000-7f5b36ad0000 ---p 00016000 08:06 2760938                    /home/christian/jdk1.8.0_101/jre/lib/amd64/libnet.so
7f5b36ad0000-7f5b36ad1000 rw-p 00016000 08:06 2760938                    /home/christian/jdk1.8.0_101/jre/lib/amd64/libnet.so
7f5b36ad1000-7f5b36ad4000 ---p 00000000 00:00 0 
7f5b36ad4000-7f5b36d0a000 rw-p 00000000 00:00 0 
7f5b36d0a000-7f5b36d0e000 r--s 00097000 08:06 2628939                    /home/christian/jdk1.8.0_101/jre/lib/jsse.jar
7f5b36d0e000-7f5b36f0e000 rw-p 00000000 00:00 0 
7f5b36f0e000-7f5b36f18000 r--s 00116000 08:06 3543282                    /home/christian/jdk1.8.0_101/jre/lib/ext/localedata.jar
7f5b36f18000-7f5b36f19000 ---p 00000000 00:00 0 
7f5b36f19000-7f5b37019000 rw-p 00000000 00:00 0 
7f5b37019000-7f5b3701c000 ---p 00000000 00:00 0 
7f5b3701c000-7f5b3711a000 rw-p 00000000 00:00 0 
7f5b3711a000-7f5b3711d000 ---p 00000000 00:00 0 
7f5b3711d000-7f5b3721b000 rw-p 00000000 00:00 0 
7f5b3721b000-7f5b3721e000 ---p 00000000 00:00 0 
7f5b3721e000-7f5b3731c000 rw-p 00000000 00:00 0 
7f5b3731c000-7f5b3731f000 ---p 00000000 00:00 0 
7f5b3731f000-7f5b3741d000 rw-p 00000000 00:00 0 
7f5b3741d000-7f5b37420000 ---p 00000000 00:00 0 
7f5b37420000-7f5b3751e000 rw-p 00000000 00:00 0 
7f5b3751e000-7f5b377f8000 r--p 00000000 08:06 1180564                    /usr/lib/locale/locale-archive
7f5b377f8000-7f5b377fb000 ---p 00000000 00:00 0 
7f5b377fb000-7f5b378f9000 rw-p 00000000 00:00 0 
7f5b378f9000-7f5b378fc000 ---p 00000000 00:00 0 
7f5b378fc000-7f5b379fa000 rw-p 00000000 00:00 0 
7f5b379fa000-7f5b379fb000 ---p 00000000 00:00 0 
7f5b379fb000-7f5b38000000 rw-p 00000000 00:00 0 
7f5b38000000-7f5b38021000 rw-p 00000000 00:00 0 
7f5b38021000-7f5b3c000000 ---p 00000000 00:00 0 
7f5b3c000000-7f5b3c021000 rw-p 00000000 00:00 0 
7f5b3c021000-7f5b40000000 ---p 00000000 00:00 0 
7f5b40000000-7f5b40021000 rw-p 00000000 00:00 0 
7f5b40021000-7f5b44000000 ---p 00000000 00:00 0 
7f5b44000000-7f5b44001000 r--s 00002000 08:06 3418799                    /home/christian/.m2/repository/org/apache/maven/reporting/maven-reporting-api/3.0/maven-reporting-api-3.0.jar
7f5b44001000-7f5b44002000 r--s 00005000 08:06 2889804                    /home/christian/.m2/repository/org/apache/maven/plugins/maven-clean-plugin/2.4.1/maven-clean-plugin-2.4.1.jar
7f5b44002000-7f5b44004000 r--s 0000c000 08:06 3672201                    /home/christian/netbeans-8.1/java/maven-nblib/netbeans-eventspy.jar
7f5b44004000-7f5b44020000 r--s 00393000 08:06 3543295                    /home/christian/jdk1.8.0_101/jre/lib/ext/cldrdata.jar
7f5b44020000-7f5b4402c000 r--s 0007b000 08:06 3672219                    /home/christian/netbeans-8.1/java/maven/lib/maven-core-3.0.5.jar
7f5b4402c000-7f5b4402f000 r--s 00008000 08:06 3672078                    /home/christian/netbeans-8.1/java/maven/lib/maven-settings-builder-3.0.5.jar
7f5b4402f000-7f5b44036000 r--s 0003e000 08:06 3672177                    /home/christian/netbeans-8.1/java/maven/lib/sisu-inject-bean-2.3.0.jar
7f5b44036000-7f5b4403b000 r--s 00020000 08:06 3672131                    /home/christian/netbeans-8.1/java/maven/lib/maven-model-builder-3.0.5.jar
7f5b4403b000-7f5b4403d000 r--s 0000a000 08:06 3672178                    /home/christian/netbeans-8.1/java/maven/lib/maven-plugin-api-3.0.5.jar
7f5b4403d000-7f5b44058000 r--s 000e0000 08:06 3672187                    /home/christian/netbeans-8.1/java/maven/lib/wagon-http-2.4-shaded.jar
7f5b44058000-7f5b44076000 r--s 0014f000 08:06 3672220                    /home/christian/netbeans-8.1/java/maven/lib/sisu-guava-0.9.9.jar
7f5b44076000-7f5b440a4000 r--s 001c2000 08:06 3672134                    /home/christian/netbeans-8.1/java/maven/lib/ext/wagon-http-2.8-shaded.jar
7f5b440a4000-7f5b48000000 rw-p 00000000 00:00 0 
7f5b48000000-7f5b48021000 rw-p 00000000 00:00 0 
7f5b48021000-7f5b4c000000 ---p 00000000 00:00 0 
7f5b4c000000-7f5b4c001000 r--p 00000000 00:00 0 
7f5b4c001000-7f5b4c002000 r--s 00003000 08:06 3672213                    /home/christian/netbeans-8.1/java/maven/lib/aether-spi-1.13.1.jar
7f5b4c002000-7f5b4c124000 rw-p 00000000 00:00 0 
7f5b4c124000-7f5b4c2fd000 r--s 03d29000 08:06 2629086                    /home/christian/jdk1.8.0_101/jre/lib/rt.jar
7f5b4c2fd000-7f5b4c652000 rw-p 00000000 00:00 0 
7f5b4c652000-7f5b4c653000 ---p 00000000 00:00 0 
7f5b4c653000-7f5b4c753000 rw-p 00000000 00:00 0 
7f5b4c753000-7f5b4c754000 ---p 00000000 00:00 0 
7f5b4c754000-7f5b4c854000 rw-p 00000000 00:00 0 
7f5b4c854000-7f5b4c855000 ---p 00000000 00:00 0 
7f5b4c855000-7f5b4c955000 rw-p 00000000 00:00 0 
7f5b4c955000-7f5b4c956000 ---p 00000000 00:00 0 
7f5b4c956000-7f5b4ca75000 rw-p 00000000 00:00 0 
7f5b4ca75000-7f5b4cc40000 ---p 00000000 00:00 0 
7f5b4cc40000-7f5b4cc6f000 rw-p 00000000 00:00 0 
7f5b4cc6f000-7f5b4d000000 ---p 00000000 00:00 0 
7f5b4d000000-7f5b4dbb0000 rwxp 00000000 00:00 0 
7f5b4dbb0000-7f5b5c000000 ---p 00000000 00:00 0 
7f5b5c000000-7f5b5ceaa000 rw-p 00000000 00:00 0 
7f5b5ceaa000-7f5b60000000 ---p 00000000 00:00 0 
7f5b60000000-7f5b60002000 r--s 0000b000 08:06 3672193                    /home/christian/netbeans-8.1/java/maven/lib/maven-artifact-3.0.5.jar
7f5b60002000-7f5b60004000 r--s 00006000 08:06 3671983                    /home/christian/netbeans-8.1/java/maven/lib/maven-repository-metadata-3.0.5.jar
7f5b60004000-7f5b60005000 r--s 00006000 08:06 3672132                    /home/christian/netbeans-8.1/java/maven/lib/plexus-sec-dispatcher-1.3.jar
7f5b60005000-7f5b6000b000 r--s 0002b000 08:06 3672154                    /home/christian/netbeans-8.1/java/maven/lib/sisu-inject-plexus-2.3.0.jar
7f5b6000b000-7f5b6000e000 r--s 0001d000 08:06 3672207                    /home/christian/netbeans-8.1/java/maven/lib/aether-impl-1.13.1.jar
7f5b6000e000-7f5b60011000 r--s 00025000 08:06 3672211                    /home/christian/netbeans-8.1/java/maven/lib/maven-model-3.0.5.jar
7f5b60011000-7f5b6007f000 rw-p 00000000 00:00 0 
7f5b6007f000-7f5b6024a000 ---p 00000000 00:00 0 
7f5b6024a000-7f5b60281000 rw-p 00000000 00:00 0 
7f5b60281000-7f5b6033f000 ---p 00000000 00:00 0 
7f5b6033f000-7f5b60340000 rw-p 00000000 00:00 0 
7f5b60340000-7f5b6035a000 r-xp 00000000 08:06 2760934                    /home/christian/jdk1.8.0_101/jre/lib/amd64/libzip.so
7f5b6035a000-7f5b6055a000 ---p 0001a000 08:06 2760934                    /home/christian/jdk1.8.0_101/jre/lib/amd64/libzip.so
7f5b6055a000-7f5b6055b000 rw-p 0001a000 08:06 2760934                    /home/christian/jdk1.8.0_101/jre/lib/amd64/libzip.so
7f5b6055b000-7f5b60566000 r-xp 00000000 08:06 3422177                    /lib/x86_64-linux-gnu/libnss_files-2.23.so
7f5b60566000-7f5b60765000 ---p 0000b000 08:06 3422177                    /lib/x86_64-linux-gnu/libnss_files-2.23.so
7f5b60765000-7f5b60766000 r--p 0000a000 08:06 3422177                    /lib/x86_64-linux-gnu/libnss_files-2.23.so
7f5b60766000-7f5b60767000 rw-p 0000b000 08:06 3422177                    /lib/x86_64-linux-gnu/libnss_files-2.23.so
7f5b60767000-7f5b6076d000 rw-p 00000000 00:00 0 
7f5b6076d000-7f5b60778000 r-xp 00000000 08:06 3420598                    /lib/x86_64-linux-gnu/libnss_nis-2.23.so
7f5b60778000-7f5b60977000 ---p 0000b000 08:06 3420598                    /lib/x86_64-linux-gnu/libnss_nis-2.23.so
7f5b60977000-7f5b60978000 r--p 0000a000 08:06 3420598                    /lib/x86_64-linux-gnu/libnss_nis-2.23.so
7f5b60978000-7f5b60979000 rw-p 0000b000 08:06 3420598                    /lib/x86_64-linux-gnu/libnss_nis-2.23.so
7f5b60979000-7f5b6098f000 r-xp 00000000 08:06 3422172                    /lib/x86_64-linux-gnu/libnsl-2.23.so
7f5b6098f000-7f5b60b8e000 ---p 00016000 08:06 3422172                    /lib/x86_64-linux-gnu/libnsl-2.23.so
7f5b60b8e000-7f5b60b8f000 r--p 00015000 08:06 3422172                    /lib/x86_64-linux-gnu/libnsl-2.23.so
7f5b60b8f000-7f5b60b90000 rw-p 00016000 08:06 3422172                    /lib/x86_64-linux-gnu/libnsl-2.23.so
7f5b60b90000-7f5b60b92000 rw-p 00000000 00:00 0 
7f5b60b92000-7f5b60b9a000 r-xp 00000000 08:06 3422179                    /lib/x86_64-linux-gnu/libnss_compat-2.23.so
7f5b60b9a000-7f5b60d99000 ---p 00008000 08:06 3422179                    /lib/x86_64-linux-gnu/libnss_compat-2.23.so
7f5b60d99000-7f5b60d9a000 r--p 00007000 08:06 3422179                    /lib/x86_64-linux-gnu/libnss_compat-2.23.so
7f5b60d9a000-7f5b60d9b000 rw-p 00008000 08:06 3422179                    /lib/x86_64-linux-gnu/libnss_compat-2.23.so
7f5b60d9b000-7f5b60dc5000 r-xp 00000000 08:06 2760924                    /home/christian/jdk1.8.0_101/jre/lib/amd64/libjava.so
7f5b60dc5000-7f5b60fc5000 ---p 0002a000 08:06 2760924                    /home/christian/jdk1.8.0_101/jre/lib/amd64/libjava.so
7f5b60fc5000-7f5b60fc7000 rw-p 0002a000 08:06 2760924                    /home/christian/jdk1.8.0_101/jre/lib/amd64/libjava.so
7f5b60fc7000-7f5b60fd4000 r-xp 00000000 08:06 2760901                    /home/christian/jdk1.8.0_101/jre/lib/amd64/libverify.so
7f5b60fd4000-7f5b611d4000 ---p 0000d000 08:06 2760901                    /home/christian/jdk1.8.0_101/jre/lib/amd64/libverify.so
7f5b611d4000-7f5b611d6000 rw-p 0000d000 08:06 2760901                    /home/christian/jdk1.8.0_101/jre/lib/amd64/libverify.so
7f5b611d6000-7f5b611dd000 r-xp 00000000 08:06 3422180                    /lib/x86_64-linux-gnu/librt-2.23.so
7f5b611dd000-7f5b613dc000 ---p 00007000 08:06 3422180                    /lib/x86_64-linux-gnu/librt-2.23.so
7f5b613dc000-7f5b613dd000 r--p 00006000 08:06 3422180                    /lib/x86_64-linux-gnu/librt-2.23.so
7f5b613dd000-7f5b613de000 rw-p 00007000 08:06 3422180                    /lib/x86_64-linux-gnu/librt-2.23.so
7f5b613de000-7f5b614e6000 r-xp 00000000 08:06 3422085                    /lib/x86_64-linux-gnu/libm-2.23.so
7f5b614e6000-7f5b616e5000 ---p 00108000 08:06 3422085                    /lib/x86_64-linux-gnu/libm-2.23.so
7f5b616e5000-7f5b616e6000 r--p 00107000 08:06 3422085                    /lib/x86_64-linux-gnu/libm-2.23.so
7f5b616e6000-7f5b616e7000 rw-p 00108000 08:06 3422085                    /lib/x86_64-linux-gnu/libm-2.23.so
7f5b616e7000-7f5b623b2000 r-xp 00000000 08:06 3543261                    /home/christian/jdk1.8.0_101/jre/lib/amd64/server/libjvm.so
7f5b623b2000-7f5b625b1000 ---p 00ccb000 08:06 3543261                    /home/christian/jdk1.8.0_101/jre/lib/amd64/server/libjvm.so
7f5b625b1000-7f5b6268a000 rw-p 00cca000 08:06 3543261                    /home/christian/jdk1.8.0_101/jre/lib/amd64/server/libjvm.so
7f5b6268a000-7f5b626d5000 rw-p 00000000 00:00 0 
7f5b626d5000-7f5b62894000 r-xp 00000000 08:06 3422173                    /lib/x86_64-linux-gnu/libc-2.23.so
7f5b62894000-7f5b62a94000 ---p 001bf000 08:06 3422173                    /lib/x86_64-linux-gnu/libc-2.23.so
7f5b62a94000-7f5b62a98000 r--p 001bf000 08:06 3422173                    /lib/x86_64-linux-gnu/libc-2.23.so
7f5b62a98000-7f5b62a9a000 rw-p 001c3000 08:06 3422173                    /lib/x86_64-linux-gnu/libc-2.23.so
7f5b62a9a000-7f5b62a9e000 rw-p 00000000 00:00 0 
7f5b62a9e000-7f5b62aa1000 r-xp 00000000 08:06 3420597                    /lib/x86_64-linux-gnu/libdl-2.23.so
7f5b62aa1000-7f5b62ca0000 ---p 00003000 08:06 3420597                    /lib/x86_64-linux-gnu/libdl-2.23.so
7f5b62ca0000-7f5b62ca1000 r--p 00002000 08:06 3420597                    /lib/x86_64-linux-gnu/libdl-2.23.so
7f5b62ca1000-7f5b62ca2000 rw-p 00003000 08:06 3420597                    /lib/x86_64-linux-gnu/libdl-2.23.so
7f5b62ca2000-7f5b62cb7000 r-xp 00000000 08:06 3543315                    /home/christian/jdk1.8.0_101/lib/amd64/jli/libjli.so
7f5b62cb7000-7f5b62eb7000 ---p 00015000 08:06 3543315                    /home/christian/jdk1.8.0_101/lib/amd64/jli/libjli.so
7f5b62eb7000-7f5b62eb8000 rw-p 00015000 08:06 3543315                    /home/christian/jdk1.8.0_101/lib/amd64/jli/libjli.so
7f5b62eb8000-7f5b62ed0000 r-xp 00000000 08:06 3422184                    /lib/x86_64-linux-gnu/libpthread-2.23.so
7f5b62ed0000-7f5b630cf000 ---p 00018000 08:06 3422184                    /lib/x86_64-linux-gnu/libpthread-2.23.so
7f5b630cf000-7f5b630d0000 r--p 00017000 08:06 3422184                    /lib/x86_64-linux-gnu/libpthread-2.23.so
7f5b630d0000-7f5b630d1000 rw-p 00018000 08:06 3422184                    /lib/x86_64-linux-gnu/libpthread-2.23.so
7f5b630d1000-7f5b630d5000 rw-p 00000000 00:00 0 
7f5b630d5000-7f5b630fb000 r-xp 00000000 08:06 3422174                    /lib/x86_64-linux-gnu/ld-2.23.so
7f5b630fb000-7f5b63101000 r--s 0003e000 08:06 3672206                    /home/christian/netbeans-8.1/java/maven/lib/maven-compat-3.0.5.jar
7f5b63101000-7f5b63105000 r--s 00012000 08:06 3672214                    /home/christian/netbeans-8.1/java/maven/lib/aether-api-1.13.1.jar
7f5b63105000-7f5b63107000 r--s 0000a000 08:06 3672194                    /home/christian/netbeans-8.1/java/maven/lib/maven-settings-3.0.5.jar
7f5b63107000-7f5b63108000 r--s 00009000 08:06 3672222                    /home/christian/netbeans-8.1/java/maven/lib/commons-cli-1.2.jar
7f5b63108000-7f5b63109000 r--s 00002000 08:06 3672224                    /home/christian/netbeans-8.1/java/maven/lib/wagon-file-2.4.jar
7f5b63109000-7f5b6310b000 r--s 00009000 08:06 3672192                    /home/christian/netbeans-8.1/java/maven/lib/maven-embedder-3.0.5.jar
7f5b6310b000-7f5b63113000 r--s 0004e000 08:06 3672167                    /home/christian/netbeans-8.1/java/maven/lib/sisu-guice-3.1.0-no_aop.jar
7f5b63113000-7f5b631d4000 rw-p 00000000 00:00 0 
7f5b631d4000-7f5b631d7000 ---p 00000000 00:00 0 
7f5b631d7000-7f5b632d9000 rw-p 00000000 00:00 0 
7f5b632d9000-7f5b632db000 r--s 0000d000 08:06 3672135                    /home/christian/netbeans-8.1/java/maven/lib/plexus-interpolation-1.14.jar
7f5b632db000-7f5b632dd000 r--s 00002000 08:06 3672212                    /home/christian/netbeans-8.1/java/maven/lib/plexus-cipher-1.7.jar
7f5b632dd000-7f5b632e0000 r--s 00033000 08:06 3672205                    /home/christian/netbeans-8.1/java/maven/lib/plexus-utils-2.0.6.jar
7f5b632e0000-7f5b632e2000 r--s 00000000 08:06 3671862                    /home/christian/netbeans-8.1/java/maven/lib/plexus-component-annotations-1.5.5.jar
7f5b632e2000-7f5b632e4000 r--s 0000b000 08:06 3672179                    /home/christian/netbeans-8.1/java/maven/lib/wagon-provider-api-2.4.jar
7f5b632e4000-7f5b632e8000 r--s 0001c000 08:06 3672208                    /home/christian/netbeans-8.1/java/maven/lib/aether-util-1.13.1.jar
7f5b632e8000-7f5b632ea000 r--s 0000c000 08:06 3672096                    /home/christian/netbeans-8.1/java/maven/lib/maven-aether-provider-3.0.5.jar
7f5b632ea000-7f5b632ec000 r--s 00006000 08:06 3672049                    /home/christian/netbeans-8.1/java/maven/lib/aether-connector-wagon-1.13.1.jar
7f5b632ec000-7f5b632ee000 r--s 0000a000 08:06 3672166                    /home/christian/netbeans-8.1/java/maven/boot/plexus-classworlds-2.4.jar
7f5b632ee000-7f5b632f6000 rw-s 00000000 08:06 3290662                    /tmp/hsperfdata_christian/27616
7f5b632f6000-7f5b632f7000 rw-p 00000000 00:00 0 
7f5b632f7000-7f5b632f8000 ---p 00000000 00:00 0 
7f5b632f8000-7f5b632fa000 rw-p 00000000 00:00 0 
7f5b632fa000-7f5b632fb000 r--p 00025000 08:06 3422174                    /lib/x86_64-linux-gnu/ld-2.23.so
7f5b632fb000-7f5b632fc000 rw-p 00026000 08:06 3422174                    /lib/x86_64-linux-gnu/ld-2.23.so
7f5b632fc000-7f5b632fd000 rw-p 00000000 00:00 0 
7ffea3ee3000-7ffea3f04000 rw-p 00000000 00:00 0                          [stack]
7ffea3f04000-7ffea3f06000 r--p 00000000 00:00 0                          [vvar]
7ffea3f06000-7ffea3f08000 r-xp 00000000 00:00 0                          [vdso]
ffffffffff600000-ffffffffff601000 r-xp 00000000 00:00 0                  [vsyscall]

VM Arguments:
jvm_args: -Dclassworlds.conf=/home/christian/netbeans-8.1/java/maven/bin/m2.conf -Dmaven.home=/home/christian/netbeans-8.1/java/maven 
java_command: org.codehaus.plexus.classworlds.launcher.Launcher -Dmaven.ext.class.path=/home/christian/netbeans-8.1/java/maven-nblib/netbeans-eventspy.jar clean install
java_class_path (initial): /home/christian/netbeans-8.1/java/maven/boot/plexus-classworlds-2.4.jar
Launcher Type: SUN_STANDARD

Environment Variables:
JAVA_HOME=/home/christian/jdk1.8.0_101
PATH=/home/christian/bin:/home/christian/.local/bin:/usr/local/sbin:/usr/local/bin:/usr/sbin:/usr/bin:/sbin:/bin:/usr/games:/usr/local/games:/snap/bin
LD_LIBRARY_PATH=/home/christian/jdk1.8.0_101/jre/lib/amd64:/home/christian/jdk1.8.0_101/jre/lib/i386:
SHELL=/bin/bash
DISPLAY=:0

Signal Handlers:
SIGSEGV: [libjvm.so+0xac4790], sa_mask[0]=11111111011111111101111111111110, sa_flags=SA_RESTART|SA_SIGINFO
SIGBUS: [libjvm.so+0xac4790], sa_mask[0]=11111111011111111101111111111110, sa_flags=SA_RESTART|SA_SIGINFO
SIGFPE: [libjvm.so+0x91f140], sa_mask[0]=11111111011111111101111111111110, sa_flags=SA_RESTART|SA_SIGINFO
SIGPIPE: [libjvm.so+0x91f140], sa_mask[0]=11111111011111111101111111111110, sa_flags=SA_RESTART|SA_SIGINFO
SIGXFSZ: [libjvm.so+0x91f140], sa_mask[0]=11111111011111111101111111111110, sa_flags=SA_RESTART|SA_SIGINFO
SIGILL: [libjvm.so+0x91f140], sa_mask[0]=11111111011111111101111111111110, sa_flags=SA_RESTART|SA_SIGINFO
SIGUSR1: SIG_DFL, sa_mask[0]=00000000000000000000000000000000, sa_flags=none
SIGUSR2: [libjvm.so+0x920770], sa_mask[0]=00100000000000000000000000000000, sa_flags=SA_RESTART|SA_SIGINFO
SIGHUP: [libjvm.so+0x921b70], sa_mask[0]=11111111011111111101111111111110, sa_flags=SA_RESTART|SA_SIGINFO
SIGINT: SIG_IGN, sa_mask[0]=00000000000000000000000000000000, sa_flags=none
SIGTERM: [libjvm.so+0x921b70], sa_mask[0]=11111111011111111101111111111110, sa_flags=SA_RESTART|SA_SIGINFO
SIGQUIT: [libjvm.so+0x921b70], sa_mask[0]=11111111011111111101111111111110, sa_flags=SA_RESTART|SA_SIGINFO


---------------  S Y S T E M  ---------------

OS:DISTRIB_ID=Ubuntu
DISTRIB_RELEASE=16.04
DISTRIB_CODENAME=xenial
DISTRIB_DESCRIPTION="Ubuntu 16.04.2 LTS"

uname:Linux 4.4.0-71-generic #92-Ubuntu SMP Fri Mar 24 12:59:01 UTC 2017 x86_64
libc:glibc 2.23 NPTL 2.23 
rlimit: STACK 8192k, CORE 0k, NPROC 23342, NOFILE 65536, AS infinity
load average:1,20 0,71 0,96

/proc/meminfo:
MemTotal:        6016240 kB
MemFree:          130328 kB
MemAvailable:      53400 kB
Buffers:             616 kB
Cached:           722712 kB
SwapCached:         4088 kB
Active:          4495736 kB
Inactive:        1082388 kB
Active(anon):    4494108 kB
Inactive(anon):  1055764 kB
Active(file):       1628 kB
Inactive(file):    26624 kB
Unevictable:          64 kB
Mlocked:              64 kB
SwapTotal:       3998716 kB
SwapFree:              0 kB
Dirty:               588 kB
Writeback:             0 kB
AnonPages:       4852640 kB
Mapped:           214768 kB
Shmem:            694620 kB
Slab:             126544 kB
SReclaimable:      70512 kB
SUnreclaim:        56032 kB
KernelStack:       19152 kB
PageTables:        89548 kB
NFS_Unstable:          0 kB
Bounce:                0 kB
WritebackTmp:          0 kB
CommitLimit:     7006836 kB
Committed_AS:   18957504 kB
VmallocTotal:   34359738367 kB
VmallocUsed:           0 kB
VmallocChunk:          0 kB
HardwareCorrupted:     0 kB
AnonHugePages:    950272 kB
CmaTotal:              0 kB
CmaFree:               0 kB
HugePages_Total:       0
HugePages_Free:        0
HugePages_Rsvd:        0
HugePages_Surp:        0
Hugepagesize:       2048 kB
DirectMap4k:      727328 kB
DirectMap2M:     5470208 kB


CPU:total 4 (2 cores per cpu, 2 threads per core) family 6 model 42 stepping 7, cmov, cx8, fxsr, mmx, sse, sse2, sse3, ssse3, sse4.1, sse4.2, popcnt, avx, aes, clmul, ht, tsc, tscinvbit

/proc/cpuinfo:
processor	: 0
vendor_id	: GenuineIntel
cpu family	: 6
model		: 42
model name	: Intel(R) Core(TM) i5-2450M CPU @ 2.50GHz
stepping	: 7
microcode	: 0x29
cpu MHz		: 1435.253
cache size	: 3072 KB
physical id	: 0
siblings	: 4
core id		: 0
cpu cores	: 2
apicid		: 0
initial apicid	: 0
fpu		: yes
fpu_exception	: yes
cpuid level	: 13
wp		: yes
flags		: fpu vme de pse tsc msr pae mce cx8 apic sep mtrr pge mca cmov pat pse36 clflush dts acpi mmx fxsr sse sse2 ss ht tm pbe syscall nx rdtscp lm constant_tsc arch_perfmon pebs bts rep_good nopl xtopology nonstop_tsc aperfmperf eagerfpu pni pclmulqdq dtes64 monitor ds_cpl vmx est tm2 ssse3 cx16 xtpr pdcm pcid sse4_1 sse4_2 x2apic popcnt tsc_deadline_timer aes xsave avx lahf_lm epb tpr_shadow vnmi flexpriority ept vpid xsaveopt dtherm ida arat pln pts
bugs		:
bogomips	: 4989.01
clflush size	: 64
cache_alignment	: 64
address sizes	: 36 bits physical, 48 bits virtual
power management:

processor	: 1
vendor_id	: GenuineIntel
cpu family	: 6
model		: 42
model name	: Intel(R) Core(TM) i5-2450M CPU @ 2.50GHz
stepping	: 7
microcode	: 0x29
cpu MHz		: 1369.531
cache size	: 3072 KB
physical id	: 0
siblings	: 4
core id		: 1
cpu cores	: 2
apicid		: 2
initial apicid	: 2
fpu		: yes
fpu_exception	: yes
cpuid level	: 13
wp		: yes
flags		: fpu vme de pse tsc msr pae mce cx8 apic sep mtrr pge mca cmov pat pse36 clflush dts acpi mmx fxsr sse sse2 ss ht tm pbe syscall nx rdtscp lm constant_tsc arch_perfmon pebs bts rep_good nopl xtopology nonstop_tsc aperfmperf eagerfpu pni pclmulqdq dtes64 monitor ds_cpl vmx est tm2 ssse3 cx16 xtpr pdcm pcid sse4_1 sse4_2 x2apic popcnt tsc_deadline_timer aes xsave avx lahf_lm epb tpr_shadow vnmi flexpriority ept vpid xsaveopt dtherm ida arat pln pts
bugs		:
bogomips	: 4989.01
clflush size	: 64
cache_alignment	: 64
address sizes	: 36 bits physical, 48 bits virtual
power management:

processor	: 2
vendor_id	: GenuineIntel
cpu family	: 6
model		: 42
model name	: Intel(R) Core(TM) i5-2450M CPU @ 2.50GHz
stepping	: 7
microcode	: 0x29
cpu MHz		: 1109.863
cache size	: 3072 KB
physical id	: 0
siblings	: 4
core id		: 0
cpu cores	: 2
apicid		: 1
initial apicid	: 1
fpu		: yes
fpu_exception	: yes
cpuid level	: 13
wp		: yes
flags		: fpu vme de pse tsc msr pae mce cx8 apic sep mtrr pge mca cmov pat pse36 clflush dts acpi mmx fxsr sse sse2 ss ht tm pbe syscall nx rdtscp lm constant_tsc arch_perfmon pebs bts rep_good nopl xtopology nonstop_tsc aperfmperf eagerfpu pni pclmulqdq dtes64 monitor ds_cpl vmx est tm2 ssse3 cx16 xtpr pdcm pcid sse4_1 sse4_2 x2apic popcnt tsc_deadline_timer aes xsave avx lahf_lm epb tpr_shadow vnmi flexpriority ept vpid xsaveopt dtherm ida arat pln pts
bugs		:
bogomips	: 4989.01
clflush size	: 64
cache_alignment	: 64
address sizes	: 36 bits physical, 48 bits virtual
power management:

processor	: 3
vendor_id	: GenuineIntel
cpu family	: 6
model		: 42
model name	: Intel(R) Core(TM) i5-2450M CPU @ 2.50GHz
stepping	: 7
microcode	: 0x29
cpu MHz		: 1925.976
cache size	: 3072 KB
physical id	: 0
siblings	: 4
core id		: 1
cpu cores	: 2
apicid		: 3
initial apicid	: 3
fpu		: yes
fpu_exception	: yes
cpuid level	: 13
wp		: yes
flags		: fpu vme de pse tsc msr pae mce cx8 apic sep mtrr pge mca cmov pat pse36 clflush dts acpi mmx fxsr sse sse2 ss ht tm pbe syscall nx rdtscp lm constant_tsc arch_perfmon pebs bts rep_good nopl xtopology nonstop_tsc aperfmperf eagerfpu pni pclmulqdq dtes64 monitor ds_cpl vmx est tm2 ssse3 cx16 xtpr pdcm pcid sse4_1 sse4_2 x2apic popcnt tsc_deadline_timer aes xsave avx lahf_lm epb tpr_shadow vnmi flexpriority ept vpid xsaveopt dtherm ida arat pln pts
bugs		:
bogomips	: 4989.01
clflush size	: 64
cache_alignment	: 64
address sizes	: 36 bits physical, 48 bits virtual
power management:



Memory: 4k page, physical 6016240k(130328k free), swap 3998716k(0k free)

vm_info: Java HotSpot(TM) 64-Bit Server VM (25.101-b13) for linux-amd64 JRE (1.8.0_101-b13), built on Jun 22 2016 02:59:44 by "java_re" with gcc 4.3.0 20080428 (Red Hat 4.3.0-8)

time: Sat Apr  8 22:19:40 2017
elapsed time: 5 seconds (0d 0h 0m 5s)

