#
# There is insufficient memory for the Java Runtime Environment to continue.
# Native memory allocation (mmap) failed to map 117440512 bytes for committing reserved memory.
# Possible reasons:
#   The system is out of physical RAM or swap space
#   In 32 bit mode, the process size limit was hit
# Possible solutions:
#   Reduce memory load on the system
#   Increase physical memory or swap space
#   Check if swap backing store is full
#   Use 64 bit Java on a 64 bit OS
#   Decrease Java heap size (-Xmx/-Xms)
#   Decrease number of Java threads
#   Decrease Java thread stack sizes (-Xss)
#   Set larger code cache with -XX:ReservedCodeCacheSize=
# This output file may be truncated or incomplete.
#
#  Out of Memory Error (os_linux.cpp:2627), pid=27966, tid=0x00007f7aec8a3700
#
# JRE version: Java(TM) SE Runtime Environment (8.0_101-b13) (build 1.8.0_101-b13)
# Java VM: Java HotSpot(TM) 64-Bit Server VM (25.101-b13 mixed mode linux-amd64 compressed oops)
# Failed to write core dump. Core dumps have been disabled. To enable core dumping, try "ulimit -c unlimited" before starting Java again
#

---------------  T H R E A D  ---------------

Current thread (0x00007f7b00077800):  VMThread [stack: 0x00007f7aec7a3000,0x00007f7aec8a4000] [id=27973]

Stack: [0x00007f7aec7a3000,0x00007f7aec8a4000],  sp=0x00007f7aec8a2220,  free space=1020k
Native frames: (J=compiled Java code, j=interpreted, Vv=VM code, C=native code)
V  [libjvm.so+0xac3f0a]  VMError::report_and_die()+0x2ba
V  [libjvm.so+0x4fbf9b]  report_vm_out_of_memory(char const*, int, unsigned long, VMErrorType, char const*)+0x8b
V  [libjvm.so+0x9222d3]  os::Linux::commit_memory_impl(char*, unsigned long, bool)+0x103
V  [libjvm.so+0x922829]  os::pd_commit_memory(char*, unsigned long, unsigned long, bool)+0x29
V  [libjvm.so+0x91cb2a]  os::commit_memory(char*, unsigned long, unsigned long, bool)+0x2a
V  [libjvm.so+0x991053]  PSVirtualSpace::expand_by(unsigned long)+0x53
V  [libjvm.so+0x992458]  PSYoungGen::resize_generation(unsigned long, unsigned long)+0xf8
V  [libjvm.so+0x9915b2]  PSYoungGen::resize(unsigned long, unsigned long)+0x22
V  [libjvm.so+0x98e88b]  PSScavenge::invoke_no_policy()+0xf3b
V  [libjvm.so+0x98f011]  PSScavenge::invoke()+0x41
V  [libjvm.so+0x945fc0]  ParallelScavengeHeap::failed_mem_allocate(unsigned long)+0x70
V  [libjvm.so+0xac5927]  VM_ParallelGCFailedAllocation::doit()+0x97
V  [libjvm.so+0xacd405]  VM_Operation::evaluate()+0x55
V  [libjvm.so+0xacb7da]  VMThread::evaluate_operation(VM_Operation*)+0xba
V  [libjvm.so+0xacbb5e]  VMThread::loop()+0x1ce
V  [libjvm.so+0xacbfd0]  VMThread::run()+0x70
V  [libjvm.so+0x924698]  java_start(Thread*)+0x108

VM_Operation (0x00007f7b07fd1370): ParallelGCFailedAllocation, mode: safepoint, requested by thread 0x00007f7b0000a000


---------------  P R O C E S S  ---------------

Java Threads: ( => current thread )
  0x00007f7b00641000 JavaThread "process reaper" daemon [_thread_blocked, id=27983, stack(0x00007f7ac77c3000,0x00007f7ac77fc000)]
  0x00007f7b000c0800 JavaThread "Service Thread" daemon [_thread_blocked, id=27980, stack(0x00007f7ac7cfd000,0x00007f7ac7dfe000)]
  0x00007f7b000bd000 JavaThread "C1 CompilerThread2" daemon [_thread_blocked, id=27979, stack(0x00007f7ac7dfe000,0x00007f7ac7eff000)]
  0x00007f7b000bb800 JavaThread "C2 CompilerThread1" daemon [_thread_blocked, id=27978, stack(0x00007f7ac7eff000,0x00007f7ac8000000)]
  0x00007f7b000b8800 JavaThread "C2 CompilerThread0" daemon [_thread_blocked, id=27977, stack(0x00007f7aec0c5000,0x00007f7aec1c6000)]
  0x00007f7b000b7000 JavaThread "Signal Dispatcher" daemon [_thread_blocked, id=27976, stack(0x00007f7aec1c6000,0x00007f7aec2c7000)]
  0x00007f7b00084000 JavaThread "Finalizer" daemon [_thread_blocked, id=27975, stack(0x00007f7aec5a1000,0x00007f7aec6a2000)]
  0x00007f7b0007f800 JavaThread "Reference Handler" daemon [_thread_blocked, id=27974, stack(0x00007f7aec6a2000,0x00007f7aec7a3000)]
  0x00007f7b0000a000 JavaThread "main" [_thread_blocked, id=27968, stack(0x00007f7b07ed4000,0x00007f7b07fd5000)]

Other Threads:
=>0x00007f7b00077800 VMThread [stack: 0x00007f7aec7a3000,0x00007f7aec8a4000] [id=27973]
  0x00007f7b000c3000 WatcherThread [stack: 0x00007f7ac7bfc000,0x00007f7ac7cfd000] [id=27981]

VM state:at safepoint (normal execution)

VM Mutex/Monitor currently owned by a thread:  ([mutex/lock_event])
[0x00007f7b00006200] Threads_lock - owner thread: 0x00007f7b00077800
[0x00007f7b00006700] Heap_lock - owner thread: 0x00007f7b0000a000

Heap:
 PSYoungGen      total 99840K, used 3584K [0x00000000e1600000, 0x00000000e7b00000, 0x0000000100000000)
  eden space 96256K, 0% used [0x00000000e1600000,0x00000000e1600000,0x00000000e7400000)
  from space 3584K, 100% used [0x00000000e7400000,0x00000000e7780000,0x00000000e7780000)
  to   space 3584K, 0% used [0x00000000e7780000,0x00000000e7780000,0x00000000e7b00000)
 ParOldGen       total 62976K, used 17013K [0x00000000a4200000, 0x00000000a7f80000, 0x00000000e1600000)
  object space 62976K, 27% used [0x00000000a4200000,0x00000000a529d558,0x00000000a7f80000)
 Metaspace       used 19310K, capacity 19780K, committed 19968K, reserved 1067008K
  class space    used 2322K, capacity 2498K, committed 2560K, reserved 1048576K

Card table byte_map: [0x00007f7b049a0000,0x00007f7b04c80000] byte_map_base: 0x00007f7b0447f000

Marking Bits: (ParMarkBitMap*) 0x00007f7b073a8120
 Begin Bits: [0x00007f7aee210000, 0x00007f7aef908000)
 End Bits:   [0x00007f7aef908000, 0x00007f7af1000000)

Polling page: 0x00007f7b07ff7000

CodeCache: size=245760Kb used=10016Kb max_used=10016Kb free=235744Kb
 bounds [0x00007f7af1000000, 0x00007f7af19d0000, 0x00007f7b00000000]
 total_blobs=3324 nmethods=2957 adapters=280
 compilation: enabled

Compilation events (10 events):
Event: 4,497 Thread 0x00007f7b000bd000 2978       3       java.util.ComparableTimSort::mergeCollapse (101 bytes)
Event: 4,497 Thread 0x00007f7b000bd000 nmethod 2978 0x00007f7af19cac10 code [0x00007f7af19cadc0, 0x00007f7af19cb1d8]
Event: 4,497 Thread 0x00007f7b000bd000 2979       3       java.util.ComparableTimSort::mergeAt (356 bytes)
Event: 4,499 Thread 0x00007f7b000bd000 nmethod 2979 0x00007f7af19cb3d0 code [0x00007f7af19cb5c0, 0x00007f7af19cbd78]
Event: 4,499 Thread 0x00007f7b000bd000 2980       3       java.util.ComparableTimSort::ensureCapacity (91 bytes)
Event: 4,499 Thread 0x00007f7b000bd000 nmethod 2980 0x00007f7af19cc210 code [0x00007f7af19cc380, 0x00007f7af19cc6f0]
Event: 4,499 Thread 0x00007f7b000bd000 2977       3       java.util.ComparableTimSort::pushRun (31 bytes)
Event: 4,500 Thread 0x00007f7b000bd000 nmethod 2977 0x00007f7af19cc810 code [0x00007f7af19cc980, 0x00007f7af19ccb30]
Event: 4,515 Thread 0x00007f7b000bd000 2981       3       java.io.File::isDirectory (43 bytes)
Event: 4,516 Thread 0x00007f7b000bd000 nmethod 2981 0x00007f7af19ccc90 code [0x00007f7af19cce40, 0x00007f7af19cd2a8]

GC Heap History (9 events):
Event: 0,904 GC heap before
{Heap before GC invocations=1 (full 0):
 PSYoungGen      total 27648K, used 24064K [0x00000000e1600000, 0x00000000e3480000, 0x0000000100000000)
  eden space 24064K, 100% used [0x00000000e1600000,0x00000000e2d80000,0x00000000e2d80000)
  from space 3584K, 0% used [0x00000000e3100000,0x00000000e3100000,0x00000000e3480000)
  to   space 3584K, 0% used [0x00000000e2d80000,0x00000000e2d80000,0x00000000e3100000)
 ParOldGen       total 62976K, used 0K [0x00000000a4200000, 0x00000000a7f80000, 0x00000000e1600000)
  object space 62976K, 0% used [0x00000000a4200000,0x00000000a4200000,0x00000000a7f80000)
 Metaspace       used 6861K, capacity 7048K, committed 7168K, reserved 1056768K
  class space    used 858K, capacity 924K, committed 1024K, reserved 1048576K
Event: 0,916 GC heap after
Heap after GC invocations=1 (full 0):
 PSYoungGen      total 27648K, used 3581K [0x00000000e1600000, 0x00000000e4c00000, 0x0000000100000000)
  eden space 24064K, 0% used [0x00000000e1600000,0x00000000e1600000,0x00000000e2d80000)
  from space 3584K, 99% used [0x00000000e2d80000,0x00000000e30ff6a0,0x00000000e3100000)
  to   space 3584K, 0% used [0x00000000e4880000,0x00000000e4880000,0x00000000e4c00000)
 ParOldGen       total 62976K, used 100K [0x00000000a4200000, 0x00000000a7f80000, 0x00000000e1600000)
  object space 62976K, 0% used [0x00000000a4200000,0x00000000a4219260,0x00000000a7f80000)
 Metaspace       used 6861K, capacity 7048K, committed 7168K, reserved 1056768K
  class space    used 858K, capacity 924K, committed 1024K, reserved 1048576K
}
Event: 1,360 GC heap before
{Heap before GC invocations=2 (full 0):
 PSYoungGen      total 27648K, used 27645K [0x00000000e1600000, 0x00000000e4c00000, 0x0000000100000000)
  eden space 24064K, 100% used [0x00000000e1600000,0x00000000e2d80000,0x00000000e2d80000)
  from space 3584K, 99% used [0x00000000e2d80000,0x00000000e30ff6a0,0x00000000e3100000)
  to   space 3584K, 0% used [0x00000000e4880000,0x00000000e4880000,0x00000000e4c00000)
 ParOldGen       total 62976K, used 100K [0x00000000a4200000, 0x00000000a7f80000, 0x00000000e1600000)
  object space 62976K, 0% used [0x00000000a4200000,0x00000000a4219260,0x00000000a7f80000)
 Metaspace       used 9574K, capacity 9800K, committed 10112K, reserved 1058816K
  class space    used 1228K, capacity 1281K, committed 1408K, reserved 1048576K
Event: 1,367 GC heap after
Heap after GC invocations=2 (full 0):
 PSYoungGen      total 51712K, used 3573K [0x00000000e1600000, 0x00000000e4c00000, 0x0000000100000000)
  eden space 48128K, 0% used [0x00000000e1600000,0x00000000e1600000,0x00000000e4500000)
  from space 3584K, 99% used [0x00000000e4880000,0x00000000e4bfd560,0x00000000e4c00000)
  to   space 3584K, 0% used [0x00000000e4500000,0x00000000e4500000,0x00000000e4880000)
 ParOldGen       total 62976K, used 1198K [0x00000000a4200000, 0x00000000a7f80000, 0x00000000e1600000)
  object space 62976K, 1% used [0x00000000a4200000,0x00000000a432bba8,0x00000000a7f80000)
 Metaspace       used 9574K, capacity 9800K, committed 10112K, reserved 1058816K
  class space    used 1228K, capacity 1281K, committed 1408K, reserved 1048576K
}
Event: 2,478 GC heap before
{Heap before GC invocations=3 (full 0):
 PSYoungGen      total 51712K, used 51701K [0x00000000e1600000, 0x00000000e4c00000, 0x0000000100000000)
  eden space 48128K, 100% used [0x00000000e1600000,0x00000000e4500000,0x00000000e4500000)
  from space 3584K, 99% used [0x00000000e4880000,0x00000000e4bfd560,0x00000000e4c00000)
  to   space 3584K, 0% used [0x00000000e4500000,0x00000000e4500000,0x00000000e4880000)
 ParOldGen       total 62976K, used 1198K [0x00000000a4200000, 0x00000000a7f80000, 0x00000000e1600000)
  object space 62976K, 1% used [0x00000000a4200000,0x00000000a432bba8,0x00000000a7f80000)
 Metaspace       used 13440K, capacity 13834K, committed 14080K, reserved 1060864K
  class space    used 1634K, capacity 1729K, committed 1792K, reserved 1048576K
Event: 2,532 GC heap after
Heap after GC invocations=3 (full 0):
 PSYoungGen      total 51712K, used 3568K [0x00000000e1600000, 0x00000000e7b00000, 0x0000000100000000)
  eden space 48128K, 0% used [0x00000000e1600000,0x00000000e1600000,0x00000000e4500000)
  from space 3584K, 99% used [0x00000000e4500000,0x00000000e487c030,0x00000000e4880000)
  to   space 3584K, 0% used [0x00000000e7780000,0x00000000e7780000,0x00000000e7b00000)
 ParOldGen       total 62976K, used 4802K [0x00000000a4200000, 0x00000000a7f80000, 0x00000000e1600000)
  object space 62976K, 7% used [0x00000000a4200000,0x00000000a46b0aa8,0x00000000a7f80000)
 Metaspace       used 13440K, capacity 13834K, committed 14080K, reserved 1060864K
  class space    used 1634K, capacity 1729K, committed 1792K, reserved 1048576K
}
Event: 3,047 GC heap before
{Heap before GC invocations=4 (full 0):
 PSYoungGen      total 51712K, used 51696K [0x00000000e1600000, 0x00000000e7b00000, 0x0000000100000000)
  eden space 48128K, 100% used [0x00000000e1600000,0x00000000e4500000,0x00000000e4500000)
  from space 3584K, 99% used [0x00000000e4500000,0x00000000e487c030,0x00000000e4880000)
  to   space 3584K, 0% used [0x00000000e7780000,0x00000000e7780000,0x00000000e7b00000)
 ParOldGen       total 62976K, used 4802K [0x00000000a4200000, 0x00000000a7f80000, 0x00000000e1600000)
  object space 62976K, 7% used [0x00000000a4200000,0x00000000a46b0aa8,0x00000000a7f80000)
 Metaspace       used 13786K, capacity 14186K, committed 14336K, reserved 1062912K
  class space    used 1638K, capacity 1761K, committed 1792K, reserved 1048576K
Event: 3,070 GC heap after
Heap after GC invocations=4 (full 0):
 PSYoungGen      total 99840K, used 3568K [0x00000000e1600000, 0x00000000e7b00000, 0x0000000100000000)
  eden space 96256K, 0% used [0x00000000e1600000,0x00000000e1600000,0x00000000e7400000)
  from space 3584K, 99% used [0x00000000e7780000,0x00000000e7afc010,0x00000000e7b00000)
  to   space 3584K, 0% used [0x00000000e7400000,0x00000000e7400000,0x00000000e7780000)
 ParOldGen       total 62976K, used 6762K [0x00000000a4200000, 0x00000000a7f80000, 0x00000000e1600000)
  object space 62976K, 10% used [0x00000000a4200000,0x00000000a489aad8,0x00000000a7f80000)
 Metaspace       used 13786K, capacity 14186K, committed 14336K, reserved 1062912K
  class space    used 1638K, capacity 1761K, committed 1792K, reserved 1048576K
}
Event: 4,580 GC heap before
{Heap before GC invocations=5 (full 0):
 PSYoungGen      total 99840K, used 99824K [0x00000000e1600000, 0x00000000e7b00000, 0x0000000100000000)
  eden space 96256K, 100% used [0x00000000e1600000,0x00000000e7400000,0x00000000e7400000)
  from space 3584K, 99% used [0x00000000e7780000,0x00000000e7afc010,0x00000000e7b00000)
  to   space 3584K, 0% used [0x00000000e7400000,0x00000000e7400000,0x00000000e7780000)
 ParOldGen       total 62976K, used 6762K [0x00000000a4200000, 0x00000000a7f80000, 0x00000000e1600000)
  object space 62976K, 10% used [0x00000000a4200000,0x00000000a489aad8,0x00000000a7f80000)
 Metaspace       used 19310K, capacity 19780K, committed 19968K, reserved 1067008K
  class space    used 2322K, capacity 2498K, committed 2560K, reserved 1048576K

Deoptimization events (10 events):
Event: 3,916 Thread 0x00007f7b0000a000 Uncommon trap: reason=unstable_if action=reinterpret pc=0x00007f7af1877eb0 method=java.util.regex.Pattern.has(I)Z @ 6
Event: 4,307 Thread 0x00007f7b0000a000 Uncommon trap: reason=class_check action=maybe_recompile pc=0x00007f7af11c0358 method=sun.misc.URLClassPath.getLoader(I)Lsun/misc/URLClassPath$Loader; @ 94
Event: 4,322 Thread 0x00007f7b0000a000 Uncommon trap: reason=class_check action=maybe_recompile pc=0x00007f7af11c0358 method=sun.misc.URLClassPath.getLoader(I)Lsun/misc/URLClassPath$Loader; @ 94
Event: 4,326 Thread 0x00007f7b0000a000 Uncommon trap: reason=unstable_if action=reinterpret pc=0x00007f7af1738770 method=java.nio.charset.CharsetDecoder.decode(Ljava/nio/ByteBuffer;Ljava/nio/CharBuffer;Z)Ljava/nio/charset/CoderResult; @ 1
Event: 4,332 Thread 0x00007f7b0000a000 Uncommon trap: reason=unstable_if action=reinterpret pc=0x00007f7af17ff31c method=java.util.regex.Pattern.clazz(Z)Ljava/util/regex/Pattern$CharProperty; @ 361
Event: 4,333 Thread 0x00007f7b0000a000 Uncommon trap: reason=bimorphic action=maybe_recompile pc=0x00007f7af17fa200 method=java.util.regex.Pattern$BmpCharProperty.match(Ljava/util/regex/Matcher;ILjava/lang/CharSequence;)Z @ 16
Event: 4,333 Thread 0x00007f7b0000a000 Uncommon trap: reason=bimorphic action=maybe_recompile pc=0x00007f7af17fa200 method=java.util.regex.Pattern$BmpCharProperty.match(Ljava/util/regex/Matcher;ILjava/lang/CharSequence;)Z @ 16
Event: 4,333 Thread 0x00007f7b0000a000 Uncommon trap: reason=bimorphic action=maybe_recompile pc=0x00007f7af17fa200 method=java.util.regex.Pattern$BmpCharProperty.match(Ljava/util/regex/Matcher;ILjava/lang/CharSequence;)Z @ 16
Event: 4,333 Thread 0x00007f7b0000a000 Uncommon trap: reason=bimorphic action=maybe_recompile pc=0x00007f7af17fa200 method=java.util.regex.Pattern$BmpCharProperty.match(Ljava/util/regex/Matcher;ILjava/lang/CharSequence;)Z @ 16
Event: 4,374 Thread 0x00007f7b0000a000 Uncommon trap: reason=unstable_if action=reinterpret pc=0x00007f7af12edf20 method=java.lang.CharacterDataLatin1.isWhitespace(I)Z @ 14

Internal exceptions (10 events):
Event: 1,950 Thread 0x00007f7b0000a000 Implicit null exception at 0x00007f7af139f6b5 to 0x00007f7af139f899
Event: 1,951 Thread 0x00007f7b0000a000 Implicit null exception at 0x00007f7af12b38ef to 0x00007f7af12b3959
Event: 2,084 Thread 0x00007f7b0000a000 Implicit null exception at 0x00007f7af1556b39 to 0x00007f7af1557515
Event: 2,236 Thread 0x00007f7b0000a000 Implicit null exception at 0x00007f7af137273b to 0x00007f7af1372d11
Event: 3,331 Thread 0x00007f7b0000a000 Exception <a 'java/lang/NoClassDefFoundError': org/slf4j/Logger> (0x00000000e28bf720) thrown at [/HUDSON3/workspace/8-2-build-linux-amd64/jdk8u101/7261/hotspot/src/share/vm/oops/constantPool.cpp, line 235]
Event: 3,491 Thread 0x00007f7b0000a000 Exception <a 'java/lang/NoClassDefFoundError': org/slf4j/Logger> (0x00000000e3303f20) thrown at [/HUDSON3/workspace/8-2-build-linux-amd64/jdk8u101/7261/hotspot/src/share/vm/oops/constantPool.cpp, line 235]
Event: 3,737 Thread 0x00007f7b0000a000 Exception <a 'java/lang/NoClassDefFoundError': org/slf4j/Logger> (0x00000000e4719e68) thrown at [/HUDSON3/workspace/8-2-build-linux-amd64/jdk8u101/7261/hotspot/src/share/vm/oops/constantPool.cpp, line 235]
Event: 3,820 Thread 0x00007f7b0000a000 Exception <a 'java/lang/ClassNotFoundException': com/sun/tools/javac/api/JavacTool> (0x00000000e4aa94d0) thrown at [/HUDSON3/workspace/8-2-build-linux-amd64/jdk8u101/7261/hotspot/src/share/vm/classfile/systemDictionary.cpp, line 210]
Event: 4,509 Thread 0x00007f7b0000a000 Exception <a 'java/io/FileNotFoundException'> (0x00000000e7054650) thrown at [/HUDSON3/workspace/8-2-build-linux-amd64/jdk8u101/7261/hotspot/src/share/vm/prims/jni.cpp, line 709]
Event: 4,515 Thread 0x00007f7b0000a000 Exception <a 'java/io/FileNotFoundException'> (0x00000000e70891f0) thrown at [/HUDSON3/workspace/8-2-build-linux-amd64/jdk8u101/7261/hotspot/src/share/vm/prims/jni.cpp, line 709]

Events (10 events):
Event: 4,412 loading class com/sun/tools/javac/file/ZipFileIndex$DirectoryEntry done
Event: 4,413 loading class com/sun/tools/javac/file/ZipFileIndex$Entry
Event: 4,413 loading class com/sun/tools/javac/file/ZipFileIndex$Entry done
Event: 4,416 loading class java/util/ComparableTimSort
Event: 4,417 loading class java/util/ComparableTimSort done
Event: 4,418 loading class java/io/RandomAccessFile$1
Event: 4,419 loading class java/io/RandomAccessFile$1 done
Event: 4,509 loading class com/sun/tools/javac/file/JavacFileManager$MissingArchive
Event: 4,509 loading class com/sun/tools/javac/file/JavacFileManager$MissingArchive done
Event: 4,577 Executing VM operation: ParallelGCFailedAllocation


Dynamic libraries:
00400000-00401000 r-xp 00000000 08:06 2257362                            /home/christian/jdk1.8.0_101/bin/java
00600000-00601000 rw-p 00000000 08:06 2257362                            /home/christian/jdk1.8.0_101/bin/java
00d19000-00d3a000 rw-p 00000000 00:00 0                                  [heap]
a4200000-a7f80000 rw-p 00000000 00:00 0 
a7f80000-e1600000 ---p 00000000 00:00 0 
e1600000-e7b00000 rw-p 00000000 00:00 0 
eeb00000-100000000 ---p 00000000 00:00 0 
100000000-100280000 rw-p 00000000 00:00 0 
100280000-140000000 ---p 00000000 00:00 0 
7f7ab0000000-7f7ab0021000 rw-p 00000000 00:00 0 
7f7ab0021000-7f7ab4000000 ---p 00000000 00:00 0 
7f7ab4000000-7f7ab4021000 rw-p 00000000 00:00 0 
7f7ab4021000-7f7ab8000000 ---p 00000000 00:00 0 
7f7ab8000000-7f7ab8eb2000 rw-p 00000000 00:00 0 
7f7ab8eb2000-7f7abc000000 ---p 00000000 00:00 0 
7f7abc000000-7f7abc021000 rw-p 00000000 00:00 0 
7f7abc021000-7f7ac0000000 ---p 00000000 00:00 0 
7f7ac0000000-7f7ac162e000 rw-p 00000000 00:00 0 
7f7ac162e000-7f7ac4000000 ---p 00000000 00:00 0 
7f7ac68bc000-7f7ac69bc000 rw-p 00000000 00:00 0 
7f7ac69bc000-7f7ac6abc000 ---p 00000000 00:00 0 
7f7ac6abc000-7f7ac6cbc000 rw-p 00000000 00:00 0 
7f7ac6cbc000-7f7ac6ebc000 rw-p 00000000 00:00 0 
7f7ac6f13000-7f7ac6f1a000 r--s 00000000 08:06 1443509                    /usr/lib/x86_64-linux-gnu/gconv/gconv-modules.cache
7f7ac6f1a000-7f7ac6f3b000 r--p 00000000 08:06 1970033                    /usr/share/locale-langpack/pt_BR/LC_MESSAGES/libc.mo
7f7ac6f3b000-7f7ac6f5d000 r--s 00120000 08:06 2119393                    /home/christian/.m2/repository/javax/javaee-web-api/7.0/javaee-web-api-7.0.jar
7f7ac6f5d000-7f7ac6f89000 r--s 00318000 08:06 2277781                    /home/christian/.m2/repository/org/primefaces/primefaces/5.3/primefaces-5.3.jar
7f7ac6f89000-7f7ac7002000 r--s 010e5000 08:06 2391876                    /home/christian/jdk1.8.0_101/lib/tools.jar
7f7ac7002000-7f7ac7005000 r--s 0001b000 08:06 2261965                    /home/christian/.m2/repository/junit/junit/3.8.2/junit-3.8.2.jar
7f7ac7005000-7f7ac7013000 r--s 0008f000 08:06 3547436                    /home/christian/.m2/repository/com/google/collections/google-collections/1.0/google-collections-1.0.jar
7f7ac7013000-7f7ac7014000 r--s 0000a000 08:06 3547435                    /home/christian/.m2/repository/commons-logging/commons-logging-api/1.1/commons-logging-api-1.1.jar
7f7ac7014000-7f7ac701b000 r--s 00051000 08:06 3547434                    /home/christian/.m2/repository/log4j/log4j/1.2.12/log4j-1.2.12.jar
7f7ac701b000-7f7ac701f000 r--s 0001d000 08:06 2393958                    /home/christian/.m2/repository/org/apache/xbean/xbean-reflect/3.4/xbean-reflect-3.4.jar
7f7ac701f000-7f7ac7020000 r--s 00004000 08:06 3547431                    /home/christian/.m2/repository/org/codehaus/plexus/plexus-compiler-javac/2.2/plexus-compiler-javac-2.2.jar
7f7ac7020000-7f7ac7022000 r--s 00000000 08:06 3547430                    /home/christian/.m2/repository/org/codehaus/plexus/plexus-compiler-manager/2.2/plexus-compiler-manager-2.2.jar
7f7ac7022000-7f7ac7024000 r--s 00005000 08:06 3547429                    /home/christian/.m2/repository/org/codehaus/plexus/plexus-compiler-api/2.2/plexus-compiler-api-2.2.jar
7f7ac7024000-7f7ac7026000 r--s 00002000 08:06 3547425                    /home/christian/.m2/repository/org/apache/maven/shared/maven-shared-incremental/1.1/maven-shared-incremental-1.1.jar
7f7ac7026000-7f7ac7028000 r--s 00006000 08:06 3547424                    /home/christian/.m2/repository/com/google/code/findbugs/jsr305/2.0.1/jsr305-2.0.1.jar
7f7ac7028000-7f7ac702b000 r--s 00023000 08:06 3547426                    /home/christian/.m2/repository/org/apache/maven/shared/maven-shared-utils/0.1/maven-shared-utils-0.1.jar
7f7ac702b000-7f7ac702f000 r--s 00030000 08:06 3152109                    /home/christian/.m2/repository/org/codehaus/plexus/plexus-utils/1.5.1/plexus-utils-1.5.1.jar
7f7ac702f000-7f7ac7031000 r--s 00009000 08:06 2519709                    /home/christian/.m2/repository/org/apache/maven/plugins/maven-compiler-plugin/3.1/maven-compiler-plugin-3.1.jar
7f7ac7031000-7f7ac7033000 r--s 0000d000 08:06 3547276                    /home/christian/.m2/repository/org/codehaus/plexus/plexus-interpolation/1.13/plexus-interpolation-1.13.jar
7f7ac7033000-7f7ac7034000 r--s 00001000 08:06 3281523                    /home/christian/.m2/repository/org/sonatype/plexus/plexus-build-api/0.0.4/plexus-build-api-0.0.4.jar
7f7ac7034000-7f7ac7036000 r--s 00009000 08:06 3547273                    /home/christian/.m2/repository/org/apache/maven/shared/maven-filtering/1.0/maven-filtering-1.0.jar
7f7ac7036000-7f7ac703a000 r--s 00033000 08:06 3547274                    /home/christian/.m2/repository/org/codehaus/plexus/plexus-utils/2.0.5/plexus-utils-2.0.5.jar
7f7ac703a000-7f7ac703b000 r--s 00001000 08:06 3418853                    /home/christian/.m2/repository/org/apache/maven/doxia/doxia-sink-api/1.0-alpha-7/doxia-sink-api-1.0-alpha-7.jar
7f7ac703b000-7f7ac703c000 r--s 00002000 08:06 3418852                    /home/christian/.m2/repository/org/apache/maven/reporting/maven-reporting-api/2.0.6/maven-reporting-api-2.0.6.jar
7f7ac703c000-7f7ac703e000 r--s 00005000 08:06 2393903                    /home/christian/.m2/repository/org/apache/maven/plugins/maven-resources-plugin/2.5/maven-resources-plugin-2.5.jar
7f7ac703e000-7f7ac704c000 r--s 0007f000 08:06 3547212                    /home/christian/.m2/repository/commons-collections/commons-collections/3.2.1/commons-collections-3.2.1.jar
7f7ac704c000-7f7ac7051000 r--s 00041000 08:06 3418850                    /home/christian/.m2/repository/commons-lang/commons-lang/2.6/commons-lang-2.6.jar
7f7ac7051000-7f7ac7053000 r--s 00006000 08:06 3547210                    /home/christian/.m2/repository/org/apache/maven/shared/maven-invoker/2.0.11/maven-invoker-2.0.11.jar
7f7ac7053000-7f7ac7055000 r--s 00006000 08:06 3547211                    /home/christian/.m2/repository/org/apache/maven/shared/maven-common-artifact-filters/1.4/maven-common-artifact-filters-1.4.jar
7f7ac7055000-7f7ac7057000 r--s 0000c000 08:06 3547205                    /home/christian/.m2/repository/org/apache/maven/shared/maven-dependency-tree/2.0/maven-dependency-tree-2.0.jar
7f7ac7057000-7f7ac7059000 r--s 00000000 08:06 3547204                    /home/christian/.m2/repository/org/codehaus/plexus/plexus-component-annotations/1.5.5/plexus-component-annotations-1.5.5.jar
7f7ac7059000-7f7ac705a000 r--s 0000a000 08:06 3547203                    /home/christian/.m2/repository/asm/asm/3.3.1/asm-3.3.1.jar
7f7ac705a000-7f7ac705c000 r--s 00005000 08:06 3547202                    /home/christian/.m2/repository/org/apache/maven/shared/maven-dependency-analyzer/1.3/maven-dependency-analyzer-1.3.jar
7f7ac705c000-7f7ac705f000 r--s 0000c000 08:06 3547200                    /home/christian/.m2/repository/org/codehaus/plexus/plexus-io/2.0.6/plexus-io-2.0.6.jar
7f7ac705f000-7f7ac7062000 r--s 0001b000 08:06 2261963                    /home/christian/.m2/repository/junit/junit/3.8.1/junit-3.8.1.jar
7f7ac7062000-7f7ac7064000 r--s 00008000 08:06 3418844                    /home/christian/.m2/repository/org/apache/maven/shared/maven-shared-io/1.1/maven-shared-io-1.1.jar
7f7ac7064000-7f7ac7066000 r--s 00008000 08:06 3418845                    /home/christian/.m2/repository/org/apache/maven/shared/file-management/1.2.1/file-management-1.2.1.jar
7f7ac7066000-7f7ac706a000 r--s 00035000 08:06 3418846                    /home/christian/.m2/repository/org/codehaus/plexus/plexus-utils/3.0.9/plexus-utils-3.0.9.jar
7f7ac706a000-7f7ac706f000 r--s 00029000 08:06 3418839                    /home/christian/.m2/repository/org/codehaus/plexus/plexus-archiver/2.2/plexus-archiver-2.2.jar
7f7ac706f000-7f7ac7071000 r--s 00004000 08:06 3418838                    /home/christian/.m2/repository/org/apache/maven/doxia/doxia-module-xhtml/1.0/doxia-module-xhtml-1.0.jar
7f7ac7071000-7f7ac7072000 r--s 00006000 08:06 3418837                    /home/christian/.m2/repository/org/apache/maven/doxia/doxia-module-xdoc/1.0/doxia-module-xdoc-1.0.jar
7f7ac7072000-7f7ac7073000 r--s 00004000 08:06 3418836                    /home/christian/.m2/repository/org/apache/maven/doxia/doxia-module-fml/1.0/doxia-module-fml-1.0.jar
7f7ac7073000-7f7ac7075000 r--s 0000a000 08:06 3418831                    /home/christian/.m2/repository/org/apache/maven/doxia/doxia-module-apt/1.0/doxia-module-apt-1.0.jar
7f7ac7075000-7f7ac7076000 r--s 0000b000 08:06 3418830                    /home/christian/.m2/repository/org/apache/maven/doxia/doxia-decoration-model/1.0/doxia-decoration-model-1.0.jar
7f7ac7076000-7f7ac707e000 r--s 00058000 08:06 2261961                    /home/christian/.m2/repository/org/apache/velocity/velocity/1.5/velocity-1.5.jar
7f7ac707e000-7f7ac707f000 r--s 00001000 08:06 3418829                    /home/christian/.m2/repository/org/codehaus/plexus/plexus-velocity/1.1.7/plexus-velocity-1.1.7.jar
7f7ac707f000-7f7ac7080000 r--s 00002000 08:06 3418828                    /home/christian/.m2/repository/org/codehaus/plexus/plexus-i18n/1.0-beta-7/plexus-i18n-1.0-beta-7.jar
7f7ac7080000-7f7ac7082000 r--s 0000a000 08:06 3418822                    /home/christian/.m2/repository/org/apache/maven/doxia/doxia-site-renderer/1.0/doxia-site-renderer-1.0.jar
7f7ac7082000-7f7ac7087000 r--s 00016000 08:06 3418820                    /home/christian/.m2/repository/xml-apis/xml-apis/1.0.b2/xml-apis-1.0.b2.jar
7f7ac7087000-7f7ac7089000 r--s 0000e000 08:06 3418819                    /home/christian/.m2/repository/oro/oro/2.0.8/oro-2.0.8.jar
7f7ac7089000-7f7ac708b000 r--s 00008000 08:06 3418818                    /home/christian/.m2/repository/commons-logging/commons-logging/1.0.4/commons-logging-1.0.4.jar
7f7ac708b000-7f7ac708f000 r--s 00026000 08:06 3418812                    /home/christian/.m2/repository/commons-digester/commons-digester/1.6/commons-digester-1.6.jar
7f7ac708f000-7f7ac7094000 r--s 0002a000 08:06 3418811                    /home/christian/.m2/repository/commons-beanutils/commons-beanutils/1.7.0/commons-beanutils-1.7.0.jar
7f7ac7094000-7f7ac7097000 r--s 00014000 08:06 3418810                    /home/christian/.m2/repository/commons-validator/commons-validator/1.2.0/commons-validator-1.2.0.jar
7f7ac7097000-7f7ac709a000 r--s 00018000 08:06 3418809                    /home/christian/.m2/repository/commons-io/commons-io/1.4/commons-io-1.4.jar
7f7ac709a000-7f7ac70ab000 r-xp 00000000 08:06 2760935                    /home/christian/jdk1.8.0_101/jre/lib/amd64/libnio.so
7f7ac70ab000-7f7ac72aa000 ---p 00011000 08:06 2760935                    /home/christian/jdk1.8.0_101/jre/lib/amd64/libnio.so
7f7ac72aa000-7f7ac72ab000 rw-p 00010000 08:06 2760935                    /home/christian/jdk1.8.0_101/jre/lib/amd64/libnio.so
7f7ac72ab000-7f7ac75ac000 rw-p 00000000 00:00 0 
7f7ac75ac000-7f7ac75c2000 r-xp 00000000 08:06 2760938                    /home/christian/jdk1.8.0_101/jre/lib/amd64/libnet.so
7f7ac75c2000-7f7ac77c2000 ---p 00016000 08:06 2760938                    /home/christian/jdk1.8.0_101/jre/lib/amd64/libnet.so
7f7ac77c2000-7f7ac77c3000 rw-p 00016000 08:06 2760938                    /home/christian/jdk1.8.0_101/jre/lib/amd64/libnet.so
7f7ac77c3000-7f7ac77c6000 ---p 00000000 00:00 0 
7f7ac77c6000-7f7ac79fc000 rw-p 00000000 00:00 0 
7f7ac79fc000-7f7ac7bfc000 rw-p 00000000 00:00 0 
7f7ac7bfc000-7f7ac7bfd000 ---p 00000000 00:00 0 
7f7ac7bfd000-7f7ac7cfd000 rw-p 00000000 00:00 0 
7f7ac7cfd000-7f7ac7d00000 ---p 00000000 00:00 0 
7f7ac7d00000-7f7ac7dfe000 rw-p 00000000 00:00 0 
7f7ac7dfe000-7f7ac7e01000 ---p 00000000 00:00 0 
7f7ac7e01000-7f7ac7eff000 rw-p 00000000 00:00 0 
7f7ac7eff000-7f7ac7f02000 ---p 00000000 00:00 0 
7f7ac7f02000-7f7ac8000000 rw-p 00000000 00:00 0 
7f7ac8000000-7f7ac8021000 rw-p 00000000 00:00 0 
7f7ac8021000-7f7acc000000 ---p 00000000 00:00 0 
7f7acc000000-7f7accf63000 rw-p 00000000 00:00 0 
7f7accf63000-7f7ad0000000 ---p 00000000 00:00 0 
7f7ad0000000-7f7ad0021000 rw-p 00000000 00:00 0 
7f7ad0021000-7f7ad4000000 ---p 00000000 00:00 0 
7f7ad4000000-7f7ad4021000 rw-p 00000000 00:00 0 
7f7ad4021000-7f7ad8000000 ---p 00000000 00:00 0 
7f7ad8000000-7f7ad8021000 rw-p 00000000 00:00 0 
7f7ad8021000-7f7adc000000 ---p 00000000 00:00 0 
7f7adc000000-7f7adc28d000 rw-p 00000000 00:00 0 
7f7adc28d000-7f7ae0000000 ---p 00000000 00:00 0 
7f7ae0000000-7f7ae0021000 rw-p 00000000 00:00 0 
7f7ae0021000-7f7ae4000000 ---p 00000000 00:00 0 
7f7ae4000000-7f7ae4021000 rw-p 00000000 00:00 0 
7f7ae4021000-7f7ae8000000 ---p 00000000 00:00 0 
7f7ae8000000-7f7ae8021000 rw-p 00000000 00:00 0 
7f7ae8021000-7f7aec000000 ---p 00000000 00:00 0 
7f7aec000000-7f7aec001000 r--s 00002000 08:06 3418821                    /home/christian/.m2/repository/org/apache/maven/doxia/doxia-sink-api/1.0/doxia-sink-api-1.0.jar
7f7aec001000-7f7aec003000 r--s 00009000 08:06 3418808                    /home/christian/.m2/repository/org/apache/maven/shared/maven-doxia-tools/1.0.2/maven-doxia-tools-1.0.2.jar
7f7aec003000-7f7aec006000 r--s 0000b000 08:06 3418802                    /home/christian/.m2/repository/org/apache/maven/doxia/doxia-core/1.0/doxia-core-1.0.jar
7f7aec006000-7f7aec008000 r--s 00004000 08:06 3418800                    /home/christian/.m2/repository/org/apache/maven/reporting/maven-reporting-impl/2.0.5/maven-reporting-impl-2.0.5.jar
7f7aec008000-7f7aec009000 r--s 00002000 08:06 3418799                    /home/christian/.m2/repository/org/apache/maven/reporting/maven-reporting-api/3.0/maven-reporting-api-3.0.jar
7f7aec009000-7f7aec00b000 r--s 00002000 08:06 3418801                    /home/christian/.m2/repository/org/codehaus/plexus/plexus-interactivity-api/1.0-alpha-4/plexus-interactivity-api-1.0-alpha-4.jar
7f7aec00b000-7f7aec00d000 r--s 00006000 08:06 3418798                    /home/christian/.m2/repository/commons-cli/commons-cli/1.0/commons-cli-1.0.jar
7f7aec00d000-7f7aec010000 r--s 00021000 08:06 2764877                    /home/christian/.m2/repository/org/apache/maven/plugins/maven-dependency-plugin/2.6/maven-dependency-plugin-2.6.jar
7f7aec010000-7f7aec011000 r--p 00000000 00:00 0 
7f7aec011000-7f7aec015000 r--s 00097000 08:06 2628939                    /home/christian/jdk1.8.0_101/jre/lib/jsse.jar
7f7aec015000-7f7aec017000 r--s 0000c000 08:06 3672201                    /home/christian/netbeans-8.1/java/maven-nblib/netbeans-eventspy.jar
7f7aec017000-7f7aec021000 r--s 00116000 08:06 3543282                    /home/christian/jdk1.8.0_101/jre/lib/ext/localedata.jar
7f7aec021000-7f7aec03d000 r--s 00393000 08:06 3543295                    /home/christian/jdk1.8.0_101/jre/lib/ext/cldrdata.jar
7f7aec03d000-7f7aec049000 r--s 0007b000 08:06 3672219                    /home/christian/netbeans-8.1/java/maven/lib/maven-core-3.0.5.jar
7f7aec049000-7f7aec04c000 r--s 00008000 08:06 3672078                    /home/christian/netbeans-8.1/java/maven/lib/maven-settings-builder-3.0.5.jar
7f7aec04c000-7f7aec053000 r--s 0003e000 08:06 3672177                    /home/christian/netbeans-8.1/java/maven/lib/sisu-inject-bean-2.3.0.jar
7f7aec053000-7f7aec058000 r--s 00020000 08:06 3672131                    /home/christian/netbeans-8.1/java/maven/lib/maven-model-builder-3.0.5.jar
7f7aec058000-7f7aec05a000 r--s 0000a000 08:06 3672178                    /home/christian/netbeans-8.1/java/maven/lib/maven-plugin-api-3.0.5.jar
7f7aec05a000-7f7aec05c000 r--s 0000b000 08:06 3672193                    /home/christian/netbeans-8.1/java/maven/lib/maven-artifact-3.0.5.jar
7f7aec05c000-7f7aec05e000 r--s 00006000 08:06 3671983                    /home/christian/netbeans-8.1/java/maven/lib/maven-repository-metadata-3.0.5.jar
7f7aec05e000-7f7aec079000 r--s 000e0000 08:06 3672187                    /home/christian/netbeans-8.1/java/maven/lib/wagon-http-2.4-shaded.jar
7f7aec079000-7f7aec097000 r--s 0014f000 08:06 3672220                    /home/christian/netbeans-8.1/java/maven/lib/sisu-guava-0.9.9.jar
7f7aec097000-7f7aec0c5000 r--s 001c2000 08:06 3672134                    /home/christian/netbeans-8.1/java/maven/lib/ext/wagon-http-2.8-shaded.jar
7f7aec0c5000-7f7aec0c8000 ---p 00000000 00:00 0 
7f7aec0c8000-7f7aec1c6000 rw-p 00000000 00:00 0 
7f7aec1c6000-7f7aec1c9000 ---p 00000000 00:00 0 
7f7aec1c9000-7f7aec2c7000 rw-p 00000000 00:00 0 
7f7aec2c7000-7f7aec5a1000 r--p 00000000 08:06 1180564                    /usr/lib/locale/locale-archive
7f7aec5a1000-7f7aec5a4000 ---p 00000000 00:00 0 
7f7aec5a4000-7f7aec6a2000 rw-p 00000000 00:00 0 
7f7aec6a2000-7f7aec6a5000 ---p 00000000 00:00 0 
7f7aec6a5000-7f7aec7a3000 rw-p 00000000 00:00 0 
7f7aec7a3000-7f7aec7a4000 ---p 00000000 00:00 0 
7f7aec7a4000-7f7aed837000 rw-p 00000000 00:00 0 
7f7aed837000-7f7aeda10000 r--s 03d29000 08:06 2629086                    /home/christian/jdk1.8.0_101/jre/lib/rt.jar
7f7aeda10000-7f7af1000000 rw-p 00000000 00:00 0 
7f7af1000000-7f7af19d0000 rwxp 00000000 00:00 0 
7f7af19d0000-7f7b00000000 ---p 00000000 00:00 0 
7f7b00000000-7f7b01263000 rw-p 00000000 00:00 0 
7f7b01263000-7f7b04000000 ---p 00000000 00:00 0 
7f7b04000000-7f7b04001000 r--s 00003000 08:06 3672213                    /home/christian/netbeans-8.1/java/maven/lib/aether-spi-1.13.1.jar
7f7b04001000-7f7b04002000 r--s 00006000 08:06 3672132                    /home/christian/netbeans-8.1/java/maven/lib/plexus-sec-dispatcher-1.3.jar
7f7b04002000-7f7b04008000 r--s 0002b000 08:06 3672154                    /home/christian/netbeans-8.1/java/maven/lib/sisu-inject-plexus-2.3.0.jar
7f7b04008000-7f7b0400b000 r--s 0001d000 08:06 3672207                    /home/christian/netbeans-8.1/java/maven/lib/aether-impl-1.13.1.jar
7f7b0400b000-7f7b0400e000 r--s 00025000 08:06 3672211                    /home/christian/netbeans-8.1/java/maven/lib/maven-model-3.0.5.jar
7f7b0400e000-7f7b043b2000 rw-p 00000000 00:00 0 
7f7b043b2000-7f7b043b3000 ---p 00000000 00:00 0 
7f7b043b3000-7f7b044b3000 rw-p 00000000 00:00 0 
7f7b044b3000-7f7b044b4000 ---p 00000000 00:00 0 
7f7b044b4000-7f7b045b4000 rw-p 00000000 00:00 0 
7f7b045b4000-7f7b045b5000 ---p 00000000 00:00 0 
7f7b045b5000-7f7b046b5000 rw-p 00000000 00:00 0 
7f7b046b5000-7f7b046b6000 ---p 00000000 00:00 0 
7f7b046b6000-7f7b047d5000 rw-p 00000000 00:00 0 
7f7b047d5000-7f7b049a0000 ---p 00000000 00:00 0 
7f7b049a0000-7f7b049bf000 rw-p 00000000 00:00 0 
7f7b049bf000-7f7b04b8a000 ---p 00000000 00:00 0 
7f7b04b8a000-7f7b04bbd000 rw-p 00000000 00:00 0 
7f7b04bbd000-7f7b04c7f000 ---p 00000000 00:00 0 
7f7b04c7f000-7f7b04ca8000 rw-p 00000000 00:00 0 
7f7b04ca8000-7f7b05040000 ---p 00000000 00:00 0 
7f7b05040000-7f7b0505a000 r-xp 00000000 08:06 2760934                    /home/christian/jdk1.8.0_101/jre/lib/amd64/libzip.so
7f7b0505a000-7f7b0525a000 ---p 0001a000 08:06 2760934                    /home/christian/jdk1.8.0_101/jre/lib/amd64/libzip.so
7f7b0525a000-7f7b0525b000 rw-p 0001a000 08:06 2760934                    /home/christian/jdk1.8.0_101/jre/lib/amd64/libzip.so
7f7b0525b000-7f7b05266000 r-xp 00000000 08:06 3422177                    /lib/x86_64-linux-gnu/libnss_files-2.23.so
7f7b05266000-7f7b05465000 ---p 0000b000 08:06 3422177                    /lib/x86_64-linux-gnu/libnss_files-2.23.so
7f7b05465000-7f7b05466000 r--p 0000a000 08:06 3422177                    /lib/x86_64-linux-gnu/libnss_files-2.23.so
7f7b05466000-7f7b05467000 rw-p 0000b000 08:06 3422177                    /lib/x86_64-linux-gnu/libnss_files-2.23.so
7f7b05467000-7f7b0546d000 rw-p 00000000 00:00 0 
7f7b0546d000-7f7b05478000 r-xp 00000000 08:06 3420598                    /lib/x86_64-linux-gnu/libnss_nis-2.23.so
7f7b05478000-7f7b05677000 ---p 0000b000 08:06 3420598                    /lib/x86_64-linux-gnu/libnss_nis-2.23.so
7f7b05677000-7f7b05678000 r--p 0000a000 08:06 3420598                    /lib/x86_64-linux-gnu/libnss_nis-2.23.so
7f7b05678000-7f7b05679000 rw-p 0000b000 08:06 3420598                    /lib/x86_64-linux-gnu/libnss_nis-2.23.so
7f7b05679000-7f7b0568f000 r-xp 00000000 08:06 3422172                    /lib/x86_64-linux-gnu/libnsl-2.23.so
7f7b0568f000-7f7b0588e000 ---p 00016000 08:06 3422172                    /lib/x86_64-linux-gnu/libnsl-2.23.so
7f7b0588e000-7f7b0588f000 r--p 00015000 08:06 3422172                    /lib/x86_64-linux-gnu/libnsl-2.23.so
7f7b0588f000-7f7b05890000 rw-p 00016000 08:06 3422172                    /lib/x86_64-linux-gnu/libnsl-2.23.so
7f7b05890000-7f7b05892000 rw-p 00000000 00:00 0 
7f7b05892000-7f7b0589a000 r-xp 00000000 08:06 3422179                    /lib/x86_64-linux-gnu/libnss_compat-2.23.so
7f7b0589a000-7f7b05a99000 ---p 00008000 08:06 3422179                    /lib/x86_64-linux-gnu/libnss_compat-2.23.so
7f7b05a99000-7f7b05a9a000 r--p 00007000 08:06 3422179                    /lib/x86_64-linux-gnu/libnss_compat-2.23.so
7f7b05a9a000-7f7b05a9b000 rw-p 00008000 08:06 3422179                    /lib/x86_64-linux-gnu/libnss_compat-2.23.so
7f7b05a9b000-7f7b05ac5000 r-xp 00000000 08:06 2760924                    /home/christian/jdk1.8.0_101/jre/lib/amd64/libjava.so
7f7b05ac5000-7f7b05cc5000 ---p 0002a000 08:06 2760924                    /home/christian/jdk1.8.0_101/jre/lib/amd64/libjava.so
7f7b05cc5000-7f7b05cc7000 rw-p 0002a000 08:06 2760924                    /home/christian/jdk1.8.0_101/jre/lib/amd64/libjava.so
7f7b05cc7000-7f7b05cd4000 r-xp 00000000 08:06 2760901                    /home/christian/jdk1.8.0_101/jre/lib/amd64/libverify.so
7f7b05cd4000-7f7b05ed4000 ---p 0000d000 08:06 2760901                    /home/christian/jdk1.8.0_101/jre/lib/amd64/libverify.so
7f7b05ed4000-7f7b05ed6000 rw-p 0000d000 08:06 2760901                    /home/christian/jdk1.8.0_101/jre/lib/amd64/libverify.so
7f7b05ed6000-7f7b05edd000 r-xp 00000000 08:06 3422180                    /lib/x86_64-linux-gnu/librt-2.23.so
7f7b05edd000-7f7b060dc000 ---p 00007000 08:06 3422180                    /lib/x86_64-linux-gnu/librt-2.23.so
7f7b060dc000-7f7b060dd000 r--p 00006000 08:06 3422180                    /lib/x86_64-linux-gnu/librt-2.23.so
7f7b060dd000-7f7b060de000 rw-p 00007000 08:06 3422180                    /lib/x86_64-linux-gnu/librt-2.23.so
7f7b060de000-7f7b061e6000 r-xp 00000000 08:06 3422085                    /lib/x86_64-linux-gnu/libm-2.23.so
7f7b061e6000-7f7b063e5000 ---p 00108000 08:06 3422085                    /lib/x86_64-linux-gnu/libm-2.23.so
7f7b063e5000-7f7b063e6000 r--p 00107000 08:06 3422085                    /lib/x86_64-linux-gnu/libm-2.23.so
7f7b063e6000-7f7b063e7000 rw-p 00108000 08:06 3422085                    /lib/x86_64-linux-gnu/libm-2.23.so
7f7b063e7000-7f7b070b2000 r-xp 00000000 08:06 3543261                    /home/christian/jdk1.8.0_101/jre/lib/amd64/server/libjvm.so
7f7b070b2000-7f7b072b1000 ---p 00ccb000 08:06 3543261                    /home/christian/jdk1.8.0_101/jre/lib/amd64/server/libjvm.so
7f7b072b1000-7f7b0738a000 rw-p 00cca000 08:06 3543261                    /home/christian/jdk1.8.0_101/jre/lib/amd64/server/libjvm.so
7f7b0738a000-7f7b073d5000 rw-p 00000000 00:00 0 
7f7b073d5000-7f7b07594000 r-xp 00000000 08:06 3422173                    /lib/x86_64-linux-gnu/libc-2.23.so
7f7b07594000-7f7b07794000 ---p 001bf000 08:06 3422173                    /lib/x86_64-linux-gnu/libc-2.23.so
7f7b07794000-7f7b07798000 r--p 001bf000 08:06 3422173                    /lib/x86_64-linux-gnu/libc-2.23.so
7f7b07798000-7f7b0779a000 rw-p 001c3000 08:06 3422173                    /lib/x86_64-linux-gnu/libc-2.23.so
7f7b0779a000-7f7b0779e000 rw-p 00000000 00:00 0 
7f7b0779e000-7f7b077a1000 r-xp 00000000 08:06 3420597                    /lib/x86_64-linux-gnu/libdl-2.23.so
7f7b077a1000-7f7b079a0000 ---p 00003000 08:06 3420597                    /lib/x86_64-linux-gnu/libdl-2.23.so
7f7b079a0000-7f7b079a1000 r--p 00002000 08:06 3420597                    /lib/x86_64-linux-gnu/libdl-2.23.so
7f7b079a1000-7f7b079a2000 rw-p 00003000 08:06 3420597                    /lib/x86_64-linux-gnu/libdl-2.23.so
7f7b079a2000-7f7b079b7000 r-xp 00000000 08:06 3543315                    /home/christian/jdk1.8.0_101/lib/amd64/jli/libjli.so
7f7b079b7000-7f7b07bb7000 ---p 00015000 08:06 3543315                    /home/christian/jdk1.8.0_101/lib/amd64/jli/libjli.so
7f7b07bb7000-7f7b07bb8000 rw-p 00015000 08:06 3543315                    /home/christian/jdk1.8.0_101/lib/amd64/jli/libjli.so
7f7b07bb8000-7f7b07bd0000 r-xp 00000000 08:06 3422184                    /lib/x86_64-linux-gnu/libpthread-2.23.so
7f7b07bd0000-7f7b07dcf000 ---p 00018000 08:06 3422184                    /lib/x86_64-linux-gnu/libpthread-2.23.so
7f7b07dcf000-7f7b07dd0000 r--p 00017000 08:06 3422184                    /lib/x86_64-linux-gnu/libpthread-2.23.so
7f7b07dd0000-7f7b07dd1000 rw-p 00018000 08:06 3422184                    /lib/x86_64-linux-gnu/libpthread-2.23.so
7f7b07dd1000-7f7b07dd5000 rw-p 00000000 00:00 0 
7f7b07dd5000-7f7b07dfb000 r-xp 00000000 08:06 3422174                    /lib/x86_64-linux-gnu/ld-2.23.so
7f7b07dfb000-7f7b07e01000 r--s 0003e000 08:06 3672206                    /home/christian/netbeans-8.1/java/maven/lib/maven-compat-3.0.5.jar
7f7b07e01000-7f7b07e05000 r--s 00012000 08:06 3672214                    /home/christian/netbeans-8.1/java/maven/lib/aether-api-1.13.1.jar
7f7b07e05000-7f7b07e07000 r--s 0000a000 08:06 3672194                    /home/christian/netbeans-8.1/java/maven/lib/maven-settings-3.0.5.jar
7f7b07e07000-7f7b07e08000 r--s 00009000 08:06 3672222                    /home/christian/netbeans-8.1/java/maven/lib/commons-cli-1.2.jar
7f7b07e08000-7f7b07e09000 r--s 00002000 08:06 3672224                    /home/christian/netbeans-8.1/java/maven/lib/wagon-file-2.4.jar
7f7b07e09000-7f7b07e0b000 r--s 00009000 08:06 3672192                    /home/christian/netbeans-8.1/java/maven/lib/maven-embedder-3.0.5.jar
7f7b07e0b000-7f7b07e13000 r--s 0004e000 08:06 3672167                    /home/christian/netbeans-8.1/java/maven/lib/sisu-guice-3.1.0-no_aop.jar
7f7b07e13000-7f7b07ed4000 rw-p 00000000 00:00 0 
7f7b07ed4000-7f7b07ed7000 ---p 00000000 00:00 0 
7f7b07ed7000-7f7b07fd9000 rw-p 00000000 00:00 0 
7f7b07fd9000-7f7b07fdb000 r--s 0000d000 08:06 3672135                    /home/christian/netbeans-8.1/java/maven/lib/plexus-interpolation-1.14.jar
7f7b07fdb000-7f7b07fdd000 r--s 00002000 08:06 3672212                    /home/christian/netbeans-8.1/java/maven/lib/plexus-cipher-1.7.jar
7f7b07fdd000-7f7b07fe0000 r--s 00033000 08:06 3672205                    /home/christian/netbeans-8.1/java/maven/lib/plexus-utils-2.0.6.jar
7f7b07fe0000-7f7b07fe2000 r--s 00000000 08:06 3671862                    /home/christian/netbeans-8.1/java/maven/lib/plexus-component-annotations-1.5.5.jar
7f7b07fe2000-7f7b07fe4000 r--s 0000b000 08:06 3672179                    /home/christian/netbeans-8.1/java/maven/lib/wagon-provider-api-2.4.jar
7f7b07fe4000-7f7b07fe8000 r--s 0001c000 08:06 3672208                    /home/christian/netbeans-8.1/java/maven/lib/aether-util-1.13.1.jar
7f7b07fe8000-7f7b07fea000 r--s 0000c000 08:06 3672096                    /home/christian/netbeans-8.1/java/maven/lib/maven-aether-provider-3.0.5.jar
7f7b07fea000-7f7b07fec000 r--s 00006000 08:06 3672049                    /home/christian/netbeans-8.1/java/maven/lib/aether-connector-wagon-1.13.1.jar
7f7b07fec000-7f7b07fee000 r--s 0000a000 08:06 3672166                    /home/christian/netbeans-8.1/java/maven/boot/plexus-classworlds-2.4.jar
7f7b07fee000-7f7b07ff6000 rw-s 00000000 08:06 3290484                    /tmp/hsperfdata_christian/27966
7f7b07ff6000-7f7b07ff7000 rw-p 00000000 00:00 0 
7f7b07ff7000-7f7b07ff8000 ---p 00000000 00:00 0 
7f7b07ff8000-7f7b07ffa000 rw-p 00000000 00:00 0 
7f7b07ffa000-7f7b07ffb000 r--p 00025000 08:06 3422174                    /lib/x86_64-linux-gnu/ld-2.23.so
7f7b07ffb000-7f7b07ffc000 rw-p 00026000 08:06 3422174                    /lib/x86_64-linux-gnu/ld-2.23.so
7f7b07ffc000-7f7b07ffd000 rw-p 00000000 00:00 0 
7ffee27a8000-7ffee27c9000 rw-p 00000000 00:00 0                          [stack]
7ffee27f6000-7ffee27f8000 r--p 00000000 00:00 0                          [vvar]
7ffee27f8000-7ffee27fa000 r-xp 00000000 00:00 0                          [vdso]
ffffffffff600000-ffffffffff601000 r-xp 00000000 00:00 0                  [vsyscall]

VM Arguments:
jvm_args: -Dclassworlds.conf=/home/christian/netbeans-8.1/java/maven/bin/m2.conf -Dmaven.home=/home/christian/netbeans-8.1/java/maven 
java_command: org.codehaus.plexus.classworlds.launcher.Launcher -Dnetbeans.deploy=true -Dmaven.ext.class.path=/home/christian/netbeans-8.1/java/maven-nblib/netbeans-eventspy.jar package
java_class_path (initial): /home/christian/netbeans-8.1/java/maven/boot/plexus-classworlds-2.4.jar
Launcher Type: SUN_STANDARD

Environment Variables:
JAVA_HOME=/home/christian/jdk1.8.0_101
PATH=/home/christian/bin:/home/christian/.local/bin:/usr/local/sbin:/usr/local/bin:/usr/sbin:/usr/bin:/sbin:/bin:/usr/games:/usr/local/games:/snap/bin
LD_LIBRARY_PATH=/home/christian/jdk1.8.0_101/jre/lib/amd64:/home/christian/jdk1.8.0_101/jre/lib/i386:
SHELL=/bin/bash
DISPLAY=:0

Signal Handlers:
SIGSEGV: [libjvm.so+0xac4790], sa_mask[0]=11111111011111111101111111111110, sa_flags=SA_RESTART|SA_SIGINFO
SIGBUS: [libjvm.so+0xac4790], sa_mask[0]=11111111011111111101111111111110, sa_flags=SA_RESTART|SA_SIGINFO
SIGFPE: [libjvm.so+0x91f140], sa_mask[0]=11111111011111111101111111111110, sa_flags=SA_RESTART|SA_SIGINFO
SIGPIPE: [libjvm.so+0x91f140], sa_mask[0]=11111111011111111101111111111110, sa_flags=SA_RESTART|SA_SIGINFO
SIGXFSZ: [libjvm.so+0x91f140], sa_mask[0]=11111111011111111101111111111110, sa_flags=SA_RESTART|SA_SIGINFO
SIGILL: [libjvm.so+0x91f140], sa_mask[0]=11111111011111111101111111111110, sa_flags=SA_RESTART|SA_SIGINFO
SIGUSR1: SIG_DFL, sa_mask[0]=00000000000000000000000000000000, sa_flags=none
SIGUSR2: [libjvm.so+0x920770], sa_mask[0]=00100000000000000000000000000000, sa_flags=SA_RESTART|SA_SIGINFO
SIGHUP: [libjvm.so+0x921b70], sa_mask[0]=11111111011111111101111111111110, sa_flags=SA_RESTART|SA_SIGINFO
SIGINT: SIG_IGN, sa_mask[0]=00000000000000000000000000000000, sa_flags=none
SIGTERM: [libjvm.so+0x921b70], sa_mask[0]=11111111011111111101111111111110, sa_flags=SA_RESTART|SA_SIGINFO
SIGQUIT: [libjvm.so+0x921b70], sa_mask[0]=11111111011111111101111111111110, sa_flags=SA_RESTART|SA_SIGINFO


---------------  S Y S T E M  ---------------

OS:DISTRIB_ID=Ubuntu
DISTRIB_RELEASE=16.04
DISTRIB_CODENAME=xenial
DISTRIB_DESCRIPTION="Ubuntu 16.04.2 LTS"

uname:Linux 4.4.0-71-generic #92-Ubuntu SMP Fri Mar 24 12:59:01 UTC 2017 x86_64
libc:glibc 2.23 NPTL 2.23 
rlimit: STACK 8192k, CORE 0k, NPROC 23342, NOFILE 65536, AS infinity
load average:9,45 2,77 1,61

/proc/meminfo:
MemTotal:        6016240 kB
MemFree:           96412 kB
MemAvailable:      16352 kB
Buffers:            1336 kB
Cached:           713000 kB
SwapCached:          468 kB
Active:          4559108 kB
Inactive:        1052104 kB
Active(anon):    4548264 kB
Inactive(anon):  1041000 kB
Active(file):      10844 kB
Inactive(file):    11104 kB
Unevictable:          64 kB
Mlocked:              64 kB
SwapTotal:       3998716 kB
SwapFree:              0 kB
Dirty:                12 kB
Writeback:             0 kB
AnonPages:       4897428 kB
Mapped:            88248 kB
Shmem:            691508 kB
Slab:             126696 kB
SReclaimable:      70548 kB
SUnreclaim:        56148 kB
KernelStack:       19152 kB
PageTables:        89684 kB
NFS_Unstable:          0 kB
Bounce:                0 kB
WritebackTmp:          0 kB
CommitLimit:     7006836 kB
Committed_AS:   18945264 kB
VmallocTotal:   34359738367 kB
VmallocUsed:           0 kB
VmallocChunk:          0 kB
HardwareCorrupted:     0 kB
AnonHugePages:    950272 kB
CmaTotal:              0 kB
CmaFree:               0 kB
HugePages_Total:       0
HugePages_Free:        0
HugePages_Rsvd:        0
HugePages_Surp:        0
Hugepagesize:       2048 kB
DirectMap4k:      727328 kB
DirectMap2M:     5470208 kB


CPU:total 4 (2 cores per cpu, 2 threads per core) family 6 model 42 stepping 7, cmov, cx8, fxsr, mmx, sse, sse2, sse3, ssse3, sse4.1, sse4.2, popcnt, avx, aes, clmul, ht, tsc, tscinvbit

/proc/cpuinfo:
processor	: 0
vendor_id	: GenuineIntel
cpu family	: 6
model		: 42
model name	: Intel(R) Core(TM) i5-2450M CPU @ 2.50GHz
stepping	: 7
microcode	: 0x29
cpu MHz		: 2899.902
cache size	: 3072 KB
physical id	: 0
siblings	: 4
core id		: 0
cpu cores	: 2
apicid		: 0
initial apicid	: 0
fpu		: yes
fpu_exception	: yes
cpuid level	: 13
wp		: yes
flags		: fpu vme de pse tsc msr pae mce cx8 apic sep mtrr pge mca cmov pat pse36 clflush dts acpi mmx fxsr sse sse2 ss ht tm pbe syscall nx rdtscp lm constant_tsc arch_perfmon pebs bts rep_good nopl xtopology nonstop_tsc aperfmperf eagerfpu pni pclmulqdq dtes64 monitor ds_cpl vmx est tm2 ssse3 cx16 xtpr pdcm pcid sse4_1 sse4_2 x2apic popcnt tsc_deadline_timer aes xsave avx lahf_lm epb tpr_shadow vnmi flexpriority ept vpid xsaveopt dtherm ida arat pln pts
bugs		:
bogomips	: 4989.01
clflush size	: 64
cache_alignment	: 64
address sizes	: 36 bits physical, 48 bits virtual
power management:

processor	: 1
vendor_id	: GenuineIntel
cpu family	: 6
model		: 42
model name	: Intel(R) Core(TM) i5-2450M CPU @ 2.50GHz
stepping	: 7
microcode	: 0x29
cpu MHz		: 2899.902
cache size	: 3072 KB
physical id	: 0
siblings	: 4
core id		: 1
cpu cores	: 2
apicid		: 2
initial apicid	: 2
fpu		: yes
fpu_exception	: yes
cpuid level	: 13
wp		: yes
flags		: fpu vme de pse tsc msr pae mce cx8 apic sep mtrr pge mca cmov pat pse36 clflush dts acpi mmx fxsr sse sse2 ss ht tm pbe syscall nx rdtscp lm constant_tsc arch_perfmon pebs bts rep_good nopl xtopology nonstop_tsc aperfmperf eagerfpu pni pclmulqdq dtes64 monitor ds_cpl vmx est tm2 ssse3 cx16 xtpr pdcm pcid sse4_1 sse4_2 x2apic popcnt tsc_deadline_timer aes xsave avx lahf_lm epb tpr_shadow vnmi flexpriority ept vpid xsaveopt dtherm ida arat pln pts
bugs		:
bogomips	: 4989.01
clflush size	: 64
cache_alignment	: 64
address sizes	: 36 bits physical, 48 bits virtual
power management:

processor	: 2
vendor_id	: GenuineIntel
cpu family	: 6
model		: 42
model name	: Intel(R) Core(TM) i5-2450M CPU @ 2.50GHz
stepping	: 7
microcode	: 0x29
cpu MHz		: 2762.011
cache size	: 3072 KB
physical id	: 0
siblings	: 4
core id		: 0
cpu cores	: 2
apicid		: 1
initial apicid	: 1
fpu		: yes
fpu_exception	: yes
cpuid level	: 13
wp		: yes
flags		: fpu vme de pse tsc msr pae mce cx8 apic sep mtrr pge mca cmov pat pse36 clflush dts acpi mmx fxsr sse sse2 ss ht tm pbe syscall nx rdtscp lm constant_tsc arch_perfmon pebs bts rep_good nopl xtopology nonstop_tsc aperfmperf eagerfpu pni pclmulqdq dtes64 monitor ds_cpl vmx est tm2 ssse3 cx16 xtpr pdcm pcid sse4_1 sse4_2 x2apic popcnt tsc_deadline_timer aes xsave avx lahf_lm epb tpr_shadow vnmi flexpriority ept vpid xsaveopt dtherm ida arat pln pts
bugs		:
bogomips	: 4989.01
clflush size	: 64
cache_alignment	: 64
address sizes	: 36 bits physical, 48 bits virtual
power management:

processor	: 3
vendor_id	: GenuineIntel
cpu family	: 6
model		: 42
model name	: Intel(R) Core(TM) i5-2450M CPU @ 2.50GHz
stepping	: 7
microcode	: 0x29
cpu MHz		: 2899.902
cache size	: 3072 KB
physical id	: 0
siblings	: 4
core id		: 1
cpu cores	: 2
apicid		: 3
initial apicid	: 3
fpu		: yes
fpu_exception	: yes
cpuid level	: 13
wp		: yes
flags		: fpu vme de pse tsc msr pae mce cx8 apic sep mtrr pge mca cmov pat pse36 clflush dts acpi mmx fxsr sse sse2 ss ht tm pbe syscall nx rdtscp lm constant_tsc arch_perfmon pebs bts rep_good nopl xtopology nonstop_tsc aperfmperf eagerfpu pni pclmulqdq dtes64 monitor ds_cpl vmx est tm2 ssse3 cx16 xtpr pdcm pcid sse4_1 sse4_2 x2apic popcnt tsc_deadline_timer aes xsave avx lahf_lm epb tpr_shadow vnmi flexpriority ept vpid xsaveopt dtherm ida arat pln pts
bugs		:
bogomips	: 4989.01
clflush size	: 64
cache_alignment	: 64
address sizes	: 36 bits physical, 48 bits virtual
power management:



Memory: 4k page, physical 6016240k(95808k free), swap 3998716k(0k free)

vm_info: Java HotSpot(TM) 64-Bit Server VM (25.101-b13) for linux-amd64 JRE (1.8.0_101-b13), built on Jun 22 2016 02:59:44 by "java_re" with gcc 4.3.0 20080428 (Red Hat 4.3.0-8)

time: Sat Apr  8 22:21:51 2017
elapsed time: 12 seconds (0d 0h 0m 12s)

